[00:26:00] [Server thread/INFO]: Time_origin[/110.76.126.190:51762] logged in with entity id 89509 at ([world]102.3318316742675, 78.0, 252.69000236171036)
[00:26:45] [Server thread/INFO]: topology[/210.117.73.64:18592] logged in with entity id 91469 at ([world]117.56495014571534, 69.0, 272.23776680366694)
[00:26:49] [Netty Server IO #0/INFO]: <Time_origin> ã…ã…‡ã…ã…‡[m
[00:26:51] [Netty Server IO #3/INFO]: <topology> ã…ã…‡ã…ã…‡[m
[00:26:58] [Netty Server IO #3/INFO]: <topology> ã…Šã…ã…ã„´ã…ã…ã…œã„±ã… ã…Šã…ã… ã…‚ã…œã…ˆã…—ã„±ã…ã…[m
[00:26:58] [Netty Server IO #3/INFO]: <topology> ã… ã… ã… [m
[00:27:02] [Netty Server IO #0/INFO]: <Time_origin> ã… ã… ã… ã… [m
[00:27:05] [Netty Server IO #0/INFO]: <Time_origin> ë‚´ê°€ ê°–ë‹¤ ì¤„ê²Œ[m
[00:27:07] [Netty Server IO #3/INFO]: <topology> ã…‡ã…—ã…‡ã…—ã…‡ã…—[m
[00:28:06] [Netty Server IO #3/INFO]: <topology> ã…ã…œã…“ã„±ã… ã…‡ã…£ã„¹ã…‹ã…” ã…ã…ã„´ã…ã…‡ã…ã…‹ã…‹ã…‹ã…‹ã…‹[m
[00:28:18] [Netty Server IO #0/INFO]: <Time_origin> ìŠ¹ìš°ì˜¤ë¹  ì¼ì€ ìƒë‹¤ì´ ë§ˆìŒì— ì•„í”ˆê±¸[m
[00:28:18] [Netty Server IO #0/INFO]: <Time_origin> ë¨¸ê°€ ã…ã…[m
[00:28:25] [Netty Server IO #3/INFO]: <topology> ã…Šã…”ã……ã…¡ã…Œã…¡ã…‡ã…” ã„´ã…“ã…ã…‡ã…¡ã„´ã„±ã…“[m
[00:28:26] [Netty Server IO #3/INFO]: <topology> ã…ã…ã…ˆã…‡ã…[m
[00:28:27] [Netty Server IO #3/INFO]: <topology> ã… ã… [m
[00:28:37] [Netty Server IO #3/INFO]: <topology> ã„´ã…ã„±ã… ã„±ã…¡ã„¹ã…“ã„´ ã…‡ã…£ã„¹ã…‡ã…¡ã„¹ ã„·ã…ã…‡ã…ã…ã…†ã„·ã…ã…ã…•ã„´[m
[00:28:39] [Netty Server IO #3/INFO]: <topology> ã…ã…—ã…ã„´ã…ˆã…ã…‡ã…ã…ã…†ã…‡ã…¡ã„¹ã…Œã…”ã„´ã„·ã…”[m
[00:28:49] [Netty Server IO #0/INFO]: <Time_origin> ì§‘ì— ë¨¹ì„ê²Œ ìˆë‚˜?[m
[00:28:57] [Server thread/WARN]: Time_origin moved too quickly! -3.0386652589012755,-1.0784000015258783,11.228434409165857
[00:28:57] [Netty Server IO #3/INFO]: <topology> ã……ã…—ã„´ã…¡ã„´ ã…ã…ã„´ã…ã…‡ã…¡ã„´ã„·ã…”[m
[00:28:59] [Netty Server IO #3/INFO]: <topology> ã…‹ã…‹ã…‹ã…‹ã…‹[m
[00:29:09] [Netty Server IO #3/INFO]: <topology> ã…ã…œã„´ã…ˆã…”ã„´ã…¡ã„´ ã……ã…“ã„±ã…Œã…ã„´ã„·ã…— ã…‡ã…“ã…‚ã……ã…‡ã…“[m
[00:29:23] [Netty Server IO #0/INFO]: <Time_origin> tì™€ ë ‰ ëŒ€ë°•[m
[00:29:23] [Server thread/WARN]: Time_origin moved too quickly! -9.17511980375653,-4.0,0.4344218447052981
[00:29:23] [Netty Server IO #0/INFO]: <Time_origin> ìŒ...[m
[00:29:32] [Netty Server IO #0/INFO]: <Time_origin> ê³„ë‹¨ì„ ë²—ì–´ë‚ ìˆ˜ê°€ ì—†ë„¤[m
[00:29:37] [Netty Server IO #3/INFO]: <topology> ã…‹ã…‹ã…‹ã…‹ã…‹ã… ã… ã… ã… [m
[00:29:43] [Netty Server IO #0/INFO]: <Time_origin> ì†Œë•Œë¬¸ì´ ë¶„ëª…í•˜ë‹¤[m
[00:29:46] [Netty Server IO #0/INFO]: <Time_origin> ë‹¤ ì—†ì• ë²„ë ¤ì•¼ì§€[m
[00:29:48] [Netty Server IO #3/INFO]: <topology> ã…‹ã…‹ã…‹ã…‹ã…‹ã…‹ã…‹ã…‹ã…‹ã…‹[m
[00:29:57] [Netty Server IO #0/INFO]: <Time_origin> ã…‹ã…‹ã…‹ã…‹ã…‹ã…‹ã…‹ã…‹ã…‹ã…‹ã…‹ã…‹ã…‹ã…‹ã…‹ã…‹ã…‹ã…‹ã…‹ã…‹ã…‹ã…‹ã…‹ã…‹ã…‹ã…‹[m
[00:30:07] [Netty Server IO #0/INFO]: <Time_origin> ë‚¨ì¡°ê°€ ê°ìë°­ì„ ë‹¤ ë°€ë°­ã…Œìœ¼ë¡œ ë§Œë“¤ì–´ë†¨ì–´[m
[00:30:14] [Netty Server IO #0/INFO]: <Time_origin> ëª©ì ì´ ë„ˆë¬´ ë¶„ëª…í•œë°[m
[00:30:14] [Netty Server IO #3/INFO]: <topology> ã„·ã„·ã„·ã„·[m
[00:30:21] [Netty Server IO #3/INFO]: <topology> ã…‹ã…‹ã…‹ã…‹ã…‹ã…‹ã…‹ã…‹ã…‹ã…‹ã…‹ã…‹ã…‹ã…‹ã…‹ã…‹ã…‹ã…‹ã…‹ã…‹ã…‹ã…‹ã…‹ã…‹ã…‹ã…‹ã…‹ã…‹ã…‹ã…‹ã…‹ã…‹ã…‹[m
[00:32:29] [Server thread/INFO]: [Server] ?????
[00:32:33] [Netty Server IO #0/INFO]: <Time_origin> ã…‹ã…‹ã…‹ã…‹ã…‹ã…‹ã…‹ã…‹ã…‹ã…‹[m
[00:32:40] [Netty Server IO #0/INFO]: <Time_origin> ë‚¨ì¡°í•œí…Œ ì†Œì¡ëŠ”ê±° ë“¤í‚´;[m
[00:33:01] [Netty Server IO #0/INFO]: <Time_origin> ì•½íƒˆ ì¹¼ ë§Œë“¤ì–´ì„œ ì¡ì•„ì•¼ê² ë‹¤[m
[00:33:07] [Server thread/INFO]: [Server] ????????????????????????????????????
[00:33:13] [Server thread/INFO]: namjo[/192.168.0.6:49165] logged in with entity id 104731 at ([world]100.06025734558497, 71.0, 253.97987335169813)
[00:33:15] [Netty Server IO #0/INFO]: <Time_origin> ã„·ã„·ã„·[m
[00:33:20] [Server thread/WARN]: Can't keep up! Did the system time change, or is the server overloaded? Running 2573ms behind, skipping 51 tick(s)
[00:33:20] [Netty Server IO #0/INFO]: <Time_origin> ë‚¨ì¡°ë¥¼ ë¶ˆëŸ¬ë“¤ì¼ì •ë„ë‚˜[m
[00:33:28] [Netty Server IO #4/INFO]: <namjo> ã…ã…œã…“ã…‡ã…‘[m
[00:33:29] [Netty Server IO #0/INFO]: <Time_origin> ë‚¨ì¡° ã…ã…‡[m
[00:33:29] [Netty Server IO #4/INFO]: <namjo> ã…ã…œã…“ã…‡ã…‘[m
[00:33:31] [Netty Server IO #4/INFO]: <namjo> ã…ã…œã…“ã…‡ã…‘[m
[00:33:32] [Netty Server IO #3/INFO]: <topology> ã…ã…[m
[00:33:35] [Netty Server IO #3/INFO]: <topology> ã„²ã…œã„¹ã…ˆã…ã…[m
[00:33:35] [Netty Server IO #0/INFO]: <Time_origin> ??[m
[00:33:36] [Netty Server IO #0/INFO]: <Time_origin> ì™œ[m
[00:33:46] [Netty Server IO #4/INFO]: <namjo> ã„´ã…“ã„±ã…[m
[00:33:47] [Server thread/WARN]: Can't keep up! Did the system time change, or is the server overloaded? Running 11925ms behind, skipping 238 tick(s)
[00:33:48] [Netty Server IO #4/INFO]: <namjo> ã„´ã… ã……ã…—ã„¹ã…¡ã„¹[m
[00:33:50] [Netty Server IO #4/INFO]: <namjo> ã…ˆã…ã…‚ã…‡ã…ã…†ã„±ã…”ã…†ã„·ã…?[m
[00:33:54] [Netty Server IO #0/INFO]: <Time_origin> ã…‹ã…‹ã…‹ã…‹ã…‹ã…‹ã…‹ã…‹ã…‹ã…‹ã…‹ã…‹ã…‹ã…‹ã…‹ã…‹ã…‹ã…‹ã…‹ã…‹ã…‹ã…‹ã…‹[m
[00:33:55] [Server thread/WARN]: Can't keep up! Did the system time change, or is the server overloaded? Running 2773ms behind, skipping 55 tick(s)
[00:33:55] [Netty Server IO #4/INFO]: <namjo> ã„±ã…ã…ã…ˆã…ã…‡ã…¡ã…£ ã…†ã…£ã„¹ã…¡ã„¹ ã…ã…ã„¹ã„¹ã…•ã…ˆã…œã…ˆã…£[m
[00:33:56] [Netty Server IO #0/INFO]: <Time_origin> ì•„[m
[00:34:02] [Netty Server IO #0/INFO]: <Time_origin> ë‚¨ì¡° ì¡¸ê·€ ã… ã… ã… ã… [m
[00:34:05] [Netty Server IO #0/INFO]: <Time_origin> ì—‡[m
[00:34:08] [Netty Server IO #0/INFO]: <Time_origin> ã…‹ã…‹ã…‹ã…‹ã…‹ã…‹ã…‹ã…‹ã…‹ã…‹ã…‹ã…‹ã…‹ã…‹ã…‹ã…‹[m
[00:34:14] [Netty Server IO #0/INFO]: <Time_origin> ì´ë¯¸ ã„±ë§ë¼ê°€ê³ ëŠ”ë° ã… ã… [m
[00:34:18] [Netty Server IO #4/INFO]: <namjo> ?????[m
[00:34:22] [Netty Server IO #4/INFO]: <namjo> ã„´ã… ã…ã…—ã…ã„±ã…ˆã…ã…‡ã…ã…ã„´ã„±ã…“ã…‚ã…ã„²ã…‡ã…” ã…‡ã…“ã…‚ã……ã…‡ã…¡ã…[m
[00:34:27] [Netty Server IO #3/INFO]: <topology> ã„±ã…ã…‡ã…œã……ã„±ã…£ã„´ã…”ã…‹ã…‹ã…‹ã…‹ã…‹ã…‹ã…‹ã…‹ã…‹ã…‹[m
[00:34:35] [Netty Server IO #4/INFO]: <namjo> ã…ã…£ã…Šã…£ã„´[m
[00:34:37] [Netty Server IO #4/INFO]: <namjo> ã……ã…— ã…ˆã„´ ã…ã…ã„´ã…ã…‡ã…[m
[00:34:39] [Netty Server IO #0/INFO]: <Time_origin> ê°ìê°€ ë‘ã„¹ì¤„ë°–ì— ì—†ëŠ”ë°?[m
[00:34:42] [Netty Server IO #4/INFO]: <namjo> ã…ˆã…—ã… ã…ˆã…œã„±ã…‡ã…£ã„¹ ã…ã…£ã„¹ã…‡ã…›ã„±ã… ã…‡ã…£ã…†ã„·ã…[m
[00:34:43] [Netty Server IO #4/INFO]: <namjo> ????????[m
[00:34:50] [Netty Server IO #4/INFO]: <namjo> ã„´ã… ã…‡ã…£ã…†ã„´ã…¡ã„´ ã„±ã…ã…ã…ˆã…ã„¹ã…¡ã„¹ ã…ˆã…£ã…‡ã…œã„±ã…— ã…ã…£ã„¹ã…‡ã…¡ã„¹ ã„²ã…ã„¹ã…ˆã…£ã„´ ã…‡ã…ã„´ã…ã…‡ã…[m
[00:34:56] [Netty Server IO #4/INFO]: <namjo> ã„¹ã…”ã„± ã…ˆã…—ã… ã……ã…£ã…ã…ã…ã„·ã…[m
[00:34:59] [Netty Server IO #4/INFO]: <namjo> ã……ã…— ã…ˆã…œã„±ã…‡ã…£ã„¹ã……ã…ã„¹ã…ã…?[m
[00:35:03] [Netty Server IO #0/INFO]: <Time_origin> ë‚˜ë‚˜[m
[00:35:07] [Netty Server IO #4/INFO]: <namjo> ã…‹ã…“ã…[m
[00:35:10] [Netty Server IO #0/INFO]: <Time_origin> ë ˆë²¨ 1ë§Œ ëŠ˜ë ¤ì„œ[m
[00:35:14] [Netty Server IO #0/INFO]: <Time_origin> ì•½íƒˆ ë˜ëŠ”ì§€ ë³´ê³ [m
[00:35:33] [Netty Server IO #0/INFO]: <Time_origin> ì•„ê¹Œ ë ‰ë•Œë¬¸ì—[m
[00:35:39] [Netty Server IO #0/INFO]: <Time_origin> ì§‘ã„´ì—ì„œ ë²—ì–´ë‚˜ì§ˆ ëª»í•´ì„œ[m
[00:35:41] [Netty Server IO #0/INFO]: <Time_origin> ì£½ì´ë ¤ê³ ì§€ ã…ã…[m
[00:35:45] [Netty Server IO #4/INFO]: <namjo> ã…‡ã…£ã„¹ã„¹ã…—ã…‡ã…—ã…ã…‚ã…—ã…[m
[00:36:00] [Netty Server IO #0/INFO]: <Time_origin> ã…‹ã…‹ã…‹ã…‹ã…‹ã…‹ã…‹ã…‹[m
[00:36:04] [Netty Server IO #0/INFO]: <Time_origin> ë°œí™” ì¹¼ìˆë„¤[m
[00:36:06] [Netty Server IO #4/INFO]: <namjo> ã…‹ã…‹ã…‹ã…‹ã…‹ã…‹ã…‹ã…‹ã…‹ã…‹ã…‹[m
[00:36:08] [Netty Server IO #4/INFO]: <namjo> ã…‚ã…ã„¹ã…ã…—ã… ã…ã…—ã…ã„¹ã…‡ã…£ã…[m
[00:36:14] [Netty Server IO #0/INFO]: <Time_origin> ì•„ë‹ˆ[m
[00:36:14] [Netty Server IO #0/INFO]: <Time_origin> í™œì´êµ°[m
[00:36:24] [Netty Server IO #0/INFO]: <Time_origin> ã… ã… [m
[00:36:38] [Netty Server IO #0/INFO]: <Time_origin> ì•—[m
[00:36:44] [Netty Server IO #0/INFO]: <Time_origin> ê²½í—˜ì¹˜ ë¨¹ë„¤[m
[00:37:01] [Netty Server IO #0/INFO]: <Time_origin> ëƒ ëƒ [m
[00:37:13] [Netty Server IO #4/INFO]: <namjo> ã„¹ã…”ã…‚ã…”ã„¹ã…‡ã…“ã…‚ ã…‹ã…‹ã…‹[m
[00:37:14] [Netty Server IO #0/INFO]: <Time_origin> êµ½ì§€ ì•Šì•„ë„ ëœë‹¤ë‹ˆ í›Œë¥­í•˜êµ°[m
[00:37:14] [Netty Server IO #4/INFO]: <namjo> ã…ˆã…ã…ˆã…[m
[00:37:24] [Netty Server IO #0/INFO]: <Time_origin> ã…‹ã…‹ã…‹ã…‹ã…‹[m
[00:37:29] [Netty Server IO #0/INFO]: <Time_origin> ã„± ë§Œ ì´[m
[00:38:00] [Netty Server IO #0/INFO]: <Time_origin> ììë”ë‹ˆ[m
[00:38:02] [Netty Server IO #0/INFO]: <Time_origin> ã…‹ã…‹ã…‹[m
[00:38:12] [Netty Server IO #4/INFO]: <namjo> ã…ˆã…ã…ˆã…ã…ˆã…ã…ˆã…[m
[00:38:18] [Netty Server IO #0/INFO]: <Time_origin> ë‚˜ ë°–ì—ì„œ ìê³ ìˆìŒ[m
[00:38:20] [Netty Server IO #4/INFO]: <namjo> ã…‡ã…[m
[00:38:22] [Netty Server IO #0/INFO]: <Time_origin> ã…ˆã…ˆ[m
[00:38:23] [Netty Server IO #4/INFO]: <namjo> ã…ˆã…œã„´ã…ã…•ã…‡?[m
[00:38:26] [Netty Server IO #4/INFO]: <namjo> ã…ˆã…œã„´ã…ã…•ã…‡ã…“ã…‡?[m
[00:38:29] [Netty Server IO #0/INFO]: <Time_origin> ã…‡ã„´[m
[00:38:33] [Server thread/INFO]: topology lost connection: Kicked by an operator.
[00:38:33] [Server thread/INFO]: topology left the game
[00:38:33] [Server thread/INFO]: Kicked topology from the game
[00:38:38] [Netty Server IO #4/INFO]: <namjo> ã…ƒã…ã„¹ã…¡ã„´ ã…‹ã…£ã„±[m
[00:38:40] [Netty Server IO #0/INFO]: <Time_origin> ;[m
[00:38:49] [Netty Server IO #4/INFO]: <namjo> ã…‡ã…ã„´ã…ˆã…ã„±ã…— ã…ã…œã…“ã…ã…ã…†ã…‡ã…“[m
[00:38:50] [Netty Server IO #4/INFO]: <namjo> ã… ã… [m
[00:39:10] [Server thread/INFO]: topology[/210.117.73.64:18609] logged in with entity id 115022 at ([world]89.44149190968601, 78.05057647189082, 263.6327795194268)
[00:39:14] [Netty Server IO #5/INFO]: <topology> ã„±ã…ã…‚ã…ˆã…ã„±ã…£ ã…‹ã…“ã…ã…ã… ã…Œã…“ã„±ã…[m
[00:39:16] [Netty Server IO #5/INFO]: <topology> ã…ã…ã……ã…Œã…ã…‡ã…‡ã…£ã„±ã… ã„±ã…ã…[m
[00:39:20] [Netty Server IO #5/INFO]: <topology> ã…ˆã……[m
[00:39:42] [Netty Server IO #0/INFO]: <Time_origin> ë¬´ë„ˆì§€ ë³´ë¥´ì§€ë§Œ ë ‰ì´ ì•„ì£¼ ì œëŒ€ë¡œë„¤[m
[00:40:02] [Netty Server IO #5/INFO]: <topology> ã…‡ã…‘[m
[00:40:04] [Netty Server IO #5/INFO]: <topology> ã…‡ã…—ã… ã…ˆã…£ã…‚ã…‡ã…”[m
[00:40:05] [Netty Server IO #5/INFO]: <topology> ã…‹ã…¡ã„¹ã…£ã…ã…“ã„±ã…[m
[00:40:10] [Netty Server IO #4/INFO]: <namjo> ã…‹ã…‹ã…‹ã…‹ã…‹ã…‹ã…‹ã…‹ã…‹ã…‹ã…‹ã…‹ã…‹ã…‹ã…‹ã…‹ã…‹ã…‹ã…‹ã…‹ã…‹ã…‹ã…‹ã…‹ã…‹ã…‹ã…‹ã…‹ã…‹[m
[00:40:13] [Netty Server IO #0/INFO]: <Time_origin> í›„..[m
[00:40:13] [Netty Server IO #4/INFO]: <namjo> ã…Œã…“ã…ˆã…£ã„´ã…¡ã„´ ã……ã…—ã„¹ã…£ ã„·ã…¡ã„¹ã„¹ã…•ã…†ã„·ã…[m
[00:40:17] [Netty Server IO #5/INFO]: <topology> ã„±ã…¡ã„±ã…“ ã…‡ã…ã„´ã…£ã…[m
[00:40:24] [Netty Server IO #4/INFO]: <namjo> ã…ã…•ã„´ã…‡ã…£ã„±ã…?[m
[00:41:24] [Netty Server IO #0/INFO]: <Time_origin> ë ‰ ì´ê±° ì§„ì§œ ì†Œë•Œë¬¸?[m
[00:41:33] [Netty Server IO #0/INFO]: <Time_origin> í¬ë¦¬í¼ê°€ ìˆœê°•ã…ì´ë™í•´ì„œ í„°ì§€ëŠ”ë° ã… ã… [m
[00:41:36] [Netty Server IO #4/INFO]: <namjo> ã„·ã„·[m
[00:41:57] [Netty Server IO #5/INFO]: <topology> ã……ã…—ã„¹ã…¡ã„¹ ã…ˆã…ã…‚ã…ˆã…[m
[00:42:11] [Netty Server IO #5/INFO]: <topology> ã…‹ã…‹ã…‹ã…‹ã…‹ã…‹[m
[00:42:15] [Netty Server IO #5/INFO]: <topology> ã„´ã…—ã…‡ã…ˆã…ã…‡ã…‡ã…”ã……ã…“ ã…‚ã…œã„¹ã„±ã…£ã„¹ã…‡ã…£...[m
[00:42:22] [Netty Server IO #0/INFO]: <Time_origin> ã…‹ã…‹ã…‹ã…‹[m
[00:42:31] [Netty Server IO #5/INFO]: <topology> ã…ã…Š[m
[00:42:38] [Netty Server IO #4/INFO]: <namjo> ã…ˆã…œã„±ã…‡ã…£ã„±ã…— ã…ˆã…œã„±ã…‡ã…•ã„·ã…—[m
[00:42:40] [Netty Server IO #4/INFO]: <namjo> ã„²ã…¡ã…Œã…‡ã…£ ã…‡ã…“ã…‚ã……ã„·ã…[m
[00:42:49] [Netty Server IO #0/INFO]: <Time_origin> íš¨ìœ¨ë„ë¼ë¥¼ ë§Œë“¤ì[m
[00:43:16] [Netty Server IO #0/INFO]: <Time_origin> í™œì—ë„ ì•½íƒˆ ë¶™ë‚˜?[m
[00:43:21] [Netty Server IO #5/INFO]: <topology> ã„´ã„´[m
[00:43:39] [Netty Server IO #5/INFO]: <topology> ã…‡ã…—ã…ã…ˆã…£ã„´ã…‰ã… ã…‡ã…—ã…ã…‡ã…£ã„¹ã…“ã…ã„±ã…” ã…ã…ã„´ã…ã„´ã…‘ã…‹ã…‹ã…‹ã…‹ã…‹ã…‹[m
[00:43:52] [Server thread/WARN]: Time_origin moved too quickly! 9.742081700621938,1.0,-9.436450378137636
[00:43:52] [Netty Server IO #4/INFO]: <namjo> ã…‡ã…£ã…ˆã…” ã„±ã…¡ã…ã…ã„´ ã…ˆã…œã„±ã…‡ã…£ã…ˆã… ã…‹ã…‹ã…‹ã…‹ã…‹ã…‹ã…‹ã…‹ã…‹ã…‹ã…‹ã…‹ã…‹ã…‹ã…‹ã…‹ã…‹ã…‹ã…‹ã…‹ã…‹ã…‹ã…‹ã…‹ã…‹ã…‹[m
[00:44:06] [Netty Server IO #5/INFO]: <topology> ã…‡ã…—ã…[m
[00:44:08] [Netty Server IO #4/INFO]: <namjo> ã„±ã…—ã„±ã…£ã„±ã… 240ã„±ã…ã…‡ã…‘[m
[00:44:09] [Netty Server IO #5/INFO]: <topology> ã……ã…— ã„·ã…—ã…Šã…œã„±ã…ã…ã„±ã…— ã„´ã…ã…†ã„·ã…“ã„´ã…£ ã„·ã…—ã„²ã…£ã„±ã… ã……ã…ã„¹ã…ã…ˆã…•ã…†ã…‡ã…“[m
[00:44:16] [Netty Server IO #0/INFO]: <Time_origin> ã…‹ã…‹ã…‹ã…‹ã…‹ã…‹ã…‹ã…‹[m
[00:44:22] [Netty Server IO #4/INFO]: <namjo> ã„±ã…—ã„±ã…£ã„±ã…[m
[00:44:24] [Netty Server IO #4/INFO]: <namjo> 240ã„±ã…ã…‡ã…‘[m
[00:44:25] [Netty Server IO #4/INFO]: <namjo> 240...[m
[00:44:28] [Netty Server IO #5/INFO]: <topology> ã„´ã…ã„·ã…— 47ã„±ã…[m
[00:44:30] [Netty Server IO #5/INFO]: <topology> ã„±ã…¡ã„´ã„·ã…” ã…‡ã…œã„¹ã…£[m
[00:44:32] [Netty Server IO #4/INFO]: <namjo> ã…ã…•ã„´ã…‡ã…£ã„´ã…¡ã„´?[m
[00:44:32] [Netty Server IO #5/INFO]: <topology> ã……ã…“ã„±ã…Œã…ã„´ã…‡ã…£ ã…‡ã…“ã…‚ã……ã…‡ã…¡ã…[m
[00:44:33] [Netty Server IO #5/INFO]: <topology> ã…ã…ã…[m
[00:44:39] [Netty Server IO #0/INFO]: <Time_origin> ê³¡ê´­ì´ì— ì„¬ì„¸í•œì†ê¸¸ ë¶™ì´ë©´ ì–´ë¯ê²Œ ë˜ì§€?[m
[00:44:39] [Netty Server IO #4/INFO]: <namjo> ã„´ã… 240ã„±ã… ã…ˆã…“ã„´ã…‚ã…œ ã„±ã…œã…‡ã…œã…“ã…ˆã…£ã„´ ã„±ã…—ã„±ã…£ ã…‹ã…‹[m
[00:44:44] [Netty Server IO #5/INFO]: <topology> ã……ã…“ã„±ã…Œã…ã„´ã…‹ã…ã„¹ã…“ ã„±ã…ã……ã…£ã„¹ã…‚ã…œã„´ ã„±ã…œã…ã…ã…[m
[00:44:48] [Netty Server IO #5/INFO]: <topology> ã„·ã„·ã„·ã„·[m
[00:44:55] [Netty Server IO #4/INFO]: <namjo> ã„´ã…[m
[00:45:14] [Netty Server IO #4/INFO]: <namjo> ã„±ã…ã…ˆã…[m
[00:45:24] [Netty Server IO #4/INFO]: <namjo> ã„·ã…ã„¹ã„±ã„·ã…— ã…‡ã…ã…ˆã…£ã„± ã…ˆã…—ã… ã…ã…ã„´ã…ã„·ã…[m
[00:45:26] [Netty Server IO #5/INFO]: <topology> ã…‡ã„·?[m
[00:45:31] [Netty Server IO #4/INFO]: <namjo> ã…ã…‡?[m
[00:45:33] [Netty Server IO #5/INFO]: <topology> ã…ã…‡[m
[00:46:04] [Netty Server IO #4/INFO]: <namjo> ã…‡ã„·?[m
[00:46:13] [Netty Server IO #5/INFO]: <topology> ã…‡ã„±[m
[00:46:20] [Netty Server IO #4/INFO]: <namjo> ã……ã…“ã„±ã…Œã…ã„´ ã…‹ã…ã…ˆã…ã…ã…•[m
[00:46:21] [Netty Server IO #0/INFO]: <Time_origin> ã…‹ã…‹ã…‹ã…‹[m
[00:46:22] [Netty Server IO #5/INFO]: <topology> ã…‡ã…‡[m
[00:46:23] [Netty Server IO #5/INFO]: <topology> ã„±ã„±[m
[00:46:29] [Netty Server IO #0/INFO]: <Time_origin> ë‚¨ì¡°[m
[00:46:31] [Netty Server IO #4/INFO]: <namjo> ?[m
[00:46:48] [Netty Server IO #5/INFO]: <topology> ã……ã…“ã…ã……ã…”ã…ã…ã„´ã……ã…—ã„´ã„±ã…£ã„¹?[m
[00:46:52] [Netty Server IO #5/INFO]: <topology> ã…‡ã…£ã„±ã…“ ã…‡ã…—ã…ã…‡ã…£[m
[00:46:59] [Netty Server IO #0/INFO]: <Time_origin> ã…ã„¹[m
[00:47:18] [Netty Server IO #5/INFO]: <topology> ã„·ã…—ã„¹[m
[00:47:20] [Netty Server IO #5/INFO]: <topology> ã…‚ã…“ã„¹ã…£ã…ˆã…£ ã…ã…ã„¹ã„±ã…— ã…ã…—ã…‡ã…ã…ˆã…œã…“[m
[00:47:52] [Netty Server IO #0/INFO]: <Time_origin> ë‚¨ã…ì¡°ì•¼ ì…êµ¬ê·¼ì²˜ì—ëŠ” ì´ì œ ì„ì˜ì—†ì—‰?[m
[00:47:55] [Netty Server IO #4/INFO]: <namjo> ã…‡ã…‡[m
[00:47:56] [Netty Server IO #0/INFO]: <Time_origin> ì—†ì–´?[m
[00:47:58] [Netty Server IO #0/INFO]: <Time_origin> ì•„[m
[00:47:58] [Netty Server IO #4/INFO]: <namjo> ã……ã…“ã„±ã…‡ã…•ã…‡ã…‡ã…¡ã„´[m
[00:47:59] [Netty Server IO #0/INFO]: <Time_origin> ã… ã… [m
[00:48:01] [Netty Server IO #4/INFO]: <namjo> ã„´ã…ã„¹ã…ã…‡ ã„±ã…ã…Œã…‡ã…£ ã„±ã…ã…‡ã…‘ ã…ã…ã…[m
[00:48:14] [Netty Server IO #4/INFO]: <namjo> ã„´ã…“ ã…ã…—ã„´ã…ˆã… ã„±ã…ã…ã…•ã„´[m
[00:48:16] [Netty Server IO #4/INFO]: <namjo> 100% ã…ã…—ã…… ã„·ã…—ã„¹ã…‡ã…ã…‡ã…—ã…[m
[00:48:18] [Netty Server IO #4/INFO]: <namjo> ã…ã…[m
[00:48:21] [Netty Server IO #5/INFO]: <topology> ã…[m
[00:48:24] [Netty Server IO #0/INFO]: <Time_origin> ã…ã…ã…[m
[00:48:34] [Netty Server IO #4/INFO]: <namjo> ã„·ã…ã…‡ã…ˆã…ã…‡ ã„±ã…¡ã…‚ã…ã…ã…ã…•ã„´[m
[00:48:37] [Netty Server IO #4/INFO]: <namjo> ã„·ã…ã„¹ã„±ã…‡ã…¡ã„¹ ã…‹ã…£ã…‡ã…œã…“[m
[00:48:39] [Netty Server IO #4/INFO]: <namjo> ã„±ã…¡ã„¹ã…£ã„±ã…— ã…ˆã…œã„±ã…‡ã…•[m
[00:48:46] [Netty Server IO #5/INFO]: <topology> ã…‡ã…£ã„±ã…“ã„´[m
[00:48:48] [Netty Server IO #5/INFO]: <topology> ã…‡ã…“ã„´ã…ˆã…”ã…ˆã…£ã…‡ã…“ã„´ã…ã…†ã„´ã…‘[m
[00:48:50] [Netty Server IO #4/INFO]: <namjo> ã„·ã…ã„±ã…•ã…‡ã…‡ã…£[m
[00:48:54] [Netty Server IO #5/INFO]: <topology> ã…‡ã…[m
[00:48:56] [Netty Server IO #5/INFO]: <topology> ã…‡ã…“ã…‰ã…“ã„´ã…ˆ[m
[00:48:59] [Netty Server IO #5/INFO]: <topology> ã…‡ã…“ã…‰ã…“ã„´ã…ˆã…£[m
[00:49:01] [Netty Server IO #5/INFO]: <topology> ã…ˆã…£ã…‚ ã…ã…—ã…‡ã…‘ã…‡ã…‡ã…£[m
[00:49:01] [Netty Server IO #5/INFO]: <topology> .....[m
[00:49:05] [Netty Server IO #4/INFO]: <namjo> ã…‡ã……ã…‡[m
[00:49:06] [Netty Server IO #4/INFO]: <namjo> ã…ã…•ã„´ã…‡ã…[m
[00:49:09] [Netty Server IO #4/INFO]: <namjo> ã„±ã…•ã…‡ã…ã…“ã…ã…Šã…£ ã…ã…£ã„¹ã…‡ã…›ã…ã…ã…ã…•ã„´[m
[00:49:14] [Netty Server IO #4/INFO]: <namjo> ã……ã…— ã…‚ã…“ã„´ã……ã…£ã„±ã……ã…£ã…‹ã…£ã…ã…•ã„´ ã„·ã…—ã…£ã…[m
[00:49:20] [Netty Server IO #4/INFO]: <namjo> ã……ã…¡ã…‹ã…ã… ã„±?[m
[00:49:30] [Netty Server IO #4/INFO]: <namjo> ã…Šã…£ã„±ã…£ ã…‚ã…œã„¹ã…ã…•ã„´ã…ã…ã„·ã…[m
[00:49:36] [Netty Server IO #0/INFO]: <Time_origin> ã„±?[m
[00:49:38] [Netty Server IO #4/INFO]: <namjo> ã…ˆã…œã„´ã…ã…•ã…‡ã…‡ã… ã…‡ã…“ã„·ã…£ã„±ã…[m
[00:49:39] [Netty Server IO #4/INFO]: <namjo> ????[m
[00:49:41] [Netty Server IO #5/INFO]: <topology> ã…ˆã…ã„¹ã…“[m
[00:49:46] [Netty Server IO #0/INFO]: <Time_origin> í—[m
[00:49:50] [Netty Server IO #0/INFO]: <Time_origin> ì¹¨ëŒ€ ë‘ê³ ì™”ë„¹[m
[00:49:55] [Netty Server IO #5/INFO]: <topology> ã„´ã…“ ã…ˆã…£ã…‡ã…—ã„± ã…‡ã…ã„´ã…£ã…?[m
[00:49:58] [Netty Server IO #5/INFO]: <topology> ã„±ã…¡ã„´ã…‘ã…‡ ã„±ã…“ã„±ã…£ ã…‡ã…£ã…†ã…‡ã…“ã…‹ã…‹ã…‹ã…‹[m
[00:50:02] [Netty Server IO #0/INFO]: <Time_origin> ë‚˜?[m
[00:50:06] [Netty Server IO #0/INFO]: <Time_origin> ì•„ë‹Œë°[m
[00:50:07] [Netty Server IO #4/INFO]: <namjo> ã„´ã…ã„±ã…ã…†ã„·ã… ã…‡ã…—ã……ã…”ã…[m
[00:50:09] [Netty Server IO #5/INFO]: <topology> ã…‡ã…..[m
[00:50:09] [Netty Server IO #0/INFO]: <Time_origin> ëª»ëŒì•„ì˜¨ëŒ€ì–ì•„[m
[00:50:10] [Netty Server IO #4/INFO]: <namjo> ã„´ã…ã„·ã…— ã…ˆã…ã„´ã…¡ã„´ã…ˆã…œã…‡[m
[00:50:10] [Netty Server IO #0/INFO]: <Time_origin> ã…[m
[00:50:12] [Server thread/INFO]: Time_origin lost connection: Disconnected
[00:50:12] [Server thread/INFO]: Time_origin left the game
[00:50:21] [Netty Server IO #4/INFO]: <namjo> ã…‹ã…“ã…[m
[00:50:23] [Netty Server IO #5/INFO]: <topology> ã„´ã…ã„´ã…¡ã„´ ã…ˆã…£ã…‚ã…‡ã…£ã„¹ã…[m
[00:50:25] [Netty Server IO #5/INFO]: <topology> ã……ã…¡ã…‹ã…ã…‡ã…£ã…ã…¡ ã…‚ã…œã„¹ã„±ã…ã„´ã…¡ã…‡[m
[00:50:26] [Server thread/INFO]: Time_origin[/110.76.126.190:51909] logged in with entity id 142779 at ([world]-72.20658465780942, 55.0, 111.16300886879516)
[00:50:27] [Netty Server IO #5/INFO]: <topology> ã„´ã…“ã„´ã…”ã„²ã…£ã„¹ã…£ ã…ã…ã…‡[m
[00:50:29] [Netty Server IO #4/INFO]: <namjo> ã…‡ã…[m
[00:50:32] [Netty Server IO #4/INFO]: <namjo> ã…‡ã…‡.[m
[00:50:32] [Netty Server IO #1/INFO]: <Time_origin> ??[m
[00:50:36] [Netty Server IO #1/INFO]: <Time_origin> ìŠ¤ì¹´?[m
[00:50:37] [Netty Server IO #1/INFO]: <Time_origin> ã…?[m
[00:50:39] [Netty Server IO #5/INFO]: <topology> ã…‡ã…‡[m
[00:50:41] [Netty Server IO #4/INFO]: <namjo> ã…‡ã…‡?[m
[00:50:43] [Netty Server IO #4/INFO]: <namjo> ã„±ã…“ã„´ã…¡ã„´ã…ˆã…œã…‡ã…‡ã…£ã…[m
[00:51:02] [Netty Server IO #4/INFO]: <namjo> ã…‚ã…ã„·ã…‡ã…ã…‡ã…ã…‡ã…ã…‡ã…ã…‡ã…ã…‡ã…[m
[00:51:05] [Netty Server IO #4/INFO]: <namjo> ã„±ã…¡ã„¹ã…£ã„±ã…— ã…ˆã…œã„´ã…ã…•ã…‡ã…‡ã… ã„±ã…“ã……ã…“ ã…ã…œã…“ã…ã…[m
[00:51:07] [Netty Server IO #1/INFO]: <Time_origin> ì•ˆì˜´[m
[00:51:09] [Netty Server IO #4/INFO]: <namjo> ????[m
[00:51:12] [Netty Server IO #1/INFO]: <Time_origin> ë°°í„°ë¦¬ ì—†ëŠ”ë° íŒ¨ìŠ¤í•˜ì ã…ã…[m
[00:51:20] [Netty Server IO #4/INFO]: <namjo> ã…‡ã…‹[m
[00:51:22] [Netty Server IO #4/INFO]: <namjo> ã…ˆã…œã„´ã…ã…•ã…‡ã…‡ã…£ã„±ã…[m
[00:51:23] [Netty Server IO #4/INFO]: <namjo> ã…‡ã…ã„´ã„·ã…—ã…£ã„´ã…¡ã„´ã„±ã…”[m
[00:51:24] [Netty Server IO #1/INFO]: <Time_origin> ë£¸ë©”ê°€ ë„ˆë¬´ ì¼ì°ì[m
[00:51:25] [Netty Server IO #4/INFO]: <namjo> ã…ˆã…—ã… ã…‡ã…ã……ã…œã…£ã…‚ã„·ã…[m
[00:51:26] [Netty Server IO #4/INFO]: <namjo> ã„·ã„·[m
[00:51:33] [Netty Server IO #4/INFO]: <namjo> ã…ˆã…œã„´ã…ã…•ã…‡ã…‡ã…[m
[00:51:35] [Netty Server IO #5/INFO]: <topology> ã…‡ã…‡[m
[00:51:36] [Netty Server IO #4/INFO]: <namjo> ã…‡ã… ã…ˆã…“ã„±ã…“ ã…ã…•ã„´ã…‡ã…£ã„´ã„±ã…?[m
[00:51:44] [Netty Server IO #5/INFO]: <topology> ã„´ã…ã…‡ã…£ã„´ã„·ã…¡ã……[m
[00:51:44] [Netty Server IO #4/INFO]: <namjo> ã„´ã…“ã„´ ã…‡ã…“ã„·ã…£ã…‡ã…‘[m
[00:51:46] [Netty Server IO #4/INFO]: <namjo> ????[m
[00:51:47] [Netty Server IO #1/INFO]: <Time_origin> ë‚˜ë¬´ê¾¼ì„ ë§í•˜ëŠ”ê±°ë¼ë©´[m
[00:51:49] [Netty Server IO #1/INFO]: <Time_origin> ë‚˜ì•¼[m
[00:51:54] [Netty Server IO #4/INFO]: <namjo> ã…ˆã…œã„´ã…ã…•ã…‡ã…‡ã…£ã„´ã…”[m
[00:52:33] [Netty Server IO #4/INFO]: <namjo> ã…‡ã…“ã„·ã…£ã…†ã„´ã…£[m
[00:52:34] [Netty Server IO #4/INFO]: <namjo> ã„·ã„·[m
[00:52:36] [Netty Server IO #5/INFO]: <topology> ã„´ã…£ ã„±ã…ã…‚ã…ˆã…ã„±ã…£ ã……ã…ã„¹ã…ã…ˆã…£ã…[m
[00:52:42] [Netty Server IO #4/INFO]: <namjo> ã…ã…‡[m
[00:54:15] [Netty Server IO #5/INFO]: <topology> ã„±ã…¡ã„´ã„·ã…”[m
[00:54:17] [Netty Server IO #5/INFO]: <topology> ã…‡ã…•ã„±ã…£ ã…‡ã…—ã…ã…‡ã…—ã…??[m
[00:54:28] [Netty Server IO #4/INFO]: <namjo> ã…‡ã…£ã„±ã……ã…¡ã…Œã…¡ã„¹ã…£ã… ã…ã…£ã„¹ã……ã…¡[m
[00:54:30] [Netty Server IO #4/INFO]: <namjo> ã…‡ã…•ã„±ã…£ã……ã…“[m
[00:54:32] [Netty Server IO #4/INFO]: <namjo> ã…‡ã…”ã…ã…”ã„¹ã…ã„¹ã„·ã…¡ ã…‹ã…ã…ˆã… ã…ã…[m
[00:54:35] [Netty Server IO #5/INFO]: <topology> ã„·ã„·[m
[00:54:35] [Netty Server IO #5/INFO]: <topology> ã„±[m
[00:54:39] [Netty Server IO #4/INFO]: <namjo> ã…‡ã…—ã„¹ã„¹ã…ã…‡ã…—ã…[m
[00:54:43] [Netty Server IO #5/INFO]: <topology> ã…ˆã…ã…ã…ã…ã„´[m
[00:54:44] [Netty Server IO #5/INFO]: <topology> ã…Šã…“ã„¹ã…ˆã…—ã… ã…‹ã…ã„±ã…—[m
[00:54:53] [Netty Server IO #4/INFO]: <namjo> ã…Šã…“ã„¹ ã…ã…ã„´ã…ã…‡ã…[m
[00:54:55] [Netty Server IO #4/INFO]: <namjo> ã„´ã…“ã…ã…Šã…•ã„´ã…[m
[00:55:00] [Netty Server IO #5/INFO]: <topology> ã…‡ã„·[m
[00:55:08] [Netty Server IO #4/INFO]: <namjo> ã…‡ã…“ã„´ã„·ã…“ã„±ã…‡ã…œã…£[m
[00:55:13] [Netty Server IO #4/INFO]: <namjo> ã…ã…‡[m
[00:55:42] [Netty Server IO #5/INFO]: <topology> ã…Šã…£ã…ã„·ã… ã…‡ã…ã„´ã„·ã…¡ã„¹ã„±ã…—ã…‡ã…—ã…ã…†ã„´ã…”[m
[00:56:01] [Netty Server IO #1/INFO]: <Time_origin> ì¤€í˜•ì´ ì¤€ë¹„ì„± ã…‰ã…‰[m
[00:56:14] [Netty Server IO #1/INFO]: <Time_origin> ì˜¤ëŠ˜ ê³¼ì™¸ 2ì¼ì°¨ì˜€ëŠ”ë°[m
[00:56:15] [Netty Server IO #4/INFO]: <namjo> ã…‡ã…•ã„±ã…£ã„·ã…—[m
[00:56:16] [Netty Server IO #4/INFO]: <namjo> ã…ˆã…œã„´ã…ã…•ã…‡ã…‡ã…[m
[00:56:18] [Netty Server IO #1/INFO]: <Time_origin> ë‚¨ìì• ëŠ” ì²˜ìŒì´ê±°ë“ [m
[00:56:22] [Netty Server IO #4/INFO]: <namjo> ã…‡ã…[m
[00:56:26] [Netty Server IO #1/INFO]: <Time_origin> ê·¼ë° ì• ê°€ ë„ˆë¬´ ë¬´ëšëší•´ì„œ[m
[00:56:27] [Netty Server IO #4/INFO]: <namjo> ã…‡ã…•ã„±ã…£[m
[00:56:39] [Netty Server IO #5/INFO]: <topology> ã…‡ã…ã…ˆã…£ã„± ã…‚ã…œã…ˆã…—ã„±ã…ã…ã…..ã… ã… [m
[00:56:41] [Netty Server IO #5/INFO]: <topology> ã……ã…ã„±ã„²ã…ã„¹ã…‡ã…£ ã„·ã… ã„·ã…ã„¹ã„¹ã…[m
[00:56:42] [Netty Server IO #1/INFO]: <Time_origin> ë‚¨ìì• ë“¤ì´ë‘ ë§í•˜ëŠ”ê²Œ ì–´ë µë‹¤ê³  ëŠë‚€ê²Œ ì²­ã…ì´ì—ˆìŒ[m
[00:56:46] [Netty Server IO #4/INFO]: <namjo> ã…‹ã…‹ã…‹ã…‹ã…‹ã…‹ã…‹ã…‹ã…‹ã…‹ã…‹ã…‹ã…‹ã…‹ã…‹ã…‹ã…‹ã…‹ã…‹ã…‹ã…‹ã…‹ã…‹ã…‹ã…‹[m
[00:56:46] [Netty Server IO #5/INFO]: <topology> ã…‡ã…—ã…ã…‹ã…‹ã…‹ã…‹ã…‹[m
[00:56:49] [Netty Server IO #4/INFO]: <namjo> ã„±ã…’ã„·ã…—[m
[00:56:51] [Netty Server IO #4/INFO]: <namjo> ã„´ã…“ã„¹ã…ã…‡ ã…ã…ã„¹ã…ã…ã„´ã…¡ã„´ã„±ã…”[m
[00:56:53] [Netty Server IO #4/INFO]: <namjo> ã…‡ã…“ã„¹ã…•ã…‡ã…œã…“ã…†ã…‡ã…¡ã„¹ã„²ã…“ã…‡ã…‘[m
[00:56:55] [Netty Server IO #5/INFO]: <topology> ã…‡ã…—[m
[00:56:58] [Netty Server IO #4/INFO]: <namjo> ã…‡ã…•ã…ˆã…ã…‡ã…ã„¹ã…ã…‡ ã…ã…ã„¹ã…ã…ã„´ã…¡ã„´ã„±ã…” ã…Šã…“ã…‡ã…¡ã…ã…‡ã…£ã„¹ã……ã…œã„·ã…— ã…‡ã…£ã…†ã…ˆã…ã„´ã…ã…‡ã…[m
[00:56:58] [Netty Server IO #5/INFO]: <topology> ã……ã…ã„±ã„²ã…ã„¹ ã„·ã…ã„¹ã„¹ã…ã„·ã…— ã„·ã…—ã…£ã„´ã…”[m
[00:57:14] [Netty Server IO #1/INFO]: <Time_origin> ê·¸ëŸ´ìˆ˜ìˆì°Œ[m
[00:57:20] [Netty Server IO #5/INFO]: <topology> ã……ã…¡ã„¹ã…ã…¡ã„·ã…—ã„·ã…...[m
[00:57:30] [Netty Server IO #5/INFO]: <topology> joyã„¹ã…¡ã„¹ ã…ã…›ã…ã…ã„´ã„·ã…[m
[00:57:31] [Netty Server IO #1/INFO]: <Time_origin> ã… ã… [m
[00:58:32] [Netty Server IO #5/INFO]: <topology> ã„±ã…¡ã„¹ã…ã……ã…“[m
[00:58:35] [Netty Server IO #5/INFO]: <topology> ã„±ã…—ã…ã…‡ã…—ã…£ã„´ã…¡ã„´ ã…‡ã…“ã„¸ã…ã…†ã„´ã…£[m
[00:58:38] [Netty Server IO #5/INFO]: <topology> ã…ã…ã„¹ã…ã…ã„´ã…ã…ã…†ã„´ã…£[m
[00:58:46] [Netty Server IO #1/INFO]: <Time_origin> ã„±ê¸°ë²¡ ê·¸ã…ë¥´ì¹˜ëŠ”ë°[m
[00:58:51] [Netty Server IO #1/INFO]: <Time_origin> ì´ì°¨ê³¡ì„  í•µë…¸ì¼ì´ì•¼[m
[00:58:53] [Netty Server IO #5/INFO]: <topology> ã…‹ã…‹ã…‹ã…‹ã…‹ã…‹ã…‹[m
[00:58:55] [Netty Server IO #5/INFO]: <topology> ã„´ã…ã„´ ã……ã…œã„´ã„±ã…ã„´[m
[00:58:57] [Netty Server IO #5/INFO]: <topology> ã„¹ã…¡ã…‚ã…”ã„±ã…‡ã…£ã„´ã…ˆã…œã„¹...[m
[00:58:58] [Netty Server IO #1/INFO]: <Time_origin> ë‚˜ì¡°ì°¨ ì¬ë¯¸ì—†ì–´[m
[00:59:00] [Netty Server IO #1/INFO]: <Time_origin> ã…‹ã…‹[m
[00:59:13] [Netty Server IO #1/INFO]: <Time_origin> ë¹¨ë¦¬ ë²¡í„°ë¡œ ë„˜ì–´ê°€ê³ ì‹¶ì–´[m
[00:59:22] [Netty Server IO #1/INFO]: <Time_origin> ê·¸ë˜ë„ ì• ëŠ” ë˜‘ë˜‘í•˜ê³  ì˜ ë°°ìš°ê³ [m
[00:59:23] [Netty Server IO #5/INFO]: <topology> ã…‹ã…‹ã…‹ã…‹ã…‹ã…‹[m
[00:59:26] [Netty Server IO #1/INFO]: <Time_origin> ìˆ™ì œë„ ì˜ í•´ì™€ì„œ[m
[00:59:28] [Netty Server IO #5/INFO]: <topology> ã…‡ã…—ã…‡[m
[00:59:33] [Netty Server IO #5/INFO]: <topology> ã„±ã…¡ã„¹ã…“ã„´ ã…‡ã…ã„·ã…¡ã„¹ã…‡ã…£ ã„±ã…ã„¹ã…¡ã…Šã…£ã„±ã…£ ã…ã…•ã„´ã…ã…ã…ˆã…£ã…‡ã…‡[m
[00:59:33] [Netty Server IO #1/INFO]: <Time_origin> ì§„ë„ ì­‰ì­‰ ë‚˜ê°ˆìˆ˜ ìˆì„ëœ»[m
[00:59:42] [Netty Server IO #1/INFO]: <Time_origin> ê³„ì‚°ë„ ì˜í•´[m
[00:59:51] [Netty Server IO #1/INFO]: <Time_origin> ì´ê²Œ ì€ê·¼ ê³„ì‚° ëª»í•˜ëŠ”ã„´ ì¹˜êµ¬ë“¤ ë§Œã…‡ã…ìŒ[m
[00:59:53] [Netty Server IO #1/INFO]: <Time_origin> ë‚  í¬í•¨í•´ì„œ[m
[00:59:53] [Netty Server IO #5/INFO]: <topology> ã…‡ã…ˆ[m
[00:59:55] [Netty Server IO #5/INFO]: <topology> ã…ã…“ã„¹[m
[00:59:59] [Netty Server IO #1/INFO]: <Time_origin> ì¸ì •í•˜ë‹¤ë‹ˆ[m
[01:00:01] [Netty Server IO #4/INFO]: <namjo> ã…‹ã…‹ã…‹ã…‹ã…‹[m
[01:00:02] [Netty Server IO #5/INFO]: <topology> ã„´ã…ã„·ã…— ã„±ã…–ã……ã…ã„´ã…‡ã…¡ã„´ ã…ˆã…ã„¹ ã…ã…—ã……ã…ã…ã…[m
[01:00:03] [Netty Server IO #1/INFO]: <Time_origin> ë‚  ë„ˆë¬´ ì˜ì•„ëŠ”ê±° ì•„ë‹ˆëƒ[m
[01:00:03] [Netty Server IO #5/INFO]: <topology> ã… ã… [m
[01:00:05] [Netty Server IO #5/INFO]: <topology> ã…‹ã…‹ã…‹ã…‹[m
[01:00:06] [Netty Server IO #1/INFO]: <Time_origin> ã…‹ã…‹ã…‹ã…‹[m
[01:00:30] [Netty Server IO #5/INFO]: <topology> ã…‡ã…ã…ã„±ã…“ã……ã„·ã…— ã…‡ã…“ã…‚ã……ã…‡ã…¡ã…[m
[01:00:38] [Netty Server IO #4/INFO]: <namjo> ã…‹ã…“ã…[m
[01:00:46] [Netty Server IO #5/INFO]: <topology> ã„·[m
[01:00:50] [Netty Server IO #1/INFO]: <Time_origin> í•´ì§„ë‹¤[m
[01:00:51] [Netty Server IO #4/INFO]: <namjo> ã„´ã…ã„¹ã…•ã„±ã…ã…‡ã…‘[m
[01:00:53] [Netty Server IO #4/INFO]: <namjo> ã…‡ã…”ã…‚ã…”ã„¹ã…ã„¹ã„·ã…¡ã„±ã… ã„´ã…ã…‡ã…—ã…ˆã…£[m
[01:00:55] [Netty Server IO #1/INFO]: <Time_origin> ë‚˜ ë‚˜ê°ˆê²Œ[m
[01:00:57] [Server thread/INFO]: Time_origin lost connection: Disconnected
[01:00:57] [Server thread/INFO]: Time_origin left the game
[01:01:16] [Netty Server IO #5/INFO]: <topology> ã„·[m
[01:01:22] [Server thread/INFO]: Time_origin[/110.76.126.190:51980] logged in with entity id 166343 at ([world]-91.4200391274948, 78.0, -118.30000001192093)
[01:01:35] [Netty Server IO #5/INFO]: <Time_origin> ì™ ì§€ ìš°ë¦¬ ê°€ê¹Œìš´ë° ìˆì„ì§€ë„[m
[01:01:39] [Netty Server IO #5/INFO]: <Time_origin> ì–´ë””ì¯¤ì´ì•¼?[m
[01:01:40] [Netty Server IO #5/INFO]: <topology> ã…‡ã…ã…‡?[m
[01:01:45] [Netty Server IO #5/INFO]: <topology> -416 56[m
[01:01:58] [Netty Server IO #5/INFO]: <Time_origin> ë‹¤ë¥¸ë°©í–¥ì´ë„¤ ì—¬ê¸°ë„ ìµìŠ¤íŠ¸ë¦¼ íì¦ˆë¼ì„œ[m
[01:02:01] [Netty Server IO #5/INFO]: <topology> ã…‡ã…[m
[01:02:52] [Netty Server IO #5/INFO]: <Time_origin> ì¤€í˜•ì•„ ì°¸ë‚˜ë¬´ ì˜¥ìƒë§Œ ê¹”ë©´ ë˜ì§€?[m
[01:03:01] [Netty Server IO #5/INFO]: <topology> ã…‡ã…‡ã…‡ã…‡ã…‡[m
[01:03:07] [Netty Server IO #5/INFO]: <Time_origin> 4ì…‹í•˜ë©´ ì¶©ë¶„í•˜ê² ì§€?[m
[01:03:11] [Netty Server IO #5/INFO]: <topology> ã…ã…¡ã…[m
[01:03:13] [Netty Server IO #5/INFO]: <topology> ã…‡ã…œã…“ã„´ã…ã…—ã„±ã…‡ã…¡ã„¹ã…— ã…‡ã…‡[m
[01:03:19] [Netty Server IO #5/INFO]: <Time_origin> ã…‡ã…‡[m
[01:03:40] [Netty Server IO #4/INFO]: <namjo> ã…ˆã…—ã…ã…‚ã…£ã……ã…—ã„¹ã…£ã„±ã…?[m
[01:03:48] [Netty Server IO #5/INFO]: <topology> ã„·ã„·ã„·[m
[01:04:38] [Netty Server IO #5/INFO]: <topology> ã…‡ã…—[m
[01:04:39] [Netty Server IO #5/INFO]: <topology> ã……ã…£ã…‚ã…[m
[01:04:50] [Netty Server IO #4/INFO]: <namjo> ã„´ã…ã…‡ã…—ã…ã…‚ã…—ã…ã…‡[m
[01:05:04] [Netty Server IO #4/INFO]: <namjo> ã…ˆã…“ã„±ã…£ã…‚ã…œã…Œã…“ ã„·ã…—ã„¹ã„±ã…—[m
[01:05:05] [Netty Server IO #4/INFO]: <namjo> ã„´ã…ã„¹ã…•ã„±ã…ã…ˆã…[m
[01:05:08] [Netty Server IO #5/INFO]: <topology> ã…‡ã…‹[m
[01:05:17] [Netty Server IO #5/INFO]: <Time_origin> ë­”ê°€ ì—„ì²­ ìœ¼ìŠ¤ìŠ¤í•œ ì†Œë¦¬ë‚œë‹¤..[m
[01:05:19] [Netty Server IO #5/INFO]: <topology> ã…ã…—ã…ã„¹ ã…‡ã…—ã…ˆã…£ã„´ã„·ã…[m
[01:05:20] [Netty Server IO #5/INFO]: <topology> ã…‡ã„·??[m
[01:05:26] [Netty Server IO #5/INFO]: <Time_origin> ??[m
[01:05:30] [Netty Server IO #5/INFO]: <topology> ã…‡ã…“ã„·ã…£ã…‡ã…”ã……ã…“??\[m
[01:05:36] [Netty Server IO #5/INFO]: <Time_origin> ë‚´ ë°‘ì—ì„œ[m
[01:05:40] [Netty Server IO #5/INFO]: <topology> ã…‡ã…¡ã…[m
[01:05:41] [Netty Server IO #5/INFO]: <topology> ã„±ã…“ã…ã…£ã…‡ã…£ã„´ã„±ã…[m
[01:05:41] [Netty Server IO #5/INFO]: <Time_origin> ë™êµ´ ë“¤ì–´ì™”ã„´ã„´ë°[m
[01:05:43] [Netty Server IO #5/INFO]: <topology> ã…‡ã…[m
[01:05:44] [Netty Server IO #5/INFO]: <Time_origin> ê·¸ëŸ°ê°€[m
[01:05:44] [Netty Server IO #4/INFO]: <namjo> ã…Šã…ã„±ã……ã…ã…‡ ã…‡ã…ã„¹ã… ã…‚ã…ã…‹ã…œã…£ã…‚ã…“ã„¹ã„¹ã…ã…‡ã…£ã…[m
[01:05:45] [Netty Server IO #5/INFO]: <topology> ã„·ã…—ã…‡ã„±ã…œã„¹ã…‡ã…£ã„±ã…œã„´ã…[m
[01:05:50] [Netty Server IO #5/INFO]: <topology> ã„´ã…ã…ã…ˆã…— ã„·ã…¡ã„¹ã…£ã…‚ã„·ã„·ã„·[m
[01:05:50] [Netty Server IO #5/INFO]: <Time_origin> ã…ã…[m
[01:06:12] [Netty Server IO #5/INFO]: <Time_origin> ìŒ í¬ë¦¬í¼ë„¤[m
[01:06:18] [Netty Server IO #5/INFO]: <topology> ã„±ã…[m
[01:06:29] [Netty Server IO #5/INFO]: <Time_origin> ì¢€ ì•„í”„ê¸´ í•˜ì§€ë§Œ ì¢€ë¹„ ìã…‚ì•˜ìœ¼ë‹ˆ ëë‹¤[m
[01:07:21] [Netty Server IO #5/INFO]: <topology> ã…“ã…[m
[01:07:22] [Netty Server IO #5/INFO]: <topology> ã…‹ã…“ã…[m
[01:07:35] [Netty Server IO #5/INFO]: <Time_origin> -130 -100[m
[01:07:50] [Netty Server IO #5/INFO]: <topology> ã„´ã…ã„¸ã…£ã…‡[m
[01:07:57] [Netty Server IO #5/INFO]: <topology> ã„±ã…“ã„±ã…£ ã…ã…œã…“ã…‡ã…£ã…†ã„´ã…¡ã„´ã„·ã…”ã…‡??[m
[01:07:59] [Netty Server IO #5/INFO]: <topology> @ã…ã…•ã„´[m
[01:08:01] [Netty Server IO #5/INFO]: <Time_origin> ë‚˜[m
[01:08:08] [Netty Server IO #5/INFO]: <Time_origin> ì£½ì„ê±°ê°™ì•„ì„œ[m
[01:08:10] [Netty Server IO #5/INFO]: <topology> ã„·ã„·ã„·[m
[01:08:15] [Netty Server IO #5/INFO]: <topology> ã„±ã…—ã„±ã…£ã…ã…“ã„±ã…‡ã…“ ã„±ã…—ã„±ã…£[m
[01:08:39] [Netty Server IO #4/INFO]: <namjo> ã„´ã… ã„±ã…›ã……ã…œã„´ã…£ã…ã…ã…ã„´ã…Œã…”[m
[01:08:41] [Netty Server IO #5/INFO]: <Time_origin> ì†Œë¦¬ ë˜ê²Œ ë¬´ì„œìš´ë° ì–´ë”˜ì§€ ëª»ì°¾ì—¤ë‹¤...[m
[01:08:43] [Netty Server IO #4/INFO]: <namjo> ã…ˆã…ã…‚ã… ã…ã…ã„¹ ã…ˆã…œã„¹ ã…‡ã…ã„¹ã…‡ã…ã…‡ã…›![m
[01:08:45] [Netty Server IO #4/INFO]: <namjo> ã…ã…ã…†ã„·ã…ã„±ã…[m
[01:08:50] [Netty Server IO #5/INFO]: <Time_origin> ã…‹ã…‹ã…‹ã…‹ã…‹[m
[01:08:50] [Netty Server IO #4/INFO]: <namjo> ã…‡ã…“ã„¸ã…“ã„´ ã…‡ã…ã…‚ ã…‹ã…—ã„·ã…¡ ã„·ã…ã……ã…£ ã…‰ã…ã„¹ã…ã„´ã…¡ã„´ã„·ã…”?[m
[01:08:58] [Netty Server IO #5/INFO]: <topology> ã…‹ã…¡[m
[01:09:17] [Netty Server IO #4/INFO]: <namjo> ã…‡ã…“ ã…‡ã…”ã…ã…”ã„¹ã…ã„¹ã„·ã…¡ã„·ã…[m
[01:09:20] [Netty Server IO #4/INFO]: <namjo> ã…ˆã…“ã„±ã„·ã…ã…‡ã…ã…ã„´ ã„´ã…—ã…ã…‡ã…£ã„±ã…œã„´[m
[01:09:34] [Netty Server IO #4/INFO]: <namjo> ã…‡ã…“ ã…‡ã…”ã…ã…”ã„¹ã…ã„¹ã„·ã…¡ã„·ã…[m
[01:09:39] [Netty Server IO #4/INFO]: <namjo> ã„´ã…“ã„´ ã…‡ã„·?[m
[01:09:42] [Netty Server IO #5/INFO]: <topology> ã…‡ã„·[m
[01:09:46] [Netty Server IO #5/INFO]: <topology> ã…‡ã…—[m
[01:09:50] [Netty Server IO #5/INFO]: <topology> ã…‡ã…”ã…ã…”ã„¹ã…ã„¹ã„·ã…¡ ã…Šã…“ã„¹ã„±ã…—ã„±ã…‡ã…¡ã„¹ã…— ã…ã…ã…ˆã…£ã…?[m
[01:11:18] [Netty Server IO #5/INFO]: <Time_origin> ì•„ ì¤€í˜•ì•„[m
[01:11:21] [Netty Server IO #5/INFO]: <topology> ã…‡ã…‡?[m
[01:11:25] [Netty Server IO #5/INFO]: <Time_origin> ë‚˜ ìë©´ì„œ ì•„ì´íŒ¨ë“œ ì‚¬ê¸°ë¡œ ê²°ì •í•¨[m
[01:11:26] [Netty Server IO #5/INFO]: <Time_origin> ã„±?[m
[01:11:29] [Netty Server IO #5/INFO]: <topology> ã„±[m
[01:11:46] [Netty Server IO #5/INFO]: <topology> ã„´ã…ã…ã…ˆã…ã„·ã…ã…‚ã„±ã…”[m
[01:11:47] [Netty Server IO #5/INFO]: <topology> ã…ˆã…£ã„¹ã…¡ã„´ã„·ã…[m
[01:12:00] [Netty Server IO #5/INFO]: <Time_origin> ë‘”ì‚°ë™ì— ì• í”ŒìŠ¤í† ì–´..?ê°€ ìˆëŠ”ê±° ê°™ì€ë° ê°€ì„œ ì¨ë³¼ìˆ˜ ìˆëŠ”ì§€ ã…‚ë¬¼ì–´ë´ì•¼ê² ë‹¤[m
[01:12:03] [Netty Server IO #5/INFO]: <Time_origin> ì˜ì![m
[01:12:05] [Server thread/INFO]: Time_origin lost connection: Disconnected
[01:12:05] [Server thread/INFO]: Time_origin left the game
[01:12:08] [Netty Server IO #5/INFO]: <topology> ã„·ã„·ã„·[m
[01:12:28] [Netty Server IO #5/INFO]: <topology> ã„´ã…“ ã…‡ã„·??[m
[01:12:31] [Netty Server IO #5/INFO]: <topology> ã…‡ã…[m
[01:12:53] [Server thread/INFO]: Time_origin[/110.76.126.190:52056] logged in with entity id 186942 at ([world]-157.41994687936153, 84.0, -75.59661817208546)
[01:12:55] [Netty Server IO #5/INFO]: <topology> ã…ã…‡[m
[01:12:56] [Netty Server IO #4/INFO]: <namjo> ??????????????????????[m
[01:12:57] [Netty Server IO #0/INFO]: <Time_origin> ã……?![m
[01:13:01] [Netty Server IO #0/INFO]: <Time_origin> ì™œ ì•ˆì¤ì–´[m
[01:13:01] [Netty Server IO #4/INFO]: <namjo> ã…‡ã…œã„¹ã…£ã…‚ã…—ã„±ã…—[m
[01:13:03] [Netty Server IO #4/INFO]: <namjo> ã…ˆã…ã„¹ã…ã„´ã…¡ã„´ã„±ã…“ã…‡ã…•ã…†ã„±ã…œã„´[m
[01:13:04] [Server thread/INFO]: Time_origin lost connection: Disconnected
[01:13:04] [Server thread/INFO]: Time_origin left the game
[01:13:05] [Netty Server IO #5/INFO]: <topology> ã…‡ã…[m
[01:13:13] [Netty Server IO #5/INFO]: <topology> ã…ˆã…£ã„´ã…‰ã… ã…ˆã…ã„´ã„·ã…ã„´ã…¡ã„´ã…ˆã…œã„¹;[m
[01:13:20] [Server thread/INFO]: Time_origin[/110.76.126.190:52063] logged in with entity id 187600 at ([world]-157.41994687936153, 84.0, -75.59661817208546)
[01:13:23] [Netty Server IO #4/INFO]: <namjo> ã…‹ã…‹ã…‹ã…‹ã…‹ã…‹ã…‹ã…‹ã…‹ã…‹ã…‹ã…‹ã…‹ã…‹ã…‹ã…‹ã…‹ã…‹ã…‹ã…‹ã…‹ã…‹ã…‹ã…‹ã…‹ã…‹ã…‹ã…‹ã…‹ã…‹[m
[01:13:23] [Netty Server IO #5/INFO]: <topology> ã…ˆã…£ã„´ã…‰ã… ã…ˆã…ã„´ã„·ã…ã„´ã…¡ã„´ã…ˆã…œã„¹;;[m
[01:13:26] [Netty Server IO #4/INFO]: <namjo> ã„´ã… ã„´ã…“ ã…ˆã…ã„¹ã…“ã„±ã…ã„´ã…ˆã…œã„¹[m
[01:13:33] [Netty Server IO #3/INFO]: <Time_origin> ã…‹ã…‹ã…‹ã…‹[m
[01:13:42] [Netty Server IO #3/INFO]: <Time_origin> ìš°ë¦¬í•™êµ 1í•™ë…„ í›„ë°°ë“¤ 15ëª… ì¬ìˆ˜í•œëŒ€[m
[01:13:43] [Netty Server IO #4/INFO]: <namjo> ã„¹ã…—ã…ˆã„±ã…£ã…ã…£[m
[01:13:44] [Netty Server IO #3/INFO]: <Time_origin> ;[m
[01:13:47] [Netty Server IO #5/INFO]: <topology> ã„·ã„·ã„·[m
[01:13:49] [Netty Server IO #4/INFO]: <namjo> ã…ã…“ã„¹[m
[01:13:51] [Netty Server IO #4/INFO]: <namjo> ã…‡ã…œã„¹ã…£ã„·ã…— ã„±ã…¡ã„¹ã…ã…†ã…‡ã…¡ã…[m
[01:13:57] [Netty Server IO #3/INFO]: <Time_origin> ìš°ë¦¬ëŠ” 60ëª…ì´ê±°ë“ ..[m
[01:14:04] [Netty Server IO #4/INFO]: <namjo> @ã…@...[m
[01:14:08] [Netty Server IO #3/INFO]: <Time_origin> ë­ì§€[m
[01:14:08] [Netty Server IO #5/INFO]: <topology> ã„±ã……ã„±ã……[m
[01:14:11] [Netty Server IO #3/INFO]: <Time_origin> ì–´ë–»ê²Œ ëœê±°[m
[01:14:12] [Netty Server IO #3/INFO]: <Time_origin> ;[m
[01:14:37] [Netty Server IO #5/INFO]: <topology> ã„´ã…[m
[01:14:39] [Netty Server IO #5/INFO]: <topology> ã…Šã…“ã„¹ã„±ã…—ã„± ã…‚ã…œã……ã…œã…“ã…ˆã…£ã…[m
[01:14:46] [Netty Server IO #3/INFO]: <Time_origin> ã„´ã„´[m
[01:14:48] [Netty Server IO #3/INFO]: <Time_origin> ë¶€ì„œì§[m
[01:14:51] [Netty Server IO #3/INFO]: <Time_origin> ã…ˆã……[m
[01:14:54] [Netty Server IO #5/INFO]: <topology> ã…‡ã…ã……[m
[01:14:56] [Netty Server IO #5/INFO]: <topology> ã…†ã…—ã„¹ã…£[m
[01:14:57] [Netty Server IO #5/INFO]: <topology> ã…‚ã…œã……ã…“ã…ˆã…£ã…[m
[01:16:08] [Netty Server IO #4/INFO]: <namjo> ????????????????????/[m
[01:16:10] [Netty Server IO #4/INFO]: <namjo> ã…ã…–ã„±ã…—ã…ã…‡ã…‡ã…£ã„´ã…”?[m
[01:16:14] [Netty Server IO #3/INFO]: <Time_origin> ????[m
[01:16:14] [Netty Server IO #5/INFO]: <topology> ã…‡ã…‡ã…‡ã…‡ã…‡ã…‡?????[m
[01:16:18] [Netty Server IO #4/INFO]: <namjo> ã…ˆã…“ã„±ã…“[m
[01:16:18] [Netty Server IO #3/INFO]: <Time_origin> ì˜¤ ì¬ë°Œë‹¤[m
[01:16:20] [Netty Server IO #3/INFO]: <Time_origin> ê² [m
[01:16:23] [Netty Server IO #5/INFO]: <topology> ã„·ã„·ã„·ã„·ã„·ã„·ã„·[m
[01:16:25] [Netty Server IO #5/INFO]: <topology> ã„¹ã…‡ã…‡ã…£ã„´ã…”[m
[01:16:27] [Netty Server IO #3/INFO]: <Time_origin> í•©ã„¹í•´ë„ë¨?[m
[01:16:31] [Netty Server IO #5/INFO]: <topology> ã…‡ã…‡ã…‡[m
[01:16:33] [Netty Server IO #5/INFO]: <topology> ã…‡ã…£ã„¹ã„¹ã…œã…‡ã…—ã…[m
[01:16:35] [Netty Server IO #3/INFO]: <Time_origin> ã…‡ã„·?[m
[01:16:41] [Netty Server IO #5/INFO]: <topology> -428 14 88[m
[01:16:50] [Netty Server IO #3/INFO]: <Time_origin> ê¸ˆë°©ê°[m
[01:16:54] [Netty Server IO #5/INFO]: <topology> ã„±ã…œã„·[m
[01:17:28] [Netty Server IO #4/INFO]: <namjo> ã…‡ã…•ã„±ã…£ ã…ˆã…ã„¹ã„±ã…—ã„¹ã…¡ã„´ã„·ã…¡ã……[m
[01:17:30] [Netty Server IO #4/INFO]: <namjo> ã…ˆã…£ã…ã…•ã…‡ ã…ˆã…ã…Šã…”ã„±ã…[m
[01:17:33] [Netty Server IO #4/INFO]: <namjo> ã……ã…“ã„±ã…Œã…ã„´ã…‡ã…£ ã…‡ã…—ã…ˆã…£ã„±ã…” ã…ã…ã„´ã…ã…‡ã…[m
[01:17:38] [Netty Server IO #5/INFO]: <topology> ã…ã…—ã…‡ã…—[m
[01:17:40] [Netty Server IO #3/INFO]: <Time_origin> í˜ê³¡ì— ë§‰í˜”ì–´..[m
[01:17:48] [Netty Server IO #4/INFO]: <namjo> ã„´ã…ã„¹ã…‡ã…ã……ã…“ ã„´ã…“ã…ã…‡ã…“ã…‡ã…—ã…[m
[01:17:53] [Netty Server IO #3/INFO]: <Time_origin> ã…‡ã…‹[m
[01:17:53] [Netty Server IO #5/INFO]: <topology> ;[m
[01:18:06] [Netty Server IO #5/INFO]: <topology> ã…‡ã…£ã„´ã…Šã…ã„´ã…Œã…¡ã…Œã…”ã…‡ã…£ã…‚ã„¹ã…ˆã…“ã…[m
[01:18:10] [Netty Server IO #4/INFO]: <namjo> ????????????????????????[m
[01:18:16] [Netty Server IO #5/INFO]: <topology> ã…‡ã…—ã…[m
[01:18:17] [Netty Server IO #3/INFO]: <Time_origin> ?[m
[01:18:20] [Netty Server IO #3/INFO]: <Time_origin> ì €ìš”?[m
[01:18:21] [Netty Server IO #4/INFO]: <namjo> ã…‹ã…¡ã„¹ã…ã…ã…¡ã…Œã…£ã…‡ ã…Œã…”ã…‡ã…£ã…‚ã…¡ã„¹ã…‡ã…£ã…‡ã…‘[m
[01:18:25] [Netty Server IO #5/INFO]: <topology> ã…ˆã…….[m
[01:18:27] [Netty Server IO #3/INFO]: <Time_origin> ;[m
[01:18:35] [Netty Server IO #5/INFO]: <topology> ã„·ã…—ã…ã…†ã…‡ã…¡ã…[m
[01:18:40] [Netty Server IO #4/INFO]: <namjo> ã…ã…•ã„´ã…‡ã…£ã„±ã… ã…ˆã…œã„´ ã…Šã…—ã…‹ã…—ã„¹ã„¹ã…£ã…… ã…ã…“ã„±ã„´ã…¡ã„´ã…ˆã…œã…‡[m
[01:18:41] [Netty Server IO #5/INFO]: <topology> ã……ã…“ã„±ã…Œã…ã„´ ã…ã…ã…‚ã…Šã…£ã„´ã…¡ã„¹ã…[m
[01:18:45] [Netty Server IO #5/INFO]: <topology> ã…—ã…—ã…—ã…—ã…—[m
[01:18:49] [Netty Server IO #4/INFO]: <namjo> ????[m
[01:19:23] [Netty Server IO #5/INFO]: <topology> ã„´ã…ã…ã…ˆã…— ã…‡ã…“ã„¹ã„±ã…œã„¹ã…‡ã…” ã…ã…—ã…ã……ã…ã„¹ã…‚ã…ã„±ã…ã…£ã…[m
[01:20:17] [Netty Server IO #4/INFO]: <namjo> ã…ã…“ã„´ã…Šã…£ ã„±ã…ã„²ã…œã„¹ ã…[m
[01:20:19] [Netty Server IO #5/INFO]: <topology> ã„·[m
[01:20:28] [Netty Server IO #3/INFO]: <Time_origin> ìœ¼[m
[01:20:30] [Netty Server IO #3/INFO]: <Time_origin> ì–´ë””ë¼ê³ ?[m
[01:20:36] [Netty Server IO #5/INFO]: <topology> -457 27 71[m
[01:20:45] [Netty Server IO #3/INFO]: <Time_origin> ì•„ ì§€í•˜êµ¬ë‚˜[m
[01:20:55] [Netty Server IO #5/INFO]: <topology> ã„±ã…¡ã„¹ã…“ã…ã…ˆã…£[m
[01:20:55] [Netty Server IO #3/INFO]: <Time_origin> ìˆ˜ì§ìœ¼ë¡œ ê°±ë„ì•¼?[m
[01:21:01] [Netty Server IO #3/INFO]: <Time_origin> ê·¸ëƒ¥ ë°‘ìœ¼ë¡œ íŒŒê³ ê°€ë„ ë˜ë‚˜?[m
[01:21:04] [Netty Server IO #5/INFO]: <topology> ã…‡ã…‡ã…‡[m
[01:21:10] [Netty Server IO #5/INFO]: <topology> ã„¸ã…“ã„¹ã…‡ã…“ã…ˆã…£ã…ˆã…£ ã…‡ã…ã„´ã…ã„±ã…” ã…ˆã…—ã……ã…£ã…[m
[01:21:14] [Netty Server IO #4/INFO]: <namjo> ã„±ã…¡ã„¹ã…“ã… ã…ˆã…’ ã„¸ã…“ã„¹ã…‡ã…“ã…ˆã…£ã„¹ã„²ã…“ã„¹[m
[01:21:17] [Netty Server IO #3/INFO]: <Time_origin> ;[m
[01:21:19] [Netty Server IO #5/INFO]: <topology> ;[m
[01:21:21] [Netty Server IO #3/INFO]: <Time_origin> ì¡°ì‹¬í•´ì•¼ë˜ë©´[m
[01:21:24] [Netty Server IO #3/INFO]: <Time_origin> ê·¸ëŸ¬ì§€ ë§ë¼ê³  í•´ì•¼ì§€[m
[01:21:32] [Netty Server IO #5/INFO]: <topology> ã…ˆã……[m
[01:22:14] [Netty Server IO #5/INFO]: <topology> ã…ã…Š[m
[01:22:15] [Netty Server IO #5/INFO]: <topology> ã…ã…›ã…‡ã… ã„¹5[m
[01:22:25] [Netty Server IO #5/INFO]: <topology> ã……ã…œã…‚ã…ã„±ã…†ã…£[m
[01:22:26] [Netty Server IO #5/INFO]: <topology> ã„±ã…‡ã„·[m
[01:23:26] [Netty Server IO #5/INFO]: <topology> ã„·ã„·ã„·ã„·ã„·[m
[01:23:34] [Netty Server IO #5/INFO]: <topology> ã„·ã…ã…‡ã„±ã…¡ã„´ã…‡ã…£ã„·ã…[m
[01:23:34] [Netty Server IO #3/INFO]: <Time_origin> í›„[m
[01:23:36] [Netty Server IO #3/INFO]: <Time_origin> ì¤€í˜•ì•„[m
[01:23:42] [Netty Server IO #3/INFO]: <Time_origin> ì´ëŸ°ë°ë¥¼ ìˆ˜ì§ìœ¼ë¡œ íŒŒê³ ì˜¤ë¼ê³  í–ˆëƒ ã…‹ã…‹ã…‹ã…‹ã…‹[m
[01:23:45] [Netty Server IO #5/INFO]: <topology> ã…ã…£ã…‡ã…ã„´....[m
[01:23:49] [Netty Server IO #3/INFO]: <Time_origin> ë„ˆë„¤ ë³´ì´ëŠ”ë° ì–´ë–»ê²Œ ë‚´ë ¤ê°„ë‹´[m
[01:24:01] [Netty Server IO #4/INFO]: <namjo> ã…ˆã„´ ã…‹ã…“[m
[01:24:17] [Netty Server IO #5/INFO]: <topology> beetrot seed[m
[01:24:57] [Netty Server IO #4/INFO]: <namjo> ã„·ã…ã…‡ã…£ã…‡ã… ã…‹ã…‹[m
[01:25:01] [Netty Server IO #3/INFO]: <Time_origin> ì–[m
[01:25:04] [Netty Server IO #4/INFO]: <namjo> ã…ã…‡[m
[01:25:07] [Netty Server IO #4/INFO]: <namjo> ã…ã…‡ã…ã…‡[m
[01:25:10] [Netty Server IO #3/INFO]: <Time_origin> ã…ã…‡ã…ã…‡[m
[01:25:13] [Netty Server IO #4/INFO]: <namjo> ã…‡ã…£ã„¹ã„¹ã…œã…‡ã…—ã…[m
[01:25:30] [Netty Server IO #5/INFO]: <topology> ã…ã…‡ã…ã…‡[m
[01:25:34] [Netty Server IO #5/INFO]: <topology> ã…ˆã…“ã„±ã…£ ã…ˆã…—ã…ã…‚ã…£..[m
[01:25:49] [Netty Server IO #5/INFO]: <topology> ã…‡ã„·[m
[01:26:12] [Netty Server IO #4/INFO]: <namjo> ã…‡ã…”ã„´ã„·ã…“ã…ã…ã„´ ã…‹ã…‹[m
[01:26:16] [Netty Server IO #3/INFO]: <Time_origin> ì—”ë”ë§¨ ã…‹ã…‹[m
[01:26:26] [Netty Server IO #3/INFO]: <Time_origin> ê±°ë¯¸ì¤„ì— ê±¸ë¦°ê±°?[m
[01:26:30] [Netty Server IO #4/INFO]: <namjo> ã…‹ã…‹ã…‹ã…‹[m
[01:27:16] [Netty Server IO #5/INFO]: <topology> ã„´ã…ã„±ã…[m
[01:27:17] [Netty Server IO #5/INFO]: <topology> ã„±ã…—ã„±ã„±ã…—ã…ã…‡ã…‡ã…£ã„¹ã…—[m
[01:27:19] [Netty Server IO #5/INFO]: <topology> ã……ã…¡ã…‹ã…”ã„¹ã…‡ã…¡ã„¹ ã…ˆã…ã…‚ã…‡ã…ã…†ã„·ã…[m
[01:27:22] [Netty Server IO #3/INFO]: <Time_origin> ã…‹ã…‹ã…‹ã…‹ã…‹ã…‹ã…‹ã…‹[m
[01:27:32] [Netty Server IO #3/INFO]: <Time_origin> ë©‹ìˆì–´[m
[01:27:37] [Netty Server IO #5/INFO]: <topology> ã„±ã……ã„±ã……[m
[01:27:47] [Netty Server IO #3/INFO]: <Time_origin> ì§±ë„“ë„¤[m
[01:28:58] [Netty Server IO #3/INFO]: <Time_origin> ë‹¤ë“¤ ì–´ë””?[m
[01:29:09] [Netty Server IO #3/INFO]: <Time_origin> ê°™ì´ ìˆêµ¬ë‚˜[m
[01:29:11] [Netty Server IO #5/INFO]: <topology> ã…‡ã…‡ã…‡[m
[01:30:51] [Netty Server IO #3/INFO]: <Time_origin> ìˆ˜ë°•ì”¨ ìˆëŒ”ì§€[m
[01:30:52] [Netty Server IO #5/INFO]: <topology> ã…‹ã…¡ã„¹ã…ã…ã…¡ã…Œã…£ã…‡ã…Œã…”ã…‡ã…£ã…‚ã…¡ã„¹ã…ˆã…—[m
[01:30:54] [Netty Server IO #5/INFO]: <topology> ã…‡ã…‡ã…‡[m
[01:31:10] [Netty Server IO #3/INFO]: <Time_origin> ì˜¤[m
[01:31:18] [Netty Server IO #3/INFO]: <Time_origin> ìŠ¤ì¼ˆì´ ë‚  ìˆëŠ”ë° ê±°ë¯¸ë‘ ì‹¸ìš°ë„¤[m
[01:31:24] [Netty Server IO #5/INFO]: <topology> ã…‹ã…‹ã…‹ã…‹[m
[01:31:38] [Netty Server IO #3/INFO]: <Time_origin> í¬ë¦¬í¼ë„ ìˆëŠ”ë° ìŒë°˜ ë„ì „ ê°ì¸ê°€[m
[01:31:41] [Netty Server IO #5/INFO]: <topology> ã…‡ã…—[m
[01:31:42] [Netty Server IO #5/INFO]: <topology> ã„±ã„±ã„±ã„±[m
[01:31:46] [Netty Server IO #4/INFO]: <namjo> ?[m
[01:31:47] [Netty Server IO #3/INFO]: <Time_origin> ì‹¤íŒ¨[m
[01:31:50] [Netty Server IO #5/INFO]: <topology> ã… ã… [m
[01:32:47] [Netty Server IO #3/INFO]: <Time_origin> ë„ˆë„¤ ë³´ì¸ë‹¤ ã…‹ã…‹[m
[01:32:50] [Netty Server IO #5/INFO]: <topology> ã…‹ã…‹[m
[01:33:07] [Netty Server IO #5/INFO]: <topology> ã…ã…‡[m
[01:33:09] [Netty Server IO #3/INFO]: <Time_origin> ã…ã…‡[m
[01:33:10] [Netty Server IO #5/INFO]: <topology> ã……ã…“ã„±ã…Œã…ã„´ ã…‹ã…ã…ˆã…œã…“[m
[01:33:15] [Netty Server IO #3/INFO]: <Time_origin> ã…‡ã…‹ã…‹[m
[01:33:58] [Netty Server IO #4/INFO]: <namjo> ã„·ã… ã…Œã…“ã„´ ã„·ã…¡ã……?[m
[01:34:10] [Netty Server IO #5/INFO]: <topology> ã…‡ã…‡.[m
[01:34:15] [Netty Server IO #4/INFO]: <namjo> ã„·ã…“ ã„´ã…ã„¹ã…•ã„±ã…ã…ˆã…[m
[01:34:17] [Netty Server IO #4/INFO]: <namjo> ã…‡ã…”ã…ã…”ã„¹ã…ã„¹ã„·ã…¡ ã…‹ã…ã…‡ã…‘ã…ˆã…£[m
[01:34:32] [Netty Server IO #5/INFO]: <topology> ã„±ã…¡ã„¹ã…“ã…ã…•ã„´[m
[01:34:33] [Netty Server IO #4/INFO]: <namjo> ã…‡ã…[m
[01:34:34] [Netty Server IO #4/INFO]: <namjo> ã…Œã…ã…‡ã…£ã„±ã…ã„´ã…”?[m
[01:34:35] [Netty Server IO #5/INFO]: <topology> ã„´ã…ã„´ã…¡ã„´ ã…ã…“ã„´ã…ˆã…“ ã…ˆã…£ã…‚ã…‡ã…¡ã„¹ã…— ã„·ã…—ã„¹ã…‡ã…ã„±ã…ã„·ã…—ã„¹ã…—ã„± ã…ã…ã…ˆã…£[m
[01:34:40] [Netty Server IO #4/INFO]: <namjo> ã… ã… [m
[01:34:42] [Netty Server IO #4/INFO]: <namjo> ã„±ã…ã…Œã…‡ã…£ã„±ã…ã…ˆã…[m
[01:34:45] [Netty Server IO #5/INFO]: <topology> ã…‡ã…‹ã…‡ã…‹[m
[01:35:58] [Netty Server IO #5/INFO]: <topology> ã……ã…¡ã„¹ã……ã…¡ã„¹ ã…ˆã…£ã…‚ã…‡ã…¡ã„¹ã…— ã„·ã…—ã„¹ã…‡ã…ã„±ã…ã„¹ã„²ã…[m
[01:36:00] [Netty Server IO #5/INFO]: <topology> ã…ã…•ã„´ã…‡ã… ã…ã…œã…“ã…ã…ã„´ã…£[m
[01:36:08] [Netty Server IO #3/INFO]: <Time_origin> ë‚˜ê°€ë ¤ê³ [m
[01:36:10] [Netty Server IO #3/INFO]: <Time_origin> í•˜ëŠ”ë°[m
[01:36:20] [Netty Server IO #5/INFO]: <topology> ã„±ã…ã…Œã…‡ã…£ã„±[m
[01:36:21] [Netty Server IO #3/INFO]: <Time_origin> ìœ¼[m
[01:36:24] [Netty Server IO #3/INFO]: <Time_origin> ì–´ë”¨ë‹ˆ[m
[01:36:46] [Netty Server IO #5/INFO]: <topology> ã„·ã„·[m
[01:37:03] [Netty Server IO #5/INFO]: <topology> ã……ã…“ã„±ã…Œã…ã„´ 242ã„±ã…ã…‚ã…ã„²ã…‡ã…” ã…‡ã…ã„´ã„·ã…—ã…£ã„´ã…”[m
[01:37:13] [Netty Server IO #3/INFO]: <Time_origin> ë‚˜ë„ 200ê°œìˆì–´[m
[01:37:15] [Netty Server IO #5/INFO]: <topology> ã„±ã…œã„·[m
[01:37:49] [Netty Server IO #4/INFO]: <namjo> ã…‚ã…ã…‡ã„±ã…¡ã…[m
[01:37:52] [Netty Server IO #4/INFO]: <namjo> ã…‚ã…œã……ã…“ã…ˆã…£ã„´ã…¡ã„´ ã……ã…—ã„¹ã…£ ã„´ã…ã……ã„´ã…¡ã„´ã„·ã…”[m
[01:37:58] [Netty Server IO #5/INFO]: <topology> ã„´ã…ã„²ã…“[m
[01:37:59] [Netty Server IO #5/INFO]: <topology> ã…‹ã…‹[m
[01:38:18] [Netty Server IO #3/INFO]: <Time_origin> ë°°í„°ë¦¬ê°€ 30ë¶„ ë‚¨ë‹¹[m
[01:38:23] [Netty Server IO #4/INFO]: <namjo> ã„´ã…—ã…Œã…¡ã…‚ã…œã„±?[m
[01:38:26] [Netty Server IO #3/INFO]: <Time_origin> ã…‡ã…‡[m
[01:38:29] [Netty Server IO #4/INFO]: <namjo> ã„²ã…—ã…ˆã…‡ã…[m
[01:38:39] [Netty Server IO #4/INFO]: <namjo> ã…‡ã… ã…ˆã…£ã„±ã…¡ã… ã…ã… ã„±ã…”ã……ã…£ã„¹?[m
[01:38:41] [Netty Server IO #3/INFO]: <Time_origin> ã…‡ã…‡[m
[01:38:43] [Netty Server IO #4/INFO]: <namjo> ã…‡ã…..[m
[01:39:03] [Netty Server IO #3/INFO]: <Time_origin> ê°€ì ¸ì™€ë„ ã„±ë˜ê¸´í•œë°[m
[01:39:07] [Netty Server IO #3/INFO]: <Time_origin> ë‘ì‹œì¯¤ ìì§€ ë­[m
[01:39:23] [Netty Server IO #3/INFO]: <Time_origin> ìš”ì¦˜ ëŠ¦ì  ìê³  ì‹¶ì€ë° ìê¾¸ ì¼ì° ê¹¨ì„œ[m
[01:39:28] [Netty Server IO #3/INFO]: <Time_origin> ã… ã… [m
[01:39:29] [Netty Server IO #5/INFO]: <topology> ....[m
[01:39:39] [Netty Server IO #3/INFO]: <Time_origin> ì–´ì œë„ ë‘ì‹œì¯¤ ëŠ”ë°[m
[01:39:42] [Netty Server IO #3/INFO]: <Time_origin> ì¼ê³±ì‹œ ì „ì— ê¹¨ì„œ[m
[01:39:44] [Netty Server IO #5/INFO]: <topology> ã…ã…“ã„¹[m
[01:39:46] [Netty Server IO #5/INFO]: <topology> ã…‡ã…“ã„¸ã…“ã…ã„±ã…” ã„±ã…¡ã„¹ã…“ã…ã„±ã…” ã„²ã…ã…ˆã…£[m
[01:39:46] [Netty Server IO #4/INFO]: <namjo> ã„·ã„·ã„·ã„·ã„·ã„·[m
[01:39:47] [Netty Server IO #3/INFO]: <Time_origin> ê·¸ëƒ¥ ì•„ì¹¨ë¨¹ìŒ[m
[01:39:48] [Netty Server IO #4/INFO]: <namjo> ã„±ã…¡ã„¹ã…“ã„´ã…£ã„²ã…[m
[01:39:56] [Netty Server IO #4/INFO]: <namjo> ã…‹ã…¡ã„¹ã…£ã…ã…“ã„·ã…[m
[01:40:39] [Netty Server IO #4/INFO]: <namjo> ã„´ã…“ã„´ã…” ã…‡ã„·?[m
[01:40:43] [Netty Server IO #5/INFO]: <topology> ã…ˆã…£ã…‚ã„±ã…ã„´ã…¡ã„´ã…ˆã…œã…‡[m
[01:40:49] [Netty Server IO #3/INFO]: <Time_origin> ì¤€í˜•ì´ ì«’ëŠ”ì¤‘[m
[01:41:01] [Netty Server IO #3/INFO]: <Time_origin> ì€ ë†“ì¹¨[m
[01:41:04] [Netty Server IO #5/INFO]: <topology> ã…ã…[m
[01:41:18] [Netty Server IO #3/INFO]: <Time_origin> -200 100ì¸ê°€?[m
[01:41:37] [Netty Server IO #5/INFO]: <topology> ã„´ã…ã„±ã… ã…ˆã…£ã„±ã…¡ã… ã„±ã…“ã„±ã…£ã…‡ã…£ã„´ã„·ã…” ã…‡ã…“ã…‚ã……ã„´ã…¡ã„´ã„±ã…“ã„¹ ã…‚ã…—ã…ã……ã…“ ã…‡ã…ã„´ã…£ã„´ ã„±ã…“ã…… ã„±ã…ã…Œã…‡ã…[m
[01:41:57] [Netty Server IO #4/INFO]: <namjo> ã…ã…•ã„´ã…‡ã…£ã„·ã…[m
[01:41:58] [Netty Server IO #4/INFO]: <namjo> ã…ã…‡[m
[01:42:00] [Netty Server IO #3/INFO]: <Time_origin> ã…ã…‡ã…ã…‡[m
[01:42:11] [Netty Server IO #3/INFO]: <Time_origin> ë‚´ê°€ ì›ë˜ ìˆë˜ë°ë‹¤[m
[01:42:50] [Netty Server IO #4/INFO]: <namjo> ???[m
[01:43:05] [Netty Server IO #5/INFO]: <topology> ã…‡ã…‡?[m
[01:43:09] [Netty Server IO #4/INFO]: <namjo> ã…Šã…ã…ˆã…‡ã…¡ã…[m
[01:43:21] [Netty Server IO #5/INFO]: <topology> ã…ˆã…ã„´ã…¡ã„´ã„±ã…“ã„´ ã…‡ã…“ã„¸ã…“ã„´ã…‘[m
[01:43:24] [Netty Server IO #5/INFO]: <topology> ã…‡ã…ã…ˆã…£ã„± ã…‡ã…ã„´ã…£ã„±ã…œã„´[m
[01:43:29] [Netty Server IO #3/INFO]: <Time_origin> ë‹¤ì´ì•„ê°€ ì í† ë³´ë‹¤ 11ë°´ê°€ ê·€í•˜ëŒ€[m
[01:43:35] [Netty Server IO #3/INFO]: <Time_origin> í¬ê·€í•˜ëŒ€[m
[01:43:39] [Netty Server IO #4/INFO]: <namjo> ã…‡ã…£ã„¹ã„¹ã…œã…‡ã…—ã…[m
[01:43:40] [Netty Server IO #4/INFO]: <namjo> ã…ˆã…ã…‡ã…‘ã…ˆã…£[m
[01:43:55] [Netty Server IO #5/INFO]: <topology> ã„´ã…ã„´ã…¡ã„´ ã…‡ã…—ã…£ã…‚ã…ã„±ã…ã…ã„´ã„·ã…[m
[01:44:02] [Netty Server IO #3/INFO]: <Time_origin> ã… ã… [m
[01:44:15] [Netty Server IO #4/INFO]: <namjo> ã…ƒã…ã„¹ã„¹ã…£ã…ˆã…[m
[01:44:29] [Netty Server IO #5/INFO]: <topology> ã…‡ã…•ã„±ã…£[m
[01:44:30] [Netty Server IO #5/INFO]: <topology> ã……ã…£ã„±ã„·ã…ã…‡ ã…ã…ã„´ã„·ã…¡ã„¹ã…ˆã…[m
[01:44:31] [Netty Server IO #5/INFO]: <topology> ã…‡ã…£ ã…ˆã…£ã…‚ã…‡ã…”[m
[01:44:34] [Netty Server IO #5/INFO]: <topology> ã…ˆã…œã…‚ã…ã…‡ã…‡ã…¡ã„¹ ã…ã…ã„´ã„·ã…¡ã„¹ã…‡ã…“ã……ã…“[m
[01:44:34] [Netty Server IO #3/INFO]: <Time_origin> ã…‡ì˜¤ì˜¤ì˜¤[m
[01:44:37] [Netty Server IO #3/INFO]: <Time_origin> ì¢‹ì€ ìƒê°ì´ì•¼[m
[01:44:41] [Netty Server IO #4/INFO]: <namjo> ã…ã…œã…ã…ã„´ã…ã…—ã…ã„¹[m
[01:44:43] [Netty Server IO #5/INFO]: <topology> ã„±ã…“ã„±ã…£ã„·ã…ã„±ã… furnaceã„±ã…ã…Œã…‡ã…¡ã„´ã„±ã…“ ã…ã…ã„± ã„´ã…“ã…ã„±ã…—[m
[01:44:43] [Netty Server IO #4/INFO]: <namjo> ã…‡ã…£ã„´ã…Šã…ã„´ ã„¸ã…¡ã„´ ã……ã…ã„¹ã…ã…?[m
[01:44:53] [Netty Server IO #3/INFO]: <Time_origin> 2ì¸µì— ë§Œë“¤ì–´ì•¼ì§€[m
[01:44:56] [Netty Server IO #5/INFO]: <topology> ã…ã…—ã…ã„¹ ã…ˆã…œã…“ã…‚ã…—ã…ã…‡[m
[01:45:17] [Netty Server IO #5/INFO]: <topology> ã„´ã… ã…ã…—ã…ã„¹ ã…ã…ã„´ã…ã…ã…ã„´[m
[01:45:40] [Netty Server IO #3/INFO]: <Time_origin> ì°¸ë‚˜ë¬´ã„·ê°€ 5ì…‹ì´ë„¤[m
[01:45:42] [Netty Server IO #3/INFO]: <Time_origin> ë„£ì–´ë†¨ì–´[m
[01:45:46] [Netty Server IO #5/INFO]: <topology> ã„±ã……ã„±ã……[m
[01:45:54] [Netty Server IO #5/INFO]: <topology> ã„´ã… powerã…‡ã…£ã…..[m
[01:45:57] [Netty Server IO #3/INFO]: <Time_origin> ëŒì´ë‘ ì„íƒ„ë„[m
[01:46:03] [Netty Server IO #3/INFO]: <Time_origin> ë”´ê±° ë§Œë“¤ì—‰[m
[01:46:04] [Netty Server IO #3/INFO]: <Time_origin> ã…ã…[m
[01:46:07] [Netty Server IO #3/INFO]: <Time_origin> ì¹¼ê°™ì€ê±°[m
[01:46:13] [Netty Server IO #5/INFO]: <topology> ã„±ã…—ã„±ã„±ã…—ã…ã…‡ã…‡ã…£ã„±ã… ã…ã…—ã…Šã… ã„´ã…‡ã…£ã„±ã…£ã„´ ã…ã…[m
[01:46:20] [Netty Server IO #3/INFO]: <Time_origin> ã„±ã„±[m
[01:46:22] [Netty Server IO #4/INFO]: <namjo> ã…ã…œã…ã…ã„´ã…ã…—ã…ã„¹ã…‡ã…£ã„·ã…[m
[01:46:25] [Netty Server IO #5/INFO]: <topology> ã…‡ã…—[m
[01:46:25] [Netty Server IO #4/INFO]: <namjo> ã……ã…“ã„±ã…‡ã…•ã…‡ã…‹ã…ã„¹ã…“ ã„±ã…ã„¹ ã……ã…ã„¹ã…ã…?[m
[01:46:28] [Netty Server IO #3/INFO]: <Time_origin> ì•—[m
[01:46:30] [Netty Server IO #5/INFO]: <topology> ã„´ã…ã…ã…ˆã…—[m
[01:46:30] [Netty Server IO #3/INFO]: <Time_origin> ì €ìš”[m
[01:46:38] [Netty Server IO #4/INFO]: <namjo> ã…ã…œã„´ã…‡ã…ã…ã…‡ã…”ã……ã…“ ã…‚ã…—ã…ˆã…[m
[01:46:38] [Netty Server IO #5/INFO]: <topology> ã…ˆã…ã„¹ ã…‹ã…ã„±ã…— ã…‡ã…—ã…ã…‡[m
[01:46:41] [Netty Server IO #5/INFO]: <topology> ã„´ã…ã„´ ã…‡ã…•ã„±ã…£ã……ã…“ ã…ã…œã…“ã…ˆã…—ã… ã…ã…ã„±ã…— ã…‡ã…£ã…†ã…‡ã…¡ã„¹ã„±ã…”[m
[01:46:46] [Netty Server IO #3/INFO]: <Time_origin> ì•„ ê·¼ë° ë°°í„°ë¦¬ê°€ ê³§ ëì´ë‹¤[m
[01:46:52] [Netty Server IO #4/INFO]: <namjo> ã… ã… ?[m
[01:46:52] [Netty Server IO #3/INFO]: <Time_origin> ë‹¤ìŒì— ê°ˆê²Œ[m
[01:46:55] [Netty Server IO #4/INFO]: <namjo> ã„±ã…¡ã„¹ã…“ã…[m
[01:46:57] [Netty Server IO #4/INFO]: <namjo> ã„´ã…ã…‡ã…£ã„¹ ã„±ã…ã„´ã…¡ã„´ã„±ã…“ã„¹ã„¹ã…—[m
[01:46:59] [Netty Server IO #4/INFO]: <namjo> ã„´ã…ã„·ã…— ã…ˆã…ã…‡ã…‘ã„±ã…”ã…†ã„·ã…[m
[01:47:00] [Netty Server IO #3/INFO]: <Time_origin> ã…‡ã…‡[m
[01:47:04] [Netty Server IO #4/INFO]: <namjo> ã„±ã…ã…ã…£ã„±ã…—ã„´[m
[01:47:04] [Netty Server IO #5/INFO]: <topology> ã…Šã…ã…ã„´ã…ã…ã…œ ã…‡ã…“ã„·ã…£ã…†ã……ã…“ã…‡[m
[01:47:05] [Netty Server IO #4/INFO]: <namjo> ã„´ã…œã„´ã…‡ã…ã…ã…“[m
[01:47:12] [Netty Server IO #3/INFO]: <Time_origin> ì œì¼í°ë°©ì—˜[m
[01:47:21] [Netty Server IO #3/INFO]: <Time_origin> ë‚¨ì¡° ì˜ì[m
[01:47:25] [Netty Server IO #4/INFO]: <namjo> ã…‡ã…‡ ã…‚ã…‚[m
[01:47:30] [Netty Server IO #5/INFO]: <topology> ã…ã…—ã…‡ã…—ã…‡ã…—ã…‡ã…—[m
[01:47:33] [Netty Server IO #5/INFO]: <topology> ã…Šã…ã…ã„´ã…ã…ã…œ ã…‰ã…ã…‡ã…ã…ã„´ã…[m
[01:47:33] [Netty Server IO #5/INFO]: <topology> ã…‚ã…‚[m
[01:47:36] [Netty Server IO #4/INFO]: <namjo> ã„´ã…“ã„·ã…—[m
[01:47:38] [Netty Server IO #4/INFO]: <namjo> ã…ˆã…ã…‡ã…‘ã…ˆã…£[m
[01:47:41] [Netty Server IO #4/INFO]: <namjo> ã…‡ã…“ã„´ã…ˆã…”ã…ˆã…ã…?[m
[01:47:45] [Netty Server IO #4/INFO]: <namjo> ã……ã…“ã…‚ã…“ ã„²ã…¡ã„¹ã…•ã„±ã…— ã…ã…ã„´ã…¡ã„´ã„·ã…”[m
[01:47:47] [Netty Server IO #4/INFO]: <namjo> ã„±ã…–ã……ã…—ã„± ã…‹ã…•ã„´ã…—ã…?[m
[01:47:47] [Netty Server IO #5/INFO]: <topology> ã„´ã…[m
[01:47:51] [Netty Server IO #5/INFO]: <topology> ã„´ã…ã…ã…œã…ã…ã„´ ã…‡ã…£ã„´ã…‚ã…”ã„´ã…‡ã…” ã„´ã…“ã…ã…‡ã…“ã„´ã…—ã…ã„±ã…—[m
[01:47:51] [Netty Server IO #3/INFO]: <Time_origin> ìŒ[m
[01:47:52] [Netty Server IO #5/INFO]: <topology> ã…ˆã…ã„¹ã„¹ã…ã„±ã…—[m
[01:47:55] [Netty Server IO #4/INFO]: <namjo> ã…‡ã…[m
[01:47:56] [Netty Server IO #3/INFO]: <Time_origin> ë‚˜ë„ ìì•¼ì§€[m
[01:47:59] [Netty Server IO #4/INFO]: <namjo> ã…ˆã…—ã…ã…ã…ã„´ ã„±ã…£ã„·ã…ã„¹ã…•ã„·ã…¡ã„¹ã…£ã…[m
[01:48:00] [Netty Server IO #3/INFO]: <Time_origin> ì•ˆë…•![m
[01:48:03] [Netty Server IO #4/INFO]: <namjo> ã…‡ã…‡![m
[01:48:05] [Netty Server IO #5/INFO]: <topology> ã…‚ã…‚![m
[01:48:06] [Server thread/INFO]: Time_origin lost connection: Disconnected
[01:48:06] [Server thread/INFO]: Time_origin left the game
[01:48:15] [Netty Server IO #5/INFO]: <topology> 3ã…Šã…¡ã…‡ã…‡ã…” ã…‡ã…—ã„¹ã„¹ã…ã…‡ã…—ã…ã…†ã…‡ã…¡ã„´ã…£[m
[01:48:17] [Netty Server IO #5/INFO]: <topology> ã„´ã…ã„·ã…— ã…ˆã…ã„´ã„·ã…[m
[01:48:17] [Netty Server IO #5/INFO]: <topology> ã…‚ã…‚[m
[01:48:19] [Netty Server IO #4/INFO]: <namjo> ã…‚ã…‚[m
[01:48:20] [Server thread/INFO]: namjo lost connection: Disconnected
[01:48:20] [Server thread/INFO]: namjo left the game
[01:48:21] [Server thread/INFO]: topology lost connection: Disconnected
[01:48:21] [Server thread/INFO]: topology left the game
[01:48:25] [Server thread/INFO]: Stopping the server
[01:48:25] [Server thread/INFO]: Stopping server
[01:48:25] [Server thread/INFO]: Saving players
[01:48:25] [Server thread/INFO]: Saving worlds
[01:48:25] [Server thread/INFO]: Saving chunks for level 'world'/Overworld
[01:48:26] [Server thread/INFO]: Saving chunks for level 'world_nether'/Nether
[01:48:26] [Server thread/INFO]: Saving chunks for level 'world_the_end'/The End
