[00:00:06] [Server thread/INFO]: namjo[/192.168.0.6:49440] logged in with entity id 833 at ([world]-243.17579585640837, 66.0, 222.69189800512947)
[00:00:36] [Server thread/INFO]: JOON[/110.76.78.144:54774] logged in with entity id 1438 at ([world]-225.23532069081338, 65.0, 231.92325952175537)
[00:01:42] [Netty Server IO #3/INFO]: <JOON> ã…ã…•ã„´ã…‡ã…£ ã„±ã…—ã„· ã…‡ã…—ã…[m
[00:01:48] [Netty Server IO #1/INFO]: <namjo> ã……ã…¡ã…‹ã…ã…ã…‡ã…£ã„´ã… ã…‚ã…ã„·ã…‡ã…[m
[00:01:54] [Netty Server IO #3/INFO]: <JOON> ã…‡ã…ã…… ã…ˆã……[m
[00:05:09] [Netty Server IO #3/INFO]: <JOON> ã…ˆã…“ã„´ã…ã…—ã…ã…‚ã…ã„·ã…‡ã…[m
[00:11:39] [Server thread/INFO]: Time_origin[/110.76.126.64:60224] logged in with entity id 12433 at ([world]-220.9780948755268, 65.0, 216.58882708956187)
[00:11:41] [Netty Server IO #3/INFO]: <JOON> ã…ã…‡ã…ã…‡[m
[00:15:13] [Server thread/INFO]: namjo has just earned the achievement [Local Brewery]
[00:15:30] [Netty Server IO #5/INFO]: <Time_origin> ã…ã…‡ã…ã…‡[m
[00:15:33] [Netty Server IO #1/INFO]: <namjo> ã…ã…‡ã…ã…‡[m
[00:16:06] [Netty Server IO #5/INFO]: <Time_origin> ë‹­ ê°œ ì‹œë„ëŸ¼ë„¤[m
[00:16:18] [Netty Server IO #1/INFO]: <namjo> ã…ã…•ã„´ã…‡ã…£ ã……ã…¡ã…‹ã…ã… ã…‡ã…ã„´ã…‹ã…£ã…?[m
[00:16:27] [Netty Server IO #5/INFO]: <Time_origin> ì§€ê¸ˆ í‚¤ëŠ”ì¤‘[m
[00:16:40] [Netty Server IO #1/INFO]: <namjo> ã„´ã…ã„±ã… ã…‰ã…ã…‡ã…‰ã…ã…‡ã……ã…”ã„´ ã„·ã…ã…‡ã…£ã…‡ã…ã…ã…œã„¹ã……ã…”ã……ã…‡ã…£ã„·ã…[m
[00:18:05] [Netty Server IO #5/INFO]: <Time_origin> íƒ€ë‹¥íƒ€ë‹¥ì†Œë¦¬ ë­ëƒ[m
[00:19:36] [Netty Server IO #5/INFO]: <Time_origin> íƒ€ë‹¥íƒ€ë‹¥ ì†Œë¦¬ ëˆ„ê°€ëƒ„?[m
[00:19:45] [Netty Server IO #5/INFO]: <Time_origin> ë‚˜[m
[00:19:49] [Netty Server IO #5/INFO]: <Time_origin> ì–´ ë‚˜ ì•„ë‹˜[m
[00:19:51] [Netty Server IO #5/INFO]: <Time_origin> ë­ë´[m
[00:19:56] [Netty Server IO #3/INFO]: <JOON> ã……ã…¡ã…‹ã…ã…ã…‡ã…£ã„´ã… ã„·ã…¡ã„¹ã…‡ã…“ã…‡ã…—ã……ã…•[m
[00:20:03] [Netty Server IO #5/INFO]: <Time_origin> ë‹¤ìš´ë°›ê³ ìˆì–´[m
[00:20:06] [Netty Server IO #3/INFO]: <JOON> ã„·ã„·ã„·[m
[00:20:15] [Netty Server IO #5/INFO]: <Time_origin> ì¥ë¹„ ì±™ê²¨ì•¼ê² ë„¤[m
[00:20:16] [Netty Server IO #3/INFO]: <JOON> ã…ã…•ã„´ã…‡ã…[m
[00:20:18] [Netty Server IO #3/INFO]: <JOON> ã„±ã…ã……ã…“ ã…‡ã…—ã……ã„±ã…ã„¹ã…‡ã…ã…‡ã…£ã…‚ã…‡ã…“[m
[00:20:20] [Netty Server IO #5/INFO]: <Time_origin> ë°©íŒ¨ë§Œë“¤ì–´ì¤˜ ã…ã…[m
[00:20:24] [Netty Server IO #1/INFO]: <namjo> ã…‡ã…£ã„¹ã„¹ã…—ã…‡ã…—ã…[m
[00:20:37] [Netty Server IO #1/INFO]: <namjo> ã…ˆã…[m
[00:20:42] [Netty Server IO #1/INFO]: <namjo> ã…ˆã…[m
[00:20:47] [Netty Server IO #5/INFO]: <Time_origin> ã„³[m
[00:20:59] [Netty Server IO #3/INFO]: <JOON> ã…ã…ã…ˆã„·ã… ã…ã…•ã„´ã…‡ã…[m
[00:21:00] [Netty Server IO #3/INFO]: <JOON> ã„´ã…“[m
[00:21:03] [Netty Server IO #1/INFO]: <namjo> ã„¹ã…”ã…‚ã…”ã„¹ã…ã…•ã…Š?[m
[00:21:08] [Netty Server IO #5/INFO]: <Time_origin> 16?[m
[00:21:10] [Netty Server IO #3/INFO]: <JOON> ã…ã…¡ã„¹ã…—ã……ã…¡ã…Œã…¡ ã…‡ã…œã…“ã…‹ã…“ ã…‡ã…£ã…†ã…ˆã…£ ã…‡ã…ã„´ã…ã…‡ã…ã…†ã„´ã…‘[m
[00:21:10] [Netty Server IO #1/INFO]: <namjo> ã… [m
[00:21:16] [Netty Server IO #1/INFO]: <namjo> ã…ã…•ã„´ã…‡ã…[m
[00:21:17] [Netty Server IO #1/INFO]: <namjo> ã…‡ã…£ã„¹ã„¹ã…—ã…‡ã…—ã…[m
[00:21:19] [Netty Server IO #5/INFO]: <Time_origin> ì–´ì–´ ë‚´ê°€ ë“¤ê³ ìˆë„¤[m
[00:21:27] [Netty Server IO #1/INFO]: <namjo> ã…‡ã…£ã„¹ã„¹ã…—ã…‡ã…—ã…ã…ã…ã…ã…ã…ã…ã…[m
[00:21:32] [Netty Server IO #1/INFO]: <namjo> ã…‡ã…£ã„¹ã„¹ã…—ã…‡ã…—ã…ã…‡ã…ã…ã…‡ã…ã…‡ã…ã…‡ã…ã…‡ã…ã…‡ã…[m
[00:21:36] [Netty Server IO #5/INFO]: <Time_origin> ì§ì¢€ ë¹„ìš°ê³ [m
[00:21:40] [Netty Server IO #3/INFO]: <JOON> ã…‡ã…”ã„´ã„·ã…“ ã……ã…ã…‡ã…ˆã…ã…‡ã…”[m
[00:21:42] [Netty Server IO #3/INFO]: <JOON> ã…ã…œã„¹ã„±ã…“ã„´ã…ˆã…—ã… ã„´ã…“ã…ã…‡ã…“ã„´ã…—ã…[m
[00:21:50] [Netty Server IO #5/INFO]: <Time_origin> ë­ ë„£ì–´ë‘¬?[m
[00:21:53] [Netty Server IO #3/INFO]: <JOON> ã…‡ã…¡ã…[m
[00:21:54] [Netty Server IO #1/INFO]: <namjo> ã„±ã…ã……ã…“ ã…†ã…¡ã„¹ã„±ã…“ã……ã„·ã…¡ã„¹[m
[00:21:56] [Netty Server IO #3/INFO]: <JOON> ã…‚ã…£ã……ã…ã…‡ã……ã…£ã…‡ã…” ã…†ã…¡ã„¹ã„±ã…“??[m
[00:22:05] [Netty Server IO #5/INFO]: <Time_origin> ã…‡ã…‹ã…‡ã…‹[m
[00:22:05] [Netty Server IO #3/INFO]: <JOON> ë§¥ í•œê¸€ ê·¹í˜[m
[00:22:10] [Netty Server IO #1/INFO]: <namjo> ã…‡ã…•ã„±ã…£[m
[00:22:12] [Netty Server IO #1/INFO]: <namjo> ã……ã…ã…‡ã…ˆã…ã…‡ã…”ã……ã…“[m
[00:22:14] [Netty Server IO #1/INFO]: <namjo> ã„·ã…ã…‡ã…£ã…‡ã…ã……ã…”ã…… ã„±ã…ã…ˆã…•ã„±ã…ã…‡[m
[00:22:22] [Netty Server IO #3/INFO]: <JOON> ì˜¤í† ë§ˆíƒ€ë¥¼ ì–´ë–»ê²Œ ì²˜ ë§Œë“¤ì—ˆê¸¸ë˜[m
[00:22:26] [Netty Server IO #1/INFO]: <namjo> ã…‹ã…‹ã…‹ã…‹ã…‹ã…‹ã…‹ã…‹ã…‹ã…‹[m
[00:22:31] [Netty Server IO #1/INFO]: <namjo> ã„´ã…—ã„´ ã…ã…œã…“ã„´ã„·ã…” ã…‡ã…—ã…ã„¹ã…‹ã… ã…ˆã…ã„¹ ã…Šã…•ã…ˆã…£ã„´ã…‘[m
[00:22:35] [Netty Server IO #5/INFO]: <Time_origin> ë ‰ê±¸ë¦°ë‹¹[m
[00:22:36] [Netty Server IO #3/INFO]: <JOON> ì„¤ë§ˆ í•œê¸€ í’€ì–´ì“°ê¸°ë¥¼ ì£¼ì¥í–ˆë˜ ì‚¬ëŒì¸ê°€[m
[00:23:14] [Netty Server IO #5/INFO]: <Time_origin> ê·¼ë° ë¹„ìƒì‹œì— ì“¸ê±° ë“¤ê³ ê°€ë„ ëŒ?[m
[00:23:17] [Netty Server IO #3/INFO]: <JOON> ã…‡[m
[00:23:17] [Netty Server IO #1/INFO]: <namjo> ã…‡ã…‡[m
[00:23:19] [Netty Server IO #1/INFO]: <namjo> ã…‡ã…”ã„´ã„·ã…“ã……ã…ã…‡ã…ˆã…ã…‡ã…”[m
[00:23:20] [Netty Server IO #1/INFO]: <namjo> ã„´ã…“ã…ã„±ã…— ã„±ã…ã……ã…”ã…[m
[00:23:29] [Netty Server IO #5/INFO]: <Time_origin> ì™œ ì•ˆë“¤ê³ ê°€ê³  ë„£ì–´ë†”?[m
[00:23:29] [Netty Server IO #1/INFO]: <namjo> ã…ã…•ã„´[m
[00:23:33] [Netty Server IO #1/INFO]: <namjo> ã„±ã…“ã„±ã…£ã……ã…“[m
[00:23:36] [Netty Server IO #1/INFO]: <namjo> ã……ã…”ã…Œã…¡ ã…Šã…ã…‡ã…•ã„±[m
[00:23:45] [Netty Server IO #3/INFO]: <JOON> ã„·ã…¡ã„¹ã„±ã…—ã„±ã…ã„±ã…—ã……ã…£ã…ã…‡ã…¡ã…ã…•ã„´ ã„·ã…¡ã„¹ã„±ã…—ã„±ã…ã„·ã…— ã„·ã…—ã…£ã…[m
[00:23:45] [Netty Server IO #3/INFO]: <JOON> ã…‹ã…‹ã…‹[m
[00:24:02] [Netty Server IO #5/INFO]: <Time_origin> êµ¿[m
[00:24:29] [Netty Server IO #5/INFO]: <Time_origin> ê°‘ì˜·ì´ ë³´í˜¸ê°€ ë¶€ì¡±í•˜ë„¤ ì¡°ì‹¬í•´ì•¼ê² ë‹¤[m
[00:24:57] [Netty Server IO #5/INFO]: <Time_origin> í™©ê¸ˆì‚¬ê³¼ ë§Œë“¤ì–´ê°ˆê¹Œ[m
[00:25:35] [Netty Server IO #5/INFO]: <Time_origin> ì–˜ëœ°ì•„ íƒ€ë‹¥íƒ€ë‹¥ì†Œë¦¬ ë‚˜ë§Œë“¤ë¦¼?[m
[00:25:43] [Netty Server IO #3/INFO]: <JOON> dk[m
[00:25:44] [Netty Server IO #3/INFO]: <JOON> ã…‡ã…[m
[00:25:44] [Netty Server IO #3/INFO]: <JOON> ã„±ã…¡ã„±ã…“[m
[00:25:46] [Netty Server IO #3/INFO]: <JOON> ã…ã…£ã…Œã…‡ã…”[m
[00:25:47] [Netty Server IO #3/INFO]: <JOON> ã„±ã…¡ã„±ã…“ ã…‡ã…£ã…†ã…ˆã…ã„´ã…[m
[00:25:57] [Netty Server IO #3/INFO]: <JOON> ã…ã…—ã…£ã„¹ã…—ã„¹ã…ã…‡[m
[00:26:02] [Netty Server IO #5/INFO]: <Time_origin> ì•„í•˜[m
[00:26:03] [Netty Server IO #3/INFO]: <JOON> ã„±ã…¡ ã…ã…œã…“ã„´ã…[m
[00:26:04] [Netty Server IO #3/INFO]: <JOON> ã…ã…œã…“ã„´ã…‘[m
[00:26:06] [Netty Server IO #3/INFO]: <JOON> ã…‡ã…£ã„¹ã…¡ã… ã„²ã…ã…ã…“ã„±ã…¡ã…[m
[00:26:07] [Netty Server IO #3/INFO]: <JOON> ã…‹ã…‹[m
[00:26:10] [Netty Server IO #5/INFO]: <Time_origin> ë™ë¬¼ì†Œë¦¬ë¥¼ ê»ë”ë‹ˆ[m
[00:26:13] [Netty Server IO #5/INFO]: <Time_origin> ì´ê±°ë§Œ ë“¤ë¦¬ëŠ”ê±°êµ°[m
[00:26:18] [Netty Server IO #5/INFO]: <Time_origin> ë””ìŠ¤íœì„œ?[m
[00:26:21] [Netty Server IO #3/INFO]: <JOON> ã…‡ã…‡ã…‡ã…‡[m
[00:26:30] [Netty Server IO #5/INFO]: <Time_origin> 30ì´ˆí›„ì— ë‹¤ìš´ ì™„ë£Œ[m
[00:26:40] [Netty Server IO #5/INFO]: <Time_origin> ã„±ã„±?[m
[00:27:01] [Netty Server IO #5/INFO]: <Time_origin> ë ‰ ì‹¬í•˜ë‹¤ ã… ã… [m
[00:27:12] [Server thread/INFO]: Time_origin lost connection: You logged in from another location
[00:27:12] [Server thread/INFO]: Time_origin left the game
[00:27:12] [Server thread/INFO]: Time_origin[/110.76.126.64:60972] logged in with entity id 28495 at ([world]-230.66561563985846, 64.41499099849125, 228.01879836533737)
[00:27:19] [Netty Server IO #0/INFO]: <Time_origin> ë‹¤ìš´ë°›ëŠ”ì¤‘ì´ë¼ ê·¸ëŸ°ê°€[m
[00:27:42] [Netty Server IO #0/INFO]: <Time_origin> ??[m
[00:28:23] [Netty Server IO #3/INFO]: <JOON> ã…‡ã…‡ã„±ã…¡ã„¹ã…“ã„´ã„·ã…¡ã……[m
[00:28:41] [Netty Server IO #0/INFO]: <Time_origin> ì „ì— ê±°ê¸°ë¡œ ë‹¤ì‹œ ê°€ë©´ ë¨?[m
[00:28:48] [Netty Server IO #3/INFO]: <JOON> ã…‡ã…‡ ã„±ã…ã…Œã…‡ã…£ ã„±ã…ã„¹ã„±ã…“ã…‡ã…£ã…[m
[00:28:55] [Netty Server IO #0/INFO]: <Time_origin> íšŒë³µë¬¼ì•½ ë§Œë“œë ¤ë©´[m
[00:29:18] [Netty Server IO #0/INFO]: <Time_origin> ë­ê°€ í•„ìš”í•˜ë‹ˆ?[m
[00:29:30] [Netty Server IO #3/INFO]: <JOON> ã„´ã…ã…ã…ˆã…—ã„±ã… ã…ã…ã„´ã„·ã…¡ã„¹ã…‡ã…“ã„´ã…—ã…ã…‡ã…¡ã„´ ã…ã…—ã…£ã…‚ã…—ã„±ã…ã…—ã……ã…•ã„´ã…‡ã…£ ã…‚ã…—ã„±ã…—ã…ã„´ã„·ã…—ã…£ã„´ ã……ã…ã…‡ã…ˆã…ã„²ã…ã…ˆã…£ ã„±ã…ã„¹ ã……ã…œ ã…‡ã…£ã…†ã„´ã…¡ã„´ ã…ã…£ã…[m
[00:30:47] [Netty Server IO #0/INFO]: <Time_origin> ã…ã…[m
[00:30:49] [Netty Server IO #1/INFO]: <namjo> ã„±ã„±[m
[00:30:50] [Netty Server IO #0/INFO]: <Time_origin> ê·¸ë ‡êµ°[m
[00:30:51] [Netty Server IO #3/INFO]: <JOON> ã„²ã…ã„¹ã…‡ã…ã……ã„´ã…£[m
[00:30:53] [Netty Server IO #0/INFO]: <Time_origin> ì„¤ì¹˜ëì–´[m
[00:30:56] [Netty Server IO #0/INFO]: <Time_origin> ê·¼ë° ì–´ë–»ê²Œ ì“°ëŠ”ì§€[m
[00:31:04] [Netty Server IO #1/INFO]: <namjo> ã„±ã…¡ã„¹ã…“ã… ã„±ã…‘ã…‡[m
[00:31:05] [Netty Server IO #3/INFO]: <JOON> ã„¹ã…—ã„±ã…¡ã…‡ã…£ã„´ã…‡ã…¡ã„¹ ã…ã…[m
[00:31:07] [Netty Server IO #1/INFO]: <namjo> ã…ã…—ã„´ã……ã…¡ã…‹ã…ã…ã…‡ã…¡ã„¹ã…— ã…‡ã…—ã„¹ã…•ã…[m
[00:31:31] [Netty Server IO #0/INFO]: <Time_origin> ã„±ã„·ã„±ã„·[m
[00:33:00] [Netty Server IO #0/INFO]: <Time_origin> ê±¸ì—ˆë‹¤[m
[00:33:09] [Netty Server IO #3/INFO]: <JOON> ã„±ã…“ã„¹ã„¹ã…•ã…‡ã…£ã…†ã„´ã…¡ã„´ã„±ã…“ ã„·ã…¡ã„¹ã…‡ã…“ã…‡ã…—ã…ã…•ã„´ ã„·ã…—ã…£ã„´ã…¡ã„´ã„·ã…”[m
[00:33:32] [Netty Server IO #0/INFO]: <Time_origin> ì•„ê·¸ëŸ°ê°€[m
[00:36:05] [Server thread/WARN]: namjo moved too quickly! 197.17373902877972,1.0,-219.69177002715728
[00:36:09] [Server thread/WARN]: JOON moved too quickly! 198.02756914197101,1.0,-220.519247879408
[00:39:39] [Server thread/WARN]: namjo moved too quickly! 1111.2422327901454,-9.0,-620.4137893969589
[00:39:41] [Server thread/WARN]: JOON moved too quickly! 1110.2517814859943,-9.0,-619.8000000119209
[00:39:43] [Server thread/WARN]: Time_origin moved too quickly! 1112.1647565563492,-9.0,-621.147977007911
[00:39:43] [Server thread/WARN]: Can't keep up! Did the system time change, or is the server overloaded? Running 2277ms behind, skipping 45 tick(s)
[00:39:55] [Server thread/INFO]: Saving...
[00:39:55] [Server thread/INFO]: Saved the world
[00:40:20] [Server thread/INFO]: Time_origin has just earned the achievement [The End?]
[00:40:20] [Server thread/WARN]: Time_origin moved too quickly! -1154.3567928615205,20.392604549951344,709.3816500600469
[00:40:21] [Server thread/INFO]: Scanning for legacy world dragon fight...
[00:40:21] [Server thread/INFO]: Found that the dragon has not yet been killed in this world.
[00:40:21] [Server thread/INFO]: Found that there's a dragon still alive (EntityEnderDragon['Ender Dragon'/37875, l='world_the_end', x=-14.75, y=78.53, z=-70.59])
[00:40:21] [Server thread/INFO]: But we didn't have a portal, let's remove it.
[00:40:21] [Server thread/INFO]: JOON has just earned the achievement [The End?]
[00:40:21] [Server thread/WARN]: namjo moved too quickly! -1154.8064880786446,20.392604549951344,710.153438382368
[00:40:22] [Server thread/WARN]: JOON moved too quickly! -1154.9738946310174,20.392604549951344,709.7404736075987
[00:41:54] [Netty Server IO #0/INFO]: <Time_origin> ã…‡ë¦¬ë³‘~[m
[00:44:23] [Server thread/INFO]: Time_origin was killed by Ender Dragon using magic
[00:45:08] [Server thread/WARN]: Time_origin moved too quickly! 198.19999998807907,1.0,-219.33788162540588
[00:46:33] [Server thread/INFO]: Time_origin tried to swim in lava
[00:47:49] [Server thread/WARN]: Time_origin moved too quickly! 197.73079410749446,1.0,-220.42386873843367
[00:48:29] [Server thread/INFO]: JOON fell out of the world
[00:50:28] [Server thread/WARN]: Time_origin moved too quickly! 1111.192841796549,-9.0,-620.4509960383217
[00:50:33] [Server thread/INFO]: namjo was killed by Ender Dragon using magic
[00:50:35] [Server thread/WARN]: Time_origin moved too quickly! -1154.3995867873834,20.392604549951344,709.601990152824
[00:50:58] [Server thread/WARN]: namjo moved too quickly! 197.92542384426474,1.0,-220.16893404094446
[00:51:23] [Server thread/WARN]: namjo moved too quickly! -197.82202747607505,-1.0,220.67678653814164
[00:51:49] [Netty Server IO #3/INFO]: <JOON> ã…ã…œã…“ã…‡ã…‘[m
[00:51:51] [Netty Server IO #3/INFO]: <JOON> ã……ã…¡ã…‹ã…ã… ã…‡ã…—ã… ã„²ã…“ã…ˆã…£ã…[m
[00:52:07] [Netty Server IO #1/INFO]: <namjo> ???[m
[00:52:42] [Server thread/INFO]: Time_origin has just earned the achievement [The End.]
[00:54:05] [Server thread/INFO]: namjo lost connection: Disconnected
[00:54:05] [Server thread/INFO]: namjo left the game
[00:54:08] [Server thread/INFO]: JOON lost connection: Disconnected
[00:54:08] [Server thread/INFO]: JOON left the game
[00:54:10] [Server thread/INFO]: Time_origin lost connection: Disconnected
[00:54:10] [Server thread/INFO]: Time_origin left the game
[00:54:11] [Server thread/INFO]: Stopping the server
[00:54:11] [Server thread/INFO]: Stopping server
[00:54:11] [Server thread/INFO]: Saving players
[00:54:11] [Server thread/INFO]: Saving worlds
[00:54:11] [Server thread/INFO]: Saving chunks for level 'world'/Overworld
[00:54:11] [Server thread/INFO]: Saving chunks for level 'world_nether'/Nether
[00:54:11] [Server thread/INFO]: Saving chunks for level 'world_the_end'/The End
