2016-12-27 21:44:33 [INFO] Starting minecraft server version 1.6.4
2016-12-27 21:44:34 [INFO] Loading properties
2016-12-27 21:44:34 [WARNING] server.properties does not exist
2016-12-27 21:44:34 [INFO] Generating new properties file
2016-12-27 21:44:34 [INFO] Default game type: SURVIVAL
2016-12-27 21:44:34 [INFO] Generating keypair
2016-12-27 21:44:34 [INFO] Starting Minecraft server on *:25565
2016-12-27 21:44:35 [WARNING] Failed to load operators list: java.io.FileNotFoundException: ./ops.txt (No such file or directory)
2016-12-27 21:44:35 [WARNING] Failed to load white-list: java.io.FileNotFoundException: ./white-list.txt (No such file or directory)
2016-12-27 21:44:35 [INFO] Preparing level "world"
2016-12-27 21:44:36 [INFO] Preparing start region for level 0
2016-12-27 21:44:37 [INFO] Preparing spawn area: 6%
2016-12-27 21:44:38 [INFO] Preparing spawn area: 14%
2016-12-27 21:44:39 [INFO] Preparing spawn area: 22%
2016-12-27 21:44:40 [INFO] Preparing spawn area: 30%
2016-12-27 21:44:41 [INFO] Preparing spawn area: 39%
2016-12-27 21:44:42 [INFO] Preparing spawn area: 48%
2016-12-27 21:44:43 [INFO] Preparing spawn area: 57%
2016-12-27 21:44:44 [INFO] Preparing spawn area: 67%
2016-12-27 21:44:45 [INFO] Preparing spawn area: 78%
2016-12-27 21:44:46 [INFO] Preparing spawn area: 83%
2016-12-27 21:44:47 [INFO] Preparing spawn area: 87%
2016-12-27 21:44:48 [INFO] Preparing spawn area: 93%
2016-12-27 21:44:49 [INFO] Preparing spawn area: 97%
2016-12-27 21:44:49 [INFO] Done (14.247s)! For help, type "help" or "?"
2016-12-27 21:44:59 [INFO] Stopping the server
2016-12-27 21:44:59 [INFO] Stopping server
2016-12-27 21:44:59 [INFO] Saving players
2016-12-27 21:44:59 [INFO] Saving worlds
2016-12-27 21:44:59 [INFO] Saving chunks for level 'world'/Overworld
2016-12-27 21:44:59 [INFO] Closing listening thread
2016-12-27 21:45:04 [INFO] Saving chunks for level 'world'/Nether
2016-12-27 21:45:04 [INFO] Saving chunks for level 'world'/The End
2016-12-27 21:45:07 [INFO] Stopping server
2016-12-27 21:46:38 [INFO] Starting minecraft server version 1.6.4
2016-12-27 21:46:39 [INFO] Loading properties
2016-12-27 21:46:39 [INFO] Default game type: SURVIVAL
2016-12-27 21:46:39 [INFO] Generating keypair
2016-12-27 21:46:40 [INFO] Starting Minecraft server on *:25565
2016-12-27 21:46:40 [INFO] Preparing level "world"
2016-12-27 21:46:41 [INFO] Preparing start region for level 0
2016-12-27 21:46:42 [INFO] Preparing spawn area: 92%
2016-12-27 21:46:42 [INFO] Done (1.846s)! For help, type "help" or "?"
2016-12-27 21:46:48 [INFO] Stopping the server
2016-12-27 21:46:48 [INFO] Stopping server
2016-12-27 21:46:48 [INFO] Saving players
2016-12-27 21:46:48 [INFO] Saving worlds
2016-12-27 21:46:48 [INFO] Saving chunks for level 'world'/Overworld
2016-12-27 21:46:48 [INFO] Closing listening thread
2016-12-27 21:46:48 [INFO] Saving chunks for level 'world'/Nether
2016-12-27 21:46:48 [INFO] Saving chunks for level 'world'/The End
2016-12-27 21:47:25 [INFO] Starting minecraft server version 1.6.4
2016-12-27 21:47:28 [SEVERE] Encountered an unexpected exception MissingModsException
cpw.mods.fml.common.MissingModsException
	at cpw.mods.fml.common.Loader.sortModList(Loader.java:228)
	at cpw.mods.fml.common.Loader.loadMods(Loader.java:491)
	at cpw.mods.fml.server.FMLServerHandler.beginServerLoading(FMLServerHandler.java:99)
	at cpw.mods.fml.common.FMLCommonHandler.onServerStart(FMLCommonHandler.java:350)
	at net.minecraft.server.dedicated.DedicatedServer.func_71197_b(DedicatedServer.java:69)
	at net.minecraft.server.MinecraftServer.run(MinecraftServer.java:445)
	at net.minecraft.server.ThreadMinecraftServer.run(SourceFile:583)
2016-12-27 21:47:28 [SEVERE] This crash report has been saved to: /Users/NamjoAhn/Documents/mine_1.10/crash_landing_v2/./crash-reports/crash-2016-12-27_21.47.28-server.txt
2016-12-27 21:49:51 [INFO] Unknown command. Try /help for a list of commands
2016-12-27 21:49:55 [INFO] An unknown error occurred while attempting to perform this command
2016-12-27 21:50:04 [INFO] An unknown error occurred while attempting to perform this command
2016-12-27 21:50:05 [INFO] Stopping server
2016-12-27 21:50:14 [INFO] Starting minecraft server version 1.6.4
2016-12-27 21:50:16 [SEVERE] Encountered an unexpected exception MissingModsException
cpw.mods.fml.common.MissingModsException
	at cpw.mods.fml.common.Loader.sortModList(Loader.java:228)
	at cpw.mods.fml.common.Loader.loadMods(Loader.java:491)
	at cpw.mods.fml.server.FMLServerHandler.beginServerLoading(FMLServerHandler.java:99)
	at cpw.mods.fml.common.FMLCommonHandler.onServerStart(FMLCommonHandler.java:350)
	at net.minecraft.server.dedicated.DedicatedServer.func_71197_b(DedicatedServer.java:69)
	at net.minecraft.server.MinecraftServer.run(MinecraftServer.java:445)
	at net.minecraft.server.ThreadMinecraftServer.run(SourceFile:583)
2016-12-27 21:50:17 [SEVERE] This crash report has been saved to: /Users/NamjoAhn/Documents/mine_1.10/crash_landing_v2/./crash-reports/crash-2016-12-27_21.50.17-server.txt
2016-12-27 21:50:27 [INFO] An unknown error occurred while attempting to perform this command
2016-12-27 21:50:28 [INFO] Stopping server
2016-12-27 21:50:45 [INFO] Starting minecraft server version 1.6.4
2016-12-27 21:50:46 [INFO] Loading properties
2016-12-27 21:50:46 [INFO] Default game type: SURVIVAL
2016-12-27 21:50:46 [INFO] Generating keypair
2016-12-27 21:50:46 [INFO] Starting Minecraft server on *:25565
2016-12-27 21:50:47 [INFO] Preparing level "world"
2016-12-27 21:50:47 [INFO] Preparing start region for level 0
2016-12-27 21:50:48 [INFO] Preparing spawn area: 68%
2016-12-27 21:50:49 [INFO] Done (1.758s)! For help, type "help" or "?"
2016-12-27 21:51:12 [INFO] Unknown command. Try /help for a list of commands
2016-12-27 21:51:13 [INFO] Stopping the server
2016-12-27 21:51:13 [INFO] Stopping server
2016-12-27 21:51:13 [INFO] Saving players
2016-12-27 21:51:13 [INFO] Saving worlds
2016-12-27 21:51:13 [INFO] Saving chunks for level 'world'/Overworld
2016-12-27 21:51:13 [INFO] Closing listening thread
2016-12-27 21:51:13 [INFO] Saving chunks for level 'world'/Nether
2016-12-27 21:51:13 [INFO] Saving chunks for level 'world'/The End
2016-12-27 21:51:14 [INFO] Stopping server
2016-12-27 21:51:21 [INFO] Starting minecraft server version 1.6.4
2016-12-27 21:51:23 [SEVERE] Encountered an unexpected exception MissingModsException
cpw.mods.fml.common.MissingModsException
	at cpw.mods.fml.common.Loader.sortModList(Loader.java:228)
	at cpw.mods.fml.common.Loader.loadMods(Loader.java:491)
	at cpw.mods.fml.server.FMLServerHandler.beginServerLoading(FMLServerHandler.java:99)
	at cpw.mods.fml.common.FMLCommonHandler.onServerStart(FMLCommonHandler.java:350)
	at net.minecraft.server.dedicated.DedicatedServer.func_71197_b(DedicatedServer.java:69)
	at net.minecraft.server.MinecraftServer.run(MinecraftServer.java:445)
	at net.minecraft.server.ThreadMinecraftServer.run(SourceFile:583)
2016-12-27 21:51:23 [SEVERE] This crash report has been saved to: /Users/NamjoAhn/Documents/mine_1.10/crash_landing_v2/./crash-reports/crash-2016-12-27_21.51.23-server.txt
2016-12-27 21:52:19 [INFO] An unknown error occurred while attempting to perform this command
2016-12-27 21:52:20 [INFO] Stopping server
2016-12-27 21:52:26 [INFO] Starting minecraft server version 1.6.4
2016-12-27 21:52:28 [SEVERE] Encountered an unexpected exception MissingModsException
cpw.mods.fml.common.MissingModsException
	at cpw.mods.fml.common.Loader.sortModList(Loader.java:228)
	at cpw.mods.fml.common.Loader.loadMods(Loader.java:491)
	at cpw.mods.fml.server.FMLServerHandler.beginServerLoading(FMLServerHandler.java:99)
	at cpw.mods.fml.common.FMLCommonHandler.onServerStart(FMLCommonHandler.java:350)
	at net.minecraft.server.dedicated.DedicatedServer.func_71197_b(DedicatedServer.java:69)
	at net.minecraft.server.MinecraftServer.run(MinecraftServer.java:445)
	at net.minecraft.server.ThreadMinecraftServer.run(SourceFile:583)
2016-12-27 21:52:28 [SEVERE] This crash report has been saved to: /Users/NamjoAhn/Documents/mine_1.10/crash_landing_v2/./crash-reports/crash-2016-12-27_21.52.28-server.txt
2016-12-27 21:54:13 [INFO] Stopping server
2016-12-27 21:54:21 [INFO] Starting minecraft server version 1.6.4
2016-12-27 21:54:23 [SEVERE] Encountered an unexpected exception WrongMinecraftVersionException
cpw.mods.fml.common.WrongMinecraftVersionException
	at cpw.mods.fml.common.Loader.sortModList(Loader.java:216)
	at cpw.mods.fml.common.Loader.loadMods(Loader.java:491)
	at cpw.mods.fml.server.FMLServerHandler.beginServerLoading(FMLServerHandler.java:99)
	at cpw.mods.fml.common.FMLCommonHandler.onServerStart(FMLCommonHandler.java:350)
	at net.minecraft.server.dedicated.DedicatedServer.func_71197_b(DedicatedServer.java:69)
	at net.minecraft.server.MinecraftServer.run(MinecraftServer.java:445)
	at net.minecraft.server.ThreadMinecraftServer.run(SourceFile:583)
2016-12-27 21:54:23 [SEVERE] This crash report has been saved to: /Users/NamjoAhn/Documents/mine_1.10/crash_landing_v2/./crash-reports/crash-2016-12-27_21.54.23-server.txt
2016-12-27 21:55:35 [INFO] Unknown command. Try /help for a list of commands
2016-12-27 21:55:36 [INFO] Stopping server
2016-12-27 21:55:44 [INFO] Starting minecraft server version 1.6.4
2016-12-27 21:55:47 [SEVERE] Encountered an unexpected exception MissingModsException
cpw.mods.fml.common.MissingModsException
	at cpw.mods.fml.common.Loader.sortModList(Loader.java:228)
	at cpw.mods.fml.common.Loader.loadMods(Loader.java:491)
	at cpw.mods.fml.server.FMLServerHandler.beginServerLoading(FMLServerHandler.java:99)
	at cpw.mods.fml.common.FMLCommonHandler.onServerStart(FMLCommonHandler.java:350)
	at net.minecraft.server.dedicated.DedicatedServer.func_71197_b(DedicatedServer.java:69)
	at net.minecraft.server.MinecraftServer.run(MinecraftServer.java:445)
	at net.minecraft.server.ThreadMinecraftServer.run(SourceFile:583)
2016-12-27 21:55:47 [SEVERE] This crash report has been saved to: /Users/NamjoAhn/Documents/mine_1.10/crash_landing_v2/./crash-reports/crash-2016-12-27_21.55.47-server.txt
2016-12-27 21:56:37 [INFO] Stopping server
2016-12-27 21:58:19 [INFO] Starting minecraft server version 1.6.4
2016-12-27 21:58:21 [SEVERE] Encountered an unexpected exception MissingModsException
cpw.mods.fml.common.MissingModsException
	at cpw.mods.fml.common.Loader.sortModList(Loader.java:228)
	at cpw.mods.fml.common.Loader.loadMods(Loader.java:491)
	at cpw.mods.fml.server.FMLServerHandler.beginServerLoading(FMLServerHandler.java:99)
	at cpw.mods.fml.common.FMLCommonHandler.onServerStart(FMLCommonHandler.java:350)
	at net.minecraft.server.dedicated.DedicatedServer.func_71197_b(DedicatedServer.java:69)
	at net.minecraft.server.MinecraftServer.run(MinecraftServer.java:445)
	at net.minecraft.server.ThreadMinecraftServer.run(SourceFile:583)
2016-12-27 21:58:21 [SEVERE] This crash report has been saved to: /Users/NamjoAhn/Documents/mine_1.10/crash_landing_v2/./crash-reports/crash-2016-12-27_21.58.21-server.txt
2016-12-27 22:00:03 [INFO] Unknown command. Try /help for a list of commands
2016-12-27 22:00:09 [INFO] Stopping server
2016-12-27 22:00:16 [INFO] Starting minecraft server version 1.6.4
2016-12-27 22:00:19 [SEVERE] Encountered an unexpected exception MissingModsException
cpw.mods.fml.common.MissingModsException
	at cpw.mods.fml.common.Loader.sortModList(Loader.java:228)
	at cpw.mods.fml.common.Loader.loadMods(Loader.java:491)
	at cpw.mods.fml.server.FMLServerHandler.beginServerLoading(FMLServerHandler.java:99)
	at cpw.mods.fml.common.FMLCommonHandler.onServerStart(FMLCommonHandler.java:350)
	at net.minecraft.server.dedicated.DedicatedServer.func_71197_b(DedicatedServer.java:69)
	at net.minecraft.server.MinecraftServer.run(MinecraftServer.java:445)
	at net.minecraft.server.ThreadMinecraftServer.run(SourceFile:583)
2016-12-27 22:00:19 [SEVERE] This crash report has been saved to: /Users/NamjoAhn/Documents/mine_1.10/crash_landing_v2/./crash-reports/crash-2016-12-27_22.00.19-server.txt
2016-12-27 22:01:35 [INFO] Unknown command. Try /help for a list of commands
2016-12-27 22:01:36 [INFO] Stopping server
2016-12-27 22:01:44 [INFO] Starting minecraft server version 1.6.4
2016-12-27 22:01:49 [SEVERE] Encountered an unexpected exception NoClassDefFoundError
java.lang.NoClassDefFoundError: net/minecraft/client/renderer/EntityRenderer
	at java.lang.Class.forName0(Native Method)
	at java.lang.Class.forName(Class.java:278)
	at cpw.mods.fml.common.ModClassLoader.loadBaseModClass(ModClassLoader.java:104)
	at cpw.mods.fml.common.modloader.ModLoaderModContainer.constructMod(ModLoaderModContainer.java:484)
	at sun.reflect.NativeMethodAccessorImpl.invoke0(Native Method)
	at sun.reflect.NativeMethodAccessorImpl.invoke(NativeMethodAccessorImpl.java:57)
	at sun.reflect.DelegatingMethodAccessorImpl.invoke(DelegatingMethodAccessorImpl.java:43)
	at java.lang.reflect.Method.invoke(Method.java:606)
	at com.google.common.eventbus.EventHandler.handleEvent(EventHandler.java:74)
	at com.google.common.eventbus.SynchronizedEventHandler.handleEvent(SynchronizedEventHandler.java:45)
	at com.google.common.eventbus.EventBus.dispatch(EventBus.java:313)
	at com.google.common.eventbus.EventBus.dispatchQueuedEvents(EventBus.java:296)
	at com.google.common.eventbus.EventBus.post(EventBus.java:267)
	at cpw.mods.fml.common.LoadController.sendEventToModContainer(LoadController.java:201)
	at cpw.mods.fml.common.LoadController.propogateStateMessage(LoadController.java:181)
	at sun.reflect.NativeMethodAccessorImpl.invoke0(Native Method)
	at sun.reflect.NativeMethodAccessorImpl.invoke(NativeMethodAccessorImpl.java:57)
	at sun.reflect.DelegatingMethodAccessorImpl.invoke(DelegatingMethodAccessorImpl.java:43)
	at java.lang.reflect.Method.invoke(Method.java:606)
	at com.google.common.eventbus.EventHandler.handleEvent(EventHandler.java:74)
	at com.google.common.eventbus.SynchronizedEventHandler.handleEvent(SynchronizedEventHandler.java:45)
	at com.google.common.eventbus.EventBus.dispatch(EventBus.java:313)
	at com.google.common.eventbus.EventBus.dispatchQueuedEvents(EventBus.java:296)
	at com.google.common.eventbus.EventBus.post(EventBus.java:267)
	at cpw.mods.fml.common.LoadController.distributeStateMessage(LoadController.java:112)
	at cpw.mods.fml.common.Loader.loadMods(Loader.java:511)
	at cpw.mods.fml.server.FMLServerHandler.beginServerLoading(FMLServerHandler.java:99)
	at cpw.mods.fml.common.FMLCommonHandler.onServerStart(FMLCommonHandler.java:350)
	at net.minecraft.server.dedicated.DedicatedServer.func_71197_b(DedicatedServer.java:69)
	at net.minecraft.server.MinecraftServer.run(MinecraftServer.java:445)
	at net.minecraft.server.ThreadMinecraftServer.run(SourceFile:583)
Caused by: java.lang.ClassNotFoundException: net.minecraft.client.renderer.EntityRenderer
	at net.minecraft.launchwrapper.LaunchClassLoader.findClass(LaunchClassLoader.java:186)
	at java.lang.ClassLoader.loadClass(ClassLoader.java:425)
	at java.lang.ClassLoader.loadClass(ClassLoader.java:358)
	... 31 more
Caused by: java.lang.RuntimeException: Attempted to load class bfe for invalid side SERVER
	at cpw.mods.fml.common.asm.transformers.SideTransformer.transform(SideTransformer.java:50)
	at net.minecraft.launchwrapper.LaunchClassLoader.runTransformers(LaunchClassLoader.java:274)
	at net.minecraft.launchwrapper.LaunchClassLoader.findClass(LaunchClassLoader.java:172)
	... 33 more
2016-12-27 22:01:49 [SEVERE] This crash report has been saved to: /Users/NamjoAhn/Documents/mine_1.10/crash_landing_v2/./crash-reports/crash-2016-12-27_22.01.49-server.txt
2016-12-27 22:18:57 [INFO] Stopping server
2016-12-27 22:19:04 [INFO] Starting minecraft server version 1.6.4
2016-12-27 22:19:08 [SEVERE] Encountered an unexpected exception NoClassDefFoundError
java.lang.NoClassDefFoundError: net/minecraft/client/renderer/EntityRenderer
	at java.lang.Class.forName0(Native Method)
	at java.lang.Class.forName(Class.java:278)
	at cpw.mods.fml.common.ModClassLoader.loadBaseModClass(ModClassLoader.java:104)
	at cpw.mods.fml.common.modloader.ModLoaderModContainer.constructMod(ModLoaderModContainer.java:484)
	at sun.reflect.NativeMethodAccessorImpl.invoke0(Native Method)
	at sun.reflect.NativeMethodAccessorImpl.invoke(NativeMethodAccessorImpl.java:57)
	at sun.reflect.DelegatingMethodAccessorImpl.invoke(DelegatingMethodAccessorImpl.java:43)
	at java.lang.reflect.Method.invoke(Method.java:606)
	at com.google.common.eventbus.EventHandler.handleEvent(EventHandler.java:74)
	at com.google.common.eventbus.SynchronizedEventHandler.handleEvent(SynchronizedEventHandler.java:45)
	at com.google.common.eventbus.EventBus.dispatch(EventBus.java:313)
	at com.google.common.eventbus.EventBus.dispatchQueuedEvents(EventBus.java:296)
	at com.google.common.eventbus.EventBus.post(EventBus.java:267)
	at cpw.mods.fml.common.LoadController.sendEventToModContainer(LoadController.java:201)
	at cpw.mods.fml.common.LoadController.propogateStateMessage(LoadController.java:181)
	at sun.reflect.NativeMethodAccessorImpl.invoke0(Native Method)
	at sun.reflect.NativeMethodAccessorImpl.invoke(NativeMethodAccessorImpl.java:57)
	at sun.reflect.DelegatingMethodAccessorImpl.invoke(DelegatingMethodAccessorImpl.java:43)
	at java.lang.reflect.Method.invoke(Method.java:606)
	at com.google.common.eventbus.EventHandler.handleEvent(EventHandler.java:74)
	at com.google.common.eventbus.SynchronizedEventHandler.handleEvent(SynchronizedEventHandler.java:45)
	at com.google.common.eventbus.EventBus.dispatch(EventBus.java:313)
	at com.google.common.eventbus.EventBus.dispatchQueuedEvents(EventBus.java:296)
	at com.google.common.eventbus.EventBus.post(EventBus.java:267)
	at cpw.mods.fml.common.LoadController.distributeStateMessage(LoadController.java:112)
	at cpw.mods.fml.common.Loader.loadMods(Loader.java:511)
	at cpw.mods.fml.server.FMLServerHandler.beginServerLoading(FMLServerHandler.java:99)
	at cpw.mods.fml.common.FMLCommonHandler.onServerStart(FMLCommonHandler.java:350)
	at net.minecraft.server.dedicated.DedicatedServer.func_71197_b(DedicatedServer.java:69)
	at net.minecraft.server.MinecraftServer.run(MinecraftServer.java:445)
	at net.minecraft.server.ThreadMinecraftServer.run(SourceFile:583)
Caused by: java.lang.ClassNotFoundException: net.minecraft.client.renderer.EntityRenderer
	at net.minecraft.launchwrapper.LaunchClassLoader.findClass(LaunchClassLoader.java:186)
	at java.lang.ClassLoader.loadClass(ClassLoader.java:425)
	at java.lang.ClassLoader.loadClass(ClassLoader.java:358)
	... 31 more
Caused by: java.lang.RuntimeException: Attempted to load class bfe for invalid side SERVER
	at cpw.mods.fml.common.asm.transformers.SideTransformer.transform(SideTransformer.java:50)
	at net.minecraft.launchwrapper.LaunchClassLoader.runTransformers(LaunchClassLoader.java:274)
	at net.minecraft.launchwrapper.LaunchClassLoader.findClass(LaunchClassLoader.java:172)
	... 33 more
2016-12-27 22:19:08 [SEVERE] This crash report has been saved to: /Users/NamjoAhn/Documents/mine_1.10/crash_landing_v2/./crash-reports/crash-2016-12-27_22.19.08-server.txt
2016-12-27 22:20:20 [INFO] Unknown command. Try /help for a list of commands
2016-12-27 22:20:27 [INFO] Stopping server
2016-12-27 22:20:34 [INFO] Starting minecraft server version 1.6.4
2016-12-27 22:20:38 [SEVERE] Encountered an unexpected exception NoClassDefFoundError
java.lang.NoClassDefFoundError: net/minecraft/client/renderer/EntityRenderer
	at java.lang.Class.forName0(Native Method)
	at java.lang.Class.forName(Class.java:278)
	at cpw.mods.fml.common.ModClassLoader.loadBaseModClass(ModClassLoader.java:104)
	at cpw.mods.fml.common.modloader.ModLoaderModContainer.constructMod(ModLoaderModContainer.java:484)
	at sun.reflect.NativeMethodAccessorImpl.invoke0(Native Method)
	at sun.reflect.NativeMethodAccessorImpl.invoke(NativeMethodAccessorImpl.java:57)
	at sun.reflect.DelegatingMethodAccessorImpl.invoke(DelegatingMethodAccessorImpl.java:43)
	at java.lang.reflect.Method.invoke(Method.java:606)
	at com.google.common.eventbus.EventHandler.handleEvent(EventHandler.java:74)
	at com.google.common.eventbus.SynchronizedEventHandler.handleEvent(SynchronizedEventHandler.java:45)
	at com.google.common.eventbus.EventBus.dispatch(EventBus.java:313)
	at com.google.common.eventbus.EventBus.dispatchQueuedEvents(EventBus.java:296)
	at com.google.common.eventbus.EventBus.post(EventBus.java:267)
	at cpw.mods.fml.common.LoadController.sendEventToModContainer(LoadController.java:201)
	at cpw.mods.fml.common.LoadController.propogateStateMessage(LoadController.java:181)
	at sun.reflect.NativeMethodAccessorImpl.invoke0(Native Method)
	at sun.reflect.NativeMethodAccessorImpl.invoke(NativeMethodAccessorImpl.java:57)
	at sun.reflect.DelegatingMethodAccessorImpl.invoke(DelegatingMethodAccessorImpl.java:43)
	at java.lang.reflect.Method.invoke(Method.java:606)
	at com.google.common.eventbus.EventHandler.handleEvent(EventHandler.java:74)
	at com.google.common.eventbus.SynchronizedEventHandler.handleEvent(SynchronizedEventHandler.java:45)
	at com.google.common.eventbus.EventBus.dispatch(EventBus.java:313)
	at com.google.common.eventbus.EventBus.dispatchQueuedEvents(EventBus.java:296)
	at com.google.common.eventbus.EventBus.post(EventBus.java:267)
	at cpw.mods.fml.common.LoadController.distributeStateMessage(LoadController.java:112)
	at cpw.mods.fml.common.Loader.loadMods(Loader.java:511)
	at cpw.mods.fml.server.FMLServerHandler.beginServerLoading(FMLServerHandler.java:99)
	at cpw.mods.fml.common.FMLCommonHandler.onServerStart(FMLCommonHandler.java:350)
	at net.minecraft.server.dedicated.DedicatedServer.func_71197_b(DedicatedServer.java:69)
	at net.minecraft.server.MinecraftServer.run(MinecraftServer.java:445)
	at net.minecraft.server.ThreadMinecraftServer.run(SourceFile:583)
Caused by: java.lang.ClassNotFoundException: net.minecraft.client.renderer.EntityRenderer
	at net.minecraft.launchwrapper.LaunchClassLoader.findClass(LaunchClassLoader.java:186)
	at java.lang.ClassLoader.loadClass(ClassLoader.java:425)
	at java.lang.ClassLoader.loadClass(ClassLoader.java:358)
	... 31 more
Caused by: java.lang.RuntimeException: Attempted to load class bfe for invalid side SERVER
	at cpw.mods.fml.common.asm.transformers.SideTransformer.transform(SideTransformer.java:50)
	at net.minecraft.launchwrapper.LaunchClassLoader.runTransformers(LaunchClassLoader.java:274)
	at net.minecraft.launchwrapper.LaunchClassLoader.findClass(LaunchClassLoader.java:172)
	... 33 more
2016-12-27 22:20:38 [SEVERE] This crash report has been saved to: /Users/NamjoAhn/Documents/mine_1.10/crash_landing_v2/./crash-reports/crash-2016-12-27_22.20.38-server.txt
2016-12-27 22:21:59 [INFO] Stopping server
2016-12-27 22:22:09 [INFO] Starting minecraft server version 1.6.4
2016-12-27 22:22:12 [SEVERE] Encountered an unexpected exception MissingModsException
cpw.mods.fml.common.MissingModsException
	at cpw.mods.fml.common.Loader.sortModList(Loader.java:228)
	at cpw.mods.fml.common.Loader.loadMods(Loader.java:491)
	at cpw.mods.fml.server.FMLServerHandler.beginServerLoading(FMLServerHandler.java:99)
	at cpw.mods.fml.common.FMLCommonHandler.onServerStart(FMLCommonHandler.java:350)
	at net.minecraft.server.dedicated.DedicatedServer.func_71197_b(DedicatedServer.java:69)
	at net.minecraft.server.MinecraftServer.run(MinecraftServer.java:445)
	at net.minecraft.server.ThreadMinecraftServer.run(SourceFile:583)
2016-12-27 22:22:12 [SEVERE] This crash report has been saved to: /Users/NamjoAhn/Documents/mine_1.10/crash_landing_v2/./crash-reports/crash-2016-12-27_22.22.12-server.txt
2016-12-27 22:22:50 [INFO] Starting minecraft server version 1.6.4
2016-12-27 22:22:54 [SEVERE] Encountered an unexpected exception NoClassDefFoundError
java.lang.NoClassDefFoundError: net/minecraft/client/renderer/EntityRenderer
	at java.lang.Class.forName0(Native Method)
	at java.lang.Class.forName(Class.java:278)
	at cpw.mods.fml.common.ModClassLoader.loadBaseModClass(ModClassLoader.java:104)
	at cpw.mods.fml.common.modloader.ModLoaderModContainer.constructMod(ModLoaderModContainer.java:484)
	at sun.reflect.NativeMethodAccessorImpl.invoke0(Native Method)
	at sun.reflect.NativeMethodAccessorImpl.invoke(NativeMethodAccessorImpl.java:57)
	at sun.reflect.DelegatingMethodAccessorImpl.invoke(DelegatingMethodAccessorImpl.java:43)
	at java.lang.reflect.Method.invoke(Method.java:606)
	at com.google.common.eventbus.EventHandler.handleEvent(EventHandler.java:74)
	at com.google.common.eventbus.SynchronizedEventHandler.handleEvent(SynchronizedEventHandler.java:45)
	at com.google.common.eventbus.EventBus.dispatch(EventBus.java:313)
	at com.google.common.eventbus.EventBus.dispatchQueuedEvents(EventBus.java:296)
	at com.google.common.eventbus.EventBus.post(EventBus.java:267)
	at cpw.mods.fml.common.LoadController.sendEventToModContainer(LoadController.java:201)
	at cpw.mods.fml.common.LoadController.propogateStateMessage(LoadController.java:181)
	at sun.reflect.NativeMethodAccessorImpl.invoke0(Native Method)
	at sun.reflect.NativeMethodAccessorImpl.invoke(NativeMethodAccessorImpl.java:57)
	at sun.reflect.DelegatingMethodAccessorImpl.invoke(DelegatingMethodAccessorImpl.java:43)
	at java.lang.reflect.Method.invoke(Method.java:606)
	at com.google.common.eventbus.EventHandler.handleEvent(EventHandler.java:74)
	at com.google.common.eventbus.SynchronizedEventHandler.handleEvent(SynchronizedEventHandler.java:45)
	at com.google.common.eventbus.EventBus.dispatch(EventBus.java:313)
	at com.google.common.eventbus.EventBus.dispatchQueuedEvents(EventBus.java:296)
	at com.google.common.eventbus.EventBus.post(EventBus.java:267)
	at cpw.mods.fml.common.LoadController.distributeStateMessage(LoadController.java:112)
	at cpw.mods.fml.common.Loader.loadMods(Loader.java:511)
	at cpw.mods.fml.server.FMLServerHandler.beginServerLoading(FMLServerHandler.java:99)
	at cpw.mods.fml.common.FMLCommonHandler.onServerStart(FMLCommonHandler.java:350)
	at net.minecraft.server.dedicated.DedicatedServer.func_71197_b(DedicatedServer.java:69)
	at net.minecraft.server.MinecraftServer.run(MinecraftServer.java:445)
	at net.minecraft.server.ThreadMinecraftServer.run(SourceFile:583)
Caused by: java.lang.ClassNotFoundException: net.minecraft.client.renderer.EntityRenderer
	at net.minecraft.launchwrapper.LaunchClassLoader.findClass(LaunchClassLoader.java:186)
	at java.lang.ClassLoader.loadClass(ClassLoader.java:425)
	at java.lang.ClassLoader.loadClass(ClassLoader.java:358)
	... 31 more
Caused by: java.lang.RuntimeException: Attempted to load class bfe for invalid side SERVER
	at cpw.mods.fml.common.asm.transformers.SideTransformer.transform(SideTransformer.java:50)
	at net.minecraft.launchwrapper.LaunchClassLoader.runTransformers(LaunchClassLoader.java:274)
	at net.minecraft.launchwrapper.LaunchClassLoader.findClass(LaunchClassLoader.java:172)
	... 33 more
2016-12-27 22:22:54 [SEVERE] This crash report has been saved to: /Users/NamjoAhn/Documents/mine_1.10/crash_landing_v2/./crash-reports/crash-2016-12-27_22.22.54-server.txt
2016-12-27 22:27:55 [INFO] Unknown command. Try /help for a list of commands
2016-12-27 22:27:56 [INFO] Stopping server
2016-12-27 22:27:56 [INFO] Saving worlds
2016-12-27 22:28:05 [INFO] Starting minecraft server version 1.6.4
2016-12-27 22:28:09 [SEVERE] Encountered an unexpected exception NoClassDefFoundError
java.lang.NoClassDefFoundError: net/minecraft/client/renderer/EntityRenderer
	at java.lang.Class.forName0(Native Method)
	at java.lang.Class.forName(Class.java:278)
	at cpw.mods.fml.common.ModClassLoader.loadBaseModClass(ModClassLoader.java:104)
	at cpw.mods.fml.common.modloader.ModLoaderModContainer.constructMod(ModLoaderModContainer.java:484)
	at sun.reflect.NativeMethodAccessorImpl.invoke0(Native Method)
	at sun.reflect.NativeMethodAccessorImpl.invoke(NativeMethodAccessorImpl.java:57)
	at sun.reflect.DelegatingMethodAccessorImpl.invoke(DelegatingMethodAccessorImpl.java:43)
	at java.lang.reflect.Method.invoke(Method.java:606)
	at com.google.common.eventbus.EventHandler.handleEvent(EventHandler.java:74)
	at com.google.common.eventbus.SynchronizedEventHandler.handleEvent(SynchronizedEventHandler.java:45)
	at com.google.common.eventbus.EventBus.dispatch(EventBus.java:313)
	at com.google.common.eventbus.EventBus.dispatchQueuedEvents(EventBus.java:296)
	at com.google.common.eventbus.EventBus.post(EventBus.java:267)
	at cpw.mods.fml.common.LoadController.sendEventToModContainer(LoadController.java:201)
	at cpw.mods.fml.common.LoadController.propogateStateMessage(LoadController.java:181)
	at sun.reflect.NativeMethodAccessorImpl.invoke0(Native Method)
	at sun.reflect.NativeMethodAccessorImpl.invoke(NativeMethodAccessorImpl.java:57)
	at sun.reflect.DelegatingMethodAccessorImpl.invoke(DelegatingMethodAccessorImpl.java:43)
	at java.lang.reflect.Method.invoke(Method.java:606)
	at com.google.common.eventbus.EventHandler.handleEvent(EventHandler.java:74)
	at com.google.common.eventbus.SynchronizedEventHandler.handleEvent(SynchronizedEventHandler.java:45)
	at com.google.common.eventbus.EventBus.dispatch(EventBus.java:313)
	at com.google.common.eventbus.EventBus.dispatchQueuedEvents(EventBus.java:296)
	at com.google.common.eventbus.EventBus.post(EventBus.java:267)
	at cpw.mods.fml.common.LoadController.distributeStateMessage(LoadController.java:112)
	at cpw.mods.fml.common.Loader.loadMods(Loader.java:511)
	at cpw.mods.fml.server.FMLServerHandler.beginServerLoading(FMLServerHandler.java:99)
	at cpw.mods.fml.common.FMLCommonHandler.onServerStart(FMLCommonHandler.java:350)
	at net.minecraft.server.dedicated.DedicatedServer.func_71197_b(DedicatedServer.java:69)
	at net.minecraft.server.MinecraftServer.run(MinecraftServer.java:445)
	at net.minecraft.server.ThreadMinecraftServer.run(SourceFile:583)
Caused by: java.lang.ClassNotFoundException: net.minecraft.client.renderer.EntityRenderer
	at net.minecraft.launchwrapper.LaunchClassLoader.findClass(LaunchClassLoader.java:186)
	at java.lang.ClassLoader.loadClass(ClassLoader.java:425)
	at java.lang.ClassLoader.loadClass(ClassLoader.java:358)
	... 31 more
Caused by: java.lang.RuntimeException: Attempted to load class bfe for invalid side SERVER
	at cpw.mods.fml.common.asm.transformers.SideTransformer.transform(SideTransformer.java:50)
	at net.minecraft.launchwrapper.LaunchClassLoader.runTransformers(LaunchClassLoader.java:274)
	at net.minecraft.launchwrapper.LaunchClassLoader.findClass(LaunchClassLoader.java:172)
	... 33 more
2016-12-27 22:28:09 [SEVERE] This crash report has been saved to: /Users/NamjoAhn/Documents/mine_1.10/crash_landing_v2/./crash-reports/crash-2016-12-27_22.28.09-server.txt
2016-12-27 22:29:29 [INFO] Starting minecraft server version 1.6.4
2016-12-27 22:29:33 [INFO] Loading properties
2016-12-27 22:29:33 [INFO] Default game type: SURVIVAL
2016-12-27 22:29:33 [INFO] Generating keypair
2016-12-27 22:29:33 [INFO] Starting Minecraft server on *:25565
2016-12-27 22:29:35 [INFO] Preparing level "world"
2016-12-27 22:29:35 [INFO] Preparing start region for level 0
2016-12-27 22:29:36 [INFO] Done (1.060s)! For help, type "help" or "?"
2016-12-27 22:29:41 [INFO] Unknown command. Try /help for a list of commands
2016-12-27 22:29:41 [INFO] Unknown command. Try /help for a list of commands
2016-12-27 22:29:41 [INFO] Stopping the server
2016-12-27 22:29:41 [INFO] Stopping server
2016-12-27 22:29:41 [INFO] Saving players
2016-12-27 22:29:41 [INFO] Saving worlds
2016-12-27 22:29:41 [INFO] Saving chunks for level 'world'/Overworld
2016-12-27 22:29:41 [INFO] Closing listening thread
2016-12-27 22:29:41 [INFO] Saving chunks for level 'world'/Nether
2016-12-27 22:29:41 [INFO] Saving chunks for level 'world'/The End
2016-12-27 22:29:55 [INFO] Starting minecraft server version 1.6.4
2016-12-27 22:30:01 [INFO] Loading properties
2016-12-27 22:30:01 [INFO] Default game type: SURVIVAL
2016-12-27 22:30:01 [INFO] Generating keypair
2016-12-27 22:30:01 [INFO] Starting Minecraft server on *:25565
2016-12-27 22:30:03 [INFO] Preparing level "world"
2016-12-27 22:30:03 [INFO] Preparing start region for level 0
2016-12-27 22:30:04 [INFO] Done (1.220s)! For help, type "help" or "?"
2016-12-27 22:30:05 [INFO] Stopping the server
2016-12-27 22:30:05 [INFO] Stopping server
2016-12-27 22:30:05 [INFO] Saving players
2016-12-27 22:30:05 [INFO] Saving worlds
2016-12-27 22:30:05 [INFO] Saving chunks for level 'world'/Overworld
2016-12-27 22:30:05 [INFO] Closing listening thread
2016-12-27 22:30:05 [INFO] Saving chunks for level 'world'/Nether
2016-12-27 22:30:05 [INFO] Saving chunks for level 'world'/The End
2016-12-27 22:30:32 [INFO] Starting minecraft server version 1.6.4
2016-12-27 22:30:34 [SEVERE] Encountered an unexpected exception DuplicateModsFoundException
cpw.mods.fml.common.DuplicateModsFoundException
	at cpw.mods.fml.common.Loader.identifyDuplicates(Loader.java:396)
	at cpw.mods.fml.common.Loader.identifyMods(Loader.java:354)
	at cpw.mods.fml.common.Loader.loadMods(Loader.java:484)
	at cpw.mods.fml.server.FMLServerHandler.beginServerLoading(FMLServerHandler.java:99)
	at cpw.mods.fml.common.FMLCommonHandler.onServerStart(FMLCommonHandler.java:350)
	at net.minecraft.server.dedicated.DedicatedServer.func_71197_b(DedicatedServer.java:69)
	at net.minecraft.server.MinecraftServer.run(MinecraftServer.java:445)
	at net.minecraft.server.ThreadMinecraftServer.run(SourceFile:583)
2016-12-27 22:30:34 [SEVERE] This crash report has been saved to: /Users/NamjoAhn/Documents/mine_1.10/crash_landing_v2/./crash-reports/crash-2016-12-27_22.30.34-server.txt
2016-12-27 22:30:50 [INFO] Stopping server
2016-12-27 22:30:57 [INFO] Starting minecraft server version 1.6.4
2016-12-27 22:31:03 [INFO] Loading properties
2016-12-27 22:31:04 [INFO] Default game type: SURVIVAL
2016-12-27 22:31:04 [INFO] Generating keypair
2016-12-27 22:31:04 [INFO] Starting Minecraft server on *:25565
2016-12-27 22:31:06 [INFO] Preparing level "world"
2016-12-27 22:31:06 [INFO] Preparing start region for level 0
2016-12-27 22:31:07 [INFO] Done (0.940s)! For help, type "help" or "?"
2016-12-27 22:31:27 [INFO] Stopping the server
2016-12-27 22:31:27 [INFO] Stopping server
2016-12-27 22:31:27 [INFO] Saving players
2016-12-27 22:31:27 [INFO] Saving worlds
2016-12-27 22:31:27 [INFO] Saving chunks for level 'world'/Overworld
2016-12-27 22:31:27 [INFO] Closing listening thread
2016-12-27 22:31:27 [INFO] Saving chunks for level 'world'/Nether
2016-12-27 22:31:27 [INFO] Saving chunks for level 'world'/The End
2016-12-27 22:31:27 [INFO] Saving chunks for level 'world'/Underdark
2016-12-27 22:31:43 [INFO] Starting minecraft server version 1.6.4
2016-12-27 22:31:45 [SEVERE] Encountered an unexpected exception MissingModsException
cpw.mods.fml.common.MissingModsException
	at cpw.mods.fml.common.Loader.sortModList(Loader.java:228)
	at cpw.mods.fml.common.Loader.loadMods(Loader.java:491)
	at cpw.mods.fml.server.FMLServerHandler.beginServerLoading(FMLServerHandler.java:99)
	at cpw.mods.fml.common.FMLCommonHandler.onServerStart(FMLCommonHandler.java:350)
	at net.minecraft.server.dedicated.DedicatedServer.func_71197_b(DedicatedServer.java:69)
	at net.minecraft.server.MinecraftServer.run(MinecraftServer.java:445)
	at net.minecraft.server.ThreadMinecraftServer.run(SourceFile:583)
2016-12-27 22:31:45 [SEVERE] This crash report has been saved to: /Users/NamjoAhn/Documents/mine_1.10/crash_landing_v2/./crash-reports/crash-2016-12-27_22.31.45-server.txt
2016-12-27 22:32:04 [INFO] An unknown error occurred while attempting to perform this command
2016-12-27 22:32:06 [INFO] Stopping server
2016-12-27 22:32:13 [INFO] Starting minecraft server version 1.6.4
2016-12-27 22:32:21 [SEVERE] Encountered an unexpected exception LoaderException
cpw.mods.fml.common.LoaderException: java.lang.NoClassDefFoundError: net/minecraft/client/gui/GuiScreen
	at cpw.mods.fml.common.LoadController.transition(LoadController.java:156)
	at cpw.mods.fml.common.Loader.loadMods(Loader.java:523)
	at cpw.mods.fml.server.FMLServerHandler.beginServerLoading(FMLServerHandler.java:99)
	at cpw.mods.fml.common.FMLCommonHandler.onServerStart(FMLCommonHandler.java:350)
	at net.minecraft.server.dedicated.DedicatedServer.func_71197_b(DedicatedServer.java:69)
	at net.minecraft.server.MinecraftServer.run(MinecraftServer.java:445)
	at net.minecraft.server.ThreadMinecraftServer.run(SourceFile:583)
Caused by: java.lang.NoClassDefFoundError: net/minecraft/client/gui/GuiScreen
	at adubbz.lockdown.Lockdown.preInit(Lockdown.java:56)
	at sun.reflect.NativeMethodAccessorImpl.invoke0(Native Method)
	at sun.reflect.NativeMethodAccessorImpl.invoke(NativeMethodAccessorImpl.java:57)
	at sun.reflect.DelegatingMethodAccessorImpl.invoke(DelegatingMethodAccessorImpl.java:43)
	at java.lang.reflect.Method.invoke(Method.java:606)
	at cpw.mods.fml.common.FMLModContainer.handleModStateEvent(FMLModContainer.java:545)
	at sun.reflect.GeneratedMethodAccessor1.invoke(Unknown Source)
	at sun.reflect.DelegatingMethodAccessorImpl.invoke(DelegatingMethodAccessorImpl.java:43)
	at java.lang.reflect.Method.invoke(Method.java:606)
	at com.google.common.eventbus.EventHandler.handleEvent(EventHandler.java:74)
	at com.google.common.eventbus.SynchronizedEventHandler.handleEvent(SynchronizedEventHandler.java:45)
	at com.google.common.eventbus.EventBus.dispatch(EventBus.java:313)
	at com.google.common.eventbus.EventBus.dispatchQueuedEvents(EventBus.java:296)
	at com.google.common.eventbus.EventBus.post(EventBus.java:267)
	at cpw.mods.fml.common.LoadController.sendEventToModContainer(LoadController.java:201)
	at cpw.mods.fml.common.LoadController.propogateStateMessage(LoadController.java:181)
	at sun.reflect.NativeMethodAccessorImpl.invoke0(Native Method)
	at sun.reflect.NativeMethodAccessorImpl.invoke(NativeMethodAccessorImpl.java:57)
	at sun.reflect.DelegatingMethodAccessorImpl.invoke(DelegatingMethodAccessorImpl.java:43)
	at java.lang.reflect.Method.invoke(Method.java:606)
	at com.google.common.eventbus.EventHandler.handleEvent(EventHandler.java:74)
	at com.google.common.eventbus.SynchronizedEventHandler.handleEvent(SynchronizedEventHandler.java:45)
	at com.google.common.eventbus.EventBus.dispatch(EventBus.java:313)
	at com.google.common.eventbus.EventBus.dispatchQueuedEvents(EventBus.java:296)
	at com.google.common.eventbus.EventBus.post(EventBus.java:267)
	at cpw.mods.fml.common.LoadController.distributeStateMessage(LoadController.java:112)
	at cpw.mods.fml.common.Loader.loadMods(Loader.java:522)
	... 5 more
Caused by: java.lang.ClassNotFoundException: net.minecraft.client.gui.GuiScreen
	at net.minecraft.launchwrapper.LaunchClassLoader.findClass(LaunchClassLoader.java:186)
	at java.lang.ClassLoader.loadClass(ClassLoader.java:425)
	at java.lang.ClassLoader.loadClass(ClassLoader.java:358)
	... 32 more
Caused by: java.lang.NullPointerException
	at org.objectweb.asm.ClassReader.<init>(Unknown Source)
	at invtweaks.forge.asm.ContainerTransformer.transform(ContainerTransformer.java:116)
	at net.minecraft.launchwrapper.LaunchClassLoader.runTransformers(LaunchClassLoader.java:274)
	at net.minecraft.launchwrapper.LaunchClassLoader.findClass(LaunchClassLoader.java:172)
	... 34 more
2016-12-27 22:32:21 [SEVERE] This crash report has been saved to: /Users/NamjoAhn/Documents/mine_1.10/crash_landing_v2/./crash-reports/crash-2016-12-27_22.32.21-server.txt
2016-12-27 22:32:54 [INFO] Stopping server
2016-12-27 22:33:01 [INFO] Starting minecraft server version 1.6.4
2016-12-27 22:33:08 [INFO] Loading properties
2016-12-27 22:33:08 [INFO] Default game type: SURVIVAL
2016-12-27 22:33:08 [INFO] Generating keypair
2016-12-27 22:33:08 [INFO] Starting Minecraft server on *:25565
2016-12-27 22:33:11 [INFO] Preparing level "world"
2016-12-27 22:33:11 [INFO] Preparing start region for level 0
2016-12-27 22:33:12 [INFO] Done (1.018s)! For help, type "help" or "?"
2016-12-27 22:33:14 [INFO] Stopping the server
2016-12-27 22:33:14 [INFO] Stopping server
2016-12-27 22:33:14 [INFO] Saving players
2016-12-27 22:33:14 [INFO] Saving worlds
2016-12-27 22:33:14 [INFO] Saving chunks for level 'world'/Overworld
2016-12-27 22:33:14 [INFO] Closing listening thread
2016-12-27 22:33:14 [INFO] Saving chunks for level 'world'/Nether
2016-12-27 22:33:14 [INFO] Saving chunks for level 'world'/The End
2016-12-27 22:33:14 [INFO] Saving chunks for level 'world'/Underdark
2016-12-27 22:33:14 [INFO] Stopping server
2016-12-27 22:33:32 [INFO] Starting minecraft server version 1.6.4
2016-12-27 22:33:42 [INFO] Loading properties
2016-12-27 22:33:42 [INFO] Default game type: SURVIVAL
2016-12-27 22:33:42 [INFO] Generating keypair
2016-12-27 22:33:42 [INFO] Starting Minecraft server on *:25565
2016-12-27 22:33:44 [INFO] Preparing level "world"
2016-12-27 22:33:45 [INFO] Preparing start region for level 0
2016-12-27 22:33:45 [INFO] Done (1.034s)! For help, type "help" or "?"
2016-12-27 22:33:50 [INFO] Stopping the server
2016-12-27 22:33:50 [INFO] Stopping server
2016-12-27 22:33:50 [INFO] Saving players
2016-12-27 22:33:50 [INFO] Saving worlds
2016-12-27 22:33:50 [INFO] Saving chunks for level 'world'/Overworld
2016-12-27 22:33:50 [INFO] Closing listening thread
2016-12-27 22:33:50 [INFO] Saving chunks for level 'world'/Nether
2016-12-27 22:33:50 [INFO] Saving chunks for level 'world'/The End
2016-12-27 22:33:50 [INFO] Saving chunks for level 'world'/Underdark
2016-12-27 22:33:51 [INFO] Stopping server
2016-12-27 22:34:06 [INFO] Starting minecraft server version 1.6.4
2016-12-27 22:34:11 [SEVERE] Encountered an unexpected exception NoClassDefFoundError
java.lang.NoClassDefFoundError: net/minecraft/client/renderer/EntityRenderer
	at java.lang.Class.forName0(Native Method)
	at java.lang.Class.forName(Class.java:278)
	at cpw.mods.fml.common.ModClassLoader.loadBaseModClass(ModClassLoader.java:104)
	at cpw.mods.fml.common.modloader.ModLoaderModContainer.constructMod(ModLoaderModContainer.java:484)
	at sun.reflect.NativeMethodAccessorImpl.invoke0(Native Method)
	at sun.reflect.NativeMethodAccessorImpl.invoke(NativeMethodAccessorImpl.java:57)
	at sun.reflect.DelegatingMethodAccessorImpl.invoke(DelegatingMethodAccessorImpl.java:43)
	at java.lang.reflect.Method.invoke(Method.java:606)
	at com.google.common.eventbus.EventHandler.handleEvent(EventHandler.java:74)
	at com.google.common.eventbus.SynchronizedEventHandler.handleEvent(SynchronizedEventHandler.java:45)
	at com.google.common.eventbus.EventBus.dispatch(EventBus.java:313)
	at com.google.common.eventbus.EventBus.dispatchQueuedEvents(EventBus.java:296)
	at com.google.common.eventbus.EventBus.post(EventBus.java:267)
	at cpw.mods.fml.common.LoadController.sendEventToModContainer(LoadController.java:201)
	at cpw.mods.fml.common.LoadController.propogateStateMessage(LoadController.java:181)
	at sun.reflect.NativeMethodAccessorImpl.invoke0(Native Method)
	at sun.reflect.NativeMethodAccessorImpl.invoke(NativeMethodAccessorImpl.java:57)
	at sun.reflect.DelegatingMethodAccessorImpl.invoke(DelegatingMethodAccessorImpl.java:43)
	at java.lang.reflect.Method.invoke(Method.java:606)
	at com.google.common.eventbus.EventHandler.handleEvent(EventHandler.java:74)
	at com.google.common.eventbus.SynchronizedEventHandler.handleEvent(SynchronizedEventHandler.java:45)
	at com.google.common.eventbus.EventBus.dispatch(EventBus.java:313)
	at com.google.common.eventbus.EventBus.dispatchQueuedEvents(EventBus.java:296)
	at com.google.common.eventbus.EventBus.post(EventBus.java:267)
	at cpw.mods.fml.common.LoadController.distributeStateMessage(LoadController.java:112)
	at cpw.mods.fml.common.Loader.loadMods(Loader.java:511)
	at cpw.mods.fml.server.FMLServerHandler.beginServerLoading(FMLServerHandler.java:99)
	at cpw.mods.fml.common.FMLCommonHandler.onServerStart(FMLCommonHandler.java:350)
	at net.minecraft.server.dedicated.DedicatedServer.func_71197_b(DedicatedServer.java:69)
	at net.minecraft.server.MinecraftServer.run(MinecraftServer.java:445)
	at net.minecraft.server.ThreadMinecraftServer.run(SourceFile:583)
Caused by: java.lang.ClassNotFoundException: net.minecraft.client.renderer.EntityRenderer
	at net.minecraft.launchwrapper.LaunchClassLoader.findClass(LaunchClassLoader.java:186)
	at java.lang.ClassLoader.loadClass(ClassLoader.java:425)
	at java.lang.ClassLoader.loadClass(ClassLoader.java:358)
	... 31 more
Caused by: java.lang.RuntimeException: Attempted to load class bfe for invalid side SERVER
	at cpw.mods.fml.common.asm.transformers.SideTransformer.transform(SideTransformer.java:50)
	at net.minecraft.launchwrapper.LaunchClassLoader.runTransformers(LaunchClassLoader.java:274)
	at net.minecraft.launchwrapper.LaunchClassLoader.findClass(LaunchClassLoader.java:172)
	... 33 more
2016-12-27 22:34:11 [SEVERE] This crash report has been saved to: /Users/NamjoAhn/Documents/mine_1.10/crash_landing_v2/./crash-reports/crash-2016-12-27_22.34.11-server.txt
2016-12-27 22:36:35 [INFO] An unknown error occurred while attempting to perform this command
2016-12-27 22:36:57 [INFO] Starting minecraft server version 1.6.4
2016-12-27 22:37:06 [INFO] Loading properties
2016-12-27 22:37:06 [INFO] Default game type: SURVIVAL
2016-12-27 22:37:06 [INFO] Generating keypair
2016-12-27 22:37:07 [INFO] Starting Minecraft server on *:25565
2016-12-27 22:37:09 [INFO] Preparing level "world"
2016-12-27 22:37:09 [INFO] Preparing start region for level 0
2016-12-27 22:37:10 [INFO] Done (1.113s)! For help, type "help" or "?"
2016-12-27 22:37:12 [INFO] Stopping the server
2016-12-27 22:37:12 [INFO] Stopping server
2016-12-27 22:37:12 [INFO] Saving players
2016-12-27 22:37:12 [INFO] Saving worlds
2016-12-27 22:37:12 [INFO] Saving chunks for level 'world'/Overworld
2016-12-27 22:37:12 [INFO] Closing listening thread
2016-12-27 22:37:12 [INFO] Saving chunks for level 'world'/Nether
2016-12-27 22:37:12 [INFO] Saving chunks for level 'world'/The End
2016-12-27 22:37:12 [INFO] Saving chunks for level 'world'/Underdark
2016-12-27 22:37:13 [INFO] Stopping server
2016-12-27 22:37:28 [INFO] Starting minecraft server version 1.6.4
2016-12-27 22:37:38 [SEVERE] Encountered an unexpected exception LoaderException
cpw.mods.fml.common.LoaderException: java.lang.NoClassDefFoundError: tconstruct/util/config/PHConstruct
	at cpw.mods.fml.common.LoadController.transition(LoadController.java:156)
	at cpw.mods.fml.common.Loader.loadMods(Loader.java:523)
	at cpw.mods.fml.server.FMLServerHandler.beginServerLoading(FMLServerHandler.java:99)
	at cpw.mods.fml.common.FMLCommonHandler.onServerStart(FMLCommonHandler.java:350)
	at net.minecraft.server.dedicated.DedicatedServer.func_71197_b(DedicatedServer.java:69)
	at net.minecraft.server.MinecraftServer.run(MinecraftServer.java:445)
	at net.minecraft.server.ThreadMinecraftServer.run(SourceFile:583)
Caused by: java.lang.NoClassDefFoundError: tconstruct/util/config/PHConstruct
	at iguanaman.iguanatweakstconstruct.IguanaBlocks.init(IguanaBlocks.java:27)
	at iguanaman.iguanatweakstconstruct.IguanaTweaksTConstruct.preInit(IguanaTweaksTConstruct.java:72)
	at sun.reflect.NativeMethodAccessorImpl.invoke0(Native Method)
	at sun.reflect.NativeMethodAccessorImpl.invoke(NativeMethodAccessorImpl.java:57)
	at sun.reflect.DelegatingMethodAccessorImpl.invoke(DelegatingMethodAccessorImpl.java:43)
	at java.lang.reflect.Method.invoke(Method.java:606)
	at cpw.mods.fml.common.FMLModContainer.handleModStateEvent(FMLModContainer.java:545)
	at sun.reflect.GeneratedMethodAccessor1.invoke(Unknown Source)
	at sun.reflect.DelegatingMethodAccessorImpl.invoke(DelegatingMethodAccessorImpl.java:43)
	at java.lang.reflect.Method.invoke(Method.java:606)
	at com.google.common.eventbus.EventHandler.handleEvent(EventHandler.java:74)
	at com.google.common.eventbus.SynchronizedEventHandler.handleEvent(SynchronizedEventHandler.java:45)
	at com.google.common.eventbus.EventBus.dispatch(EventBus.java:313)
	at com.google.common.eventbus.EventBus.dispatchQueuedEvents(EventBus.java:296)
	at com.google.common.eventbus.EventBus.post(EventBus.java:267)
	at cpw.mods.fml.common.LoadController.sendEventToModContainer(LoadController.java:201)
	at cpw.mods.fml.common.LoadController.propogateStateMessage(LoadController.java:181)
	at sun.reflect.NativeMethodAccessorImpl.invoke0(Native Method)
	at sun.reflect.NativeMethodAccessorImpl.invoke(NativeMethodAccessorImpl.java:57)
	at sun.reflect.DelegatingMethodAccessorImpl.invoke(DelegatingMethodAccessorImpl.java:43)
	at java.lang.reflect.Method.invoke(Method.java:606)
	at com.google.common.eventbus.EventHandler.handleEvent(EventHandler.java:74)
	at com.google.common.eventbus.SynchronizedEventHandler.handleEvent(SynchronizedEventHandler.java:45)
	at com.google.common.eventbus.EventBus.dispatch(EventBus.java:313)
	at com.google.common.eventbus.EventBus.dispatchQueuedEvents(EventBus.java:296)
	at com.google.common.eventbus.EventBus.post(EventBus.java:267)
	at cpw.mods.fml.common.LoadController.distributeStateMessage(LoadController.java:112)
	at cpw.mods.fml.common.Loader.loadMods(Loader.java:522)
	... 5 more
Caused by: java.lang.ClassNotFoundException: tconstruct.util.config.PHConstruct
	at net.minecraft.launchwrapper.LaunchClassLoader.findClass(LaunchClassLoader.java:97)
	at java.lang.ClassLoader.loadClass(ClassLoader.java:425)
	at java.lang.ClassLoader.loadClass(ClassLoader.java:358)
	... 33 more
2016-12-27 22:37:38 [SEVERE] This crash report has been saved to: /Users/NamjoAhn/Documents/mine_1.10/crash_landing_v2/./crash-reports/crash-2016-12-27_22.37.38-server.txt
2016-12-27 22:37:41 [INFO] Stopping server
2016-12-27 22:38:01 [INFO] Starting minecraft server version 1.6.4
2016-12-27 22:38:11 [SEVERE] Encountered an unexpected exception LoaderException
cpw.mods.fml.common.LoaderException: java.lang.NoClassDefFoundError: tconstruct/util/config/PHConstruct
	at cpw.mods.fml.common.LoadController.transition(LoadController.java:156)
	at cpw.mods.fml.common.Loader.loadMods(Loader.java:523)
	at cpw.mods.fml.server.FMLServerHandler.beginServerLoading(FMLServerHandler.java:99)
	at cpw.mods.fml.common.FMLCommonHandler.onServerStart(FMLCommonHandler.java:350)
	at net.minecraft.server.dedicated.DedicatedServer.func_71197_b(DedicatedServer.java:69)
	at net.minecraft.server.MinecraftServer.run(MinecraftServer.java:445)
	at net.minecraft.server.ThreadMinecraftServer.run(SourceFile:583)
Caused by: java.lang.NoClassDefFoundError: tconstruct/util/config/PHConstruct
	at iguanaman.iguanatweakstconstruct.IguanaBlocks.init(IguanaBlocks.java:27)
	at iguanaman.iguanatweakstconstruct.IguanaTweaksTConstruct.preInit(IguanaTweaksTConstruct.java:72)
	at sun.reflect.NativeMethodAccessorImpl.invoke0(Native Method)
	at sun.reflect.NativeMethodAccessorImpl.invoke(NativeMethodAccessorImpl.java:57)
	at sun.reflect.DelegatingMethodAccessorImpl.invoke(DelegatingMethodAccessorImpl.java:43)
	at java.lang.reflect.Method.invoke(Method.java:606)
	at cpw.mods.fml.common.FMLModContainer.handleModStateEvent(FMLModContainer.java:545)
	at sun.reflect.GeneratedMethodAccessor1.invoke(Unknown Source)
	at sun.reflect.DelegatingMethodAccessorImpl.invoke(DelegatingMethodAccessorImpl.java:43)
	at java.lang.reflect.Method.invoke(Method.java:606)
	at com.google.common.eventbus.EventHandler.handleEvent(EventHandler.java:74)
	at com.google.common.eventbus.SynchronizedEventHandler.handleEvent(SynchronizedEventHandler.java:45)
	at com.google.common.eventbus.EventBus.dispatch(EventBus.java:313)
	at com.google.common.eventbus.EventBus.dispatchQueuedEvents(EventBus.java:296)
	at com.google.common.eventbus.EventBus.post(EventBus.java:267)
	at cpw.mods.fml.common.LoadController.sendEventToModContainer(LoadController.java:201)
	at cpw.mods.fml.common.LoadController.propogateStateMessage(LoadController.java:181)
	at sun.reflect.NativeMethodAccessorImpl.invoke0(Native Method)
	at sun.reflect.NativeMethodAccessorImpl.invoke(NativeMethodAccessorImpl.java:57)
	at sun.reflect.DelegatingMethodAccessorImpl.invoke(DelegatingMethodAccessorImpl.java:43)
	at java.lang.reflect.Method.invoke(Method.java:606)
	at com.google.common.eventbus.EventHandler.handleEvent(EventHandler.java:74)
	at com.google.common.eventbus.SynchronizedEventHandler.handleEvent(SynchronizedEventHandler.java:45)
	at com.google.common.eventbus.EventBus.dispatch(EventBus.java:313)
	at com.google.common.eventbus.EventBus.dispatchQueuedEvents(EventBus.java:296)
	at com.google.common.eventbus.EventBus.post(EventBus.java:267)
	at cpw.mods.fml.common.LoadController.distributeStateMessage(LoadController.java:112)
	at cpw.mods.fml.common.Loader.loadMods(Loader.java:522)
	... 5 more
Caused by: java.lang.ClassNotFoundException: tconstruct.util.config.PHConstruct
	at net.minecraft.launchwrapper.LaunchClassLoader.findClass(LaunchClassLoader.java:97)
	at java.lang.ClassLoader.loadClass(ClassLoader.java:425)
	at java.lang.ClassLoader.loadClass(ClassLoader.java:358)
	... 33 more
2016-12-27 22:38:11 [SEVERE] This crash report has been saved to: /Users/NamjoAhn/Documents/mine_1.10/crash_landing_v2/./crash-reports/crash-2016-12-27_22.38.11-server.txt
2016-12-27 22:38:27 [INFO] Starting minecraft server version 1.6.4
2016-12-27 22:38:31 [SEVERE] Encountered an unexpected exception NoClassDefFoundError
java.lang.NoClassDefFoundError: net/minecraft/client/renderer/EntityRenderer
	at java.lang.Class.forName0(Native Method)
	at java.lang.Class.forName(Class.java:278)
	at cpw.mods.fml.common.ModClassLoader.loadBaseModClass(ModClassLoader.java:104)
	at cpw.mods.fml.common.modloader.ModLoaderModContainer.constructMod(ModLoaderModContainer.java:484)
	at sun.reflect.NativeMethodAccessorImpl.invoke0(Native Method)
	at sun.reflect.NativeMethodAccessorImpl.invoke(NativeMethodAccessorImpl.java:57)
	at sun.reflect.DelegatingMethodAccessorImpl.invoke(DelegatingMethodAccessorImpl.java:43)
	at java.lang.reflect.Method.invoke(Method.java:606)
	at com.google.common.eventbus.EventHandler.handleEvent(EventHandler.java:74)
	at com.google.common.eventbus.SynchronizedEventHandler.handleEvent(SynchronizedEventHandler.java:45)
	at com.google.common.eventbus.EventBus.dispatch(EventBus.java:313)
	at com.google.common.eventbus.EventBus.dispatchQueuedEvents(EventBus.java:296)
	at com.google.common.eventbus.EventBus.post(EventBus.java:267)
	at cpw.mods.fml.common.LoadController.sendEventToModContainer(LoadController.java:201)
	at cpw.mods.fml.common.LoadController.propogateStateMessage(LoadController.java:181)
	at sun.reflect.NativeMethodAccessorImpl.invoke0(Native Method)
	at sun.reflect.NativeMethodAccessorImpl.invoke(NativeMethodAccessorImpl.java:57)
	at sun.reflect.DelegatingMethodAccessorImpl.invoke(DelegatingMethodAccessorImpl.java:43)
	at java.lang.reflect.Method.invoke(Method.java:606)
	at com.google.common.eventbus.EventHandler.handleEvent(EventHandler.java:74)
	at com.google.common.eventbus.SynchronizedEventHandler.handleEvent(SynchronizedEventHandler.java:45)
	at com.google.common.eventbus.EventBus.dispatch(EventBus.java:313)
	at com.google.common.eventbus.EventBus.dispatchQueuedEvents(EventBus.java:296)
	at com.google.common.eventbus.EventBus.post(EventBus.java:267)
	at cpw.mods.fml.common.LoadController.distributeStateMessage(LoadController.java:112)
	at cpw.mods.fml.common.Loader.loadMods(Loader.java:511)
	at cpw.mods.fml.server.FMLServerHandler.beginServerLoading(FMLServerHandler.java:99)
	at cpw.mods.fml.common.FMLCommonHandler.onServerStart(FMLCommonHandler.java:350)
	at net.minecraft.server.dedicated.DedicatedServer.func_71197_b(DedicatedServer.java:69)
	at net.minecraft.server.MinecraftServer.run(MinecraftServer.java:445)
	at net.minecraft.server.ThreadMinecraftServer.run(SourceFile:583)
Caused by: java.lang.ClassNotFoundException: net.minecraft.client.renderer.EntityRenderer
	at net.minecraft.launchwrapper.LaunchClassLoader.findClass(LaunchClassLoader.java:186)
	at java.lang.ClassLoader.loadClass(ClassLoader.java:425)
	at java.lang.ClassLoader.loadClass(ClassLoader.java:358)
	... 31 more
Caused by: java.lang.RuntimeException: Attempted to load class bfe for invalid side SERVER
	at cpw.mods.fml.common.asm.transformers.SideTransformer.transform(SideTransformer.java:50)
	at net.minecraft.launchwrapper.LaunchClassLoader.runTransformers(LaunchClassLoader.java:274)
	at net.minecraft.launchwrapper.LaunchClassLoader.findClass(LaunchClassLoader.java:172)
	... 33 more
2016-12-27 22:38:31 [SEVERE] This crash report has been saved to: /Users/NamjoAhn/Documents/mine_1.10/crash_landing_v2/./crash-reports/crash-2016-12-27_22.38.31-server.txt
2016-12-27 22:38:33 [INFO] Stopping server
2016-12-27 22:38:47 [INFO] Starting minecraft server version 1.6.4
2016-12-27 22:38:56 [INFO] Loading properties
2016-12-27 22:38:56 [INFO] Default game type: SURVIVAL
2016-12-27 22:38:56 [INFO] Generating keypair
2016-12-27 22:38:56 [INFO] Starting Minecraft server on *:25565
2016-12-27 22:38:58 [INFO] Preparing level "world"
2016-12-27 22:38:59 [INFO] Preparing start region for level 0
2016-12-27 22:38:59 [INFO] Done (1.139s)! For help, type "help" or "?"
2016-12-27 22:39:01 [INFO] Stopping the server
2016-12-27 22:39:01 [INFO] Stopping server
2016-12-27 22:39:01 [INFO] Saving players
2016-12-27 22:39:01 [INFO] Saving worlds
2016-12-27 22:39:01 [INFO] Saving chunks for level 'world'/Overworld
2016-12-27 22:39:01 [INFO] Closing listening thread
2016-12-27 22:39:01 [INFO] Saving chunks for level 'world'/Nether
2016-12-27 22:39:01 [INFO] Saving chunks for level 'world'/The End
2016-12-27 22:39:01 [INFO] Saving chunks for level 'world'/Underdark
2016-12-27 22:39:15 [INFO] Starting minecraft server version 1.6.4
2016-12-27 22:39:24 [INFO] Loading properties
2016-12-27 22:39:24 [INFO] Default game type: SURVIVAL
2016-12-27 22:39:24 [INFO] Generating keypair
2016-12-27 22:39:24 [INFO] Starting Minecraft server on *:25565
2016-12-27 22:39:27 [INFO] Preparing level "world"
2016-12-27 22:39:28 [INFO] Preparing start region for level 0
2016-12-27 22:39:28 [INFO] Done (1.017s)! For help, type "help" or "?"
2016-12-27 22:40:03 [SEVERE] Reached end of stream for /192.168.0.6
2016-12-27 22:40:03 [INFO] namjo [/192.168.0.6:59100] lost connection
2016-12-27 22:40:37 [INFO] Stopping the server
2016-12-27 22:40:37 [INFO] Stopping server
2016-12-27 22:40:37 [INFO] Saving players
2016-12-27 22:40:37 [INFO] Saving worlds
2016-12-27 22:40:37 [INFO] Saving chunks for level 'world'/Overworld
2016-12-27 22:40:37 [INFO] Closing listening thread
2016-12-27 22:40:37 [INFO] Saving chunks for level 'world'/Nether
2016-12-27 22:40:37 [INFO] Saving chunks for level 'world'/The End
2016-12-27 22:40:37 [INFO] Saving chunks for level 'world'/Underdark
2016-12-27 22:40:37 [INFO] Stopping server
2016-12-27 22:40:45 [INFO] Starting minecraft server version 1.6.4
2016-12-27 22:40:55 [INFO] Loading properties
2016-12-27 22:40:55 [INFO] Default game type: SURVIVAL
2016-12-27 22:40:55 [INFO] Generating keypair
2016-12-27 22:40:55 [INFO] Starting Minecraft server on *:25565
2016-12-27 22:40:55 [WARNING] **** SERVER IS RUNNING IN OFFLINE/INSECURE MODE!
2016-12-27 22:40:55 [WARNING] The server will make no attempt to authenticate usernames. Beware.
2016-12-27 22:40:55 [WARNING] While this makes the game possible to play without internet access, it also opens up the ability for hackers to connect with any username they choose.
2016-12-27 22:40:55 [WARNING] To change this, set "online-mode" to "true" in the server.properties file.
2016-12-27 22:40:59 [INFO] Preparing level "world"
2016-12-27 22:40:59 [INFO] Preparing start region for level 0
2016-12-27 22:41:00 [INFO] Done (1.368s)! For help, type "help" or "?"
2016-12-27 22:41:21 [SEVERE] Reached end of stream for /192.168.0.6
2016-12-27 22:41:21 [SEVERE] Reached end of stream for /25.16.57.15
2016-12-27 22:41:22 [INFO] Disconnecting namjo [/192.168.0.6:59115]: You don't have FML installed, you cannot connect to this server
2016-12-27 22:41:22 [SEVERE] Reached end of stream for /192.168.0.6
2016-12-27 22:46:20 [INFO] Disconnecting namjo [/192.168.0.6:59245]: The server requires mods that are absent or out of date on your client
2016-12-27 22:49:22 [INFO] Disconnecting namjo [/192.168.0.6:59282]: The server requires mods that are absent or out of date on your client
2016-12-27 22:49:22 [SEVERE] Reached end of stream for /192.168.0.6
2016-12-27 23:01:43 [INFO] namjo[/192.168.0.6:59825] logged in with entity id 153 at (84.5, 67.0, 243.5)
2016-12-27 23:01:44 [INFO] namjo joined the game
2016-12-27 23:01:44 [WARNING] Fetching addPacket for removed entity
2016-12-27 23:01:44 [WARNING] Fetching addPacket for removed entity
2016-12-27 23:01:49 [INFO] namjo lost connection: disconnect.quitting
2016-12-27 23:01:49 [INFO] namjo left the game
2016-12-27 23:25:04 [SEVERE] Reached end of stream for /25.16.57.15
2016-12-27 23:25:04 [SEVERE] Reached end of stream for /192.168.0.6
2016-12-27 23:55:58 [INFO] sexysw[/143.248.234.146:55513] logged in with entity id 959 at (74.5, 65.0, 235.5)
2016-12-27 23:55:58 [INFO] sexysw joined the game
2016-12-27 23:57:07 [INFO] sexysw was slain by Zombie
2016-12-27 23:57:12 [INFO] sexysw lost connection: disconnect.quitting
2016-12-27 23:57:12 [INFO] sexysw left the game
2016-12-28 00:14:11 [INFO] Stopping the server
2016-12-28 00:14:11 [INFO] Stopping server
2016-12-28 00:14:11 [INFO] Saving players
2016-12-28 00:14:11 [INFO] Saving worlds
2016-12-28 00:14:11 [INFO] Saving chunks for level 'world'/Overworld
2016-12-28 00:14:11 [WARNING] Failed to check session lock, aborting
2016-12-28 00:14:11 [INFO] Saving chunks for level 'world'/Nether
2016-12-28 00:14:11 [INFO] Closing listening thread
2016-12-28 00:14:11 [INFO] Saving chunks for level 'world'/The End
2016-12-28 00:14:11 [INFO] Saving chunks for level 'world'/Underdark
2016-12-28 00:14:19 [INFO] Starting minecraft server version 1.6.4
2016-12-28 00:14:28 [INFO] Loading properties
2016-12-28 00:14:28 [INFO] Default game type: SURVIVAL
2016-12-28 00:14:28 [INFO] Generating keypair
2016-12-28 00:14:29 [INFO] Starting Minecraft server on *:25565
2016-12-28 00:14:29 [WARNING] **** SERVER IS RUNNING IN OFFLINE/INSECURE MODE!
2016-12-28 00:14:29 [WARNING] The server will make no attempt to authenticate usernames. Beware.
2016-12-28 00:14:29 [WARNING] While this makes the game possible to play without internet access, it also opens up the ability for hackers to connect with any username they choose.
2016-12-28 00:14:29 [WARNING] To change this, set "online-mode" to "true" in the server.properties file.
2016-12-28 00:14:32 [INFO] Preparing level "world"
2016-12-28 00:14:32 [INFO] Preparing start region for level 0
2016-12-28 00:14:34 [INFO] Preparing spawn area: 4%
2016-12-28 00:14:35 [INFO] Preparing spawn area: 12%
2016-12-28 00:14:36 [INFO] Preparing spawn area: 21%
2016-12-28 00:14:37 [INFO] Preparing spawn area: 35%
2016-12-28 00:14:38 [INFO] Preparing spawn area: 52%
2016-12-28 00:14:39 [INFO] Preparing spawn area: 65%
2016-12-28 00:14:40 [INFO] Preparing spawn area: 78%
2016-12-28 00:14:41 [INFO] Preparing spawn area: 94%
2016-12-28 00:14:41 [INFO] Done (9.058s)! For help, type "help" or "?"
2016-12-28 00:18:45 [INFO] namjo[/192.168.0.6:60419] logged in with entity id 7667 at (207.5, 66.0, 254.5)
2016-12-28 00:18:45 [INFO] namjo joined the game
2016-12-28 00:19:01 [INFO] namjo lost connection: disconnect.quitting
2016-12-28 00:19:01 [INFO] namjo left the game
2016-12-28 00:44:55 [INFO] Unknown command. Try /help for a list of commands
2016-12-28 00:44:56 [INFO] Stopping the server
2016-12-28 00:44:56 [INFO] Stopping server
2016-12-28 00:44:56 [INFO] Saving players
2016-12-28 00:44:56 [INFO] Saving worlds
2016-12-28 00:44:56 [INFO] Saving chunks for level 'world'/Overworld
2016-12-28 00:44:56 [INFO] Closing listening thread
2016-12-28 00:44:56 [INFO] Saving chunks for level 'world'/Nether
2016-12-28 00:44:56 [INFO] Saving chunks for level 'world'/The End
2016-12-28 00:44:56 [INFO] Saving chunks for level 'world'/Underdark
2016-12-28 00:44:56 [INFO] Stopping server
