[21:32:50] [main/DEBUG] [FML/]: Injecting tracing printstreams for STDOUT/STDERR.
[21:32:51] [main/INFO] [FML/]: Forge Mod Loader version 13.20.0.2201 for Minecraft 1.11.2 loading
[21:32:51] [main/INFO] [FML/]: Java is Java HotSpot(TM) 64-Bit Server VM, version 1.8.0_102, running on Mac OS X:x86_64:10.12.1, installed at /Library/Java/JavaVirtualMachines/jdk1.8.0_102.jdk/Contents/Home/jre
[21:32:51] [main/DEBUG] [FML/]: Java classpath at launch is forge-1.11.2-13.20.0.2201-universal.jar
[21:32:51] [main/DEBUG] [FML/]: Java library path at launch is /Users/NamjoAhn/Library/Java/Extensions:/Library/Java/Extensions:/Network/Library/Java/Extensions:/System/Library/Java/Extensions:/usr/lib/java:.
[21:32:51] [main/DEBUG] [FML/]: Enabling runtime deobfuscation
[21:32:51] [main/DEBUG] [FML/]: Instantiating coremod class FMLCorePlugin
[21:32:51] [main/DEBUG] [FML/]: Added access transformer class net.minecraftforge.fml.common.asm.transformers.AccessTransformer to enqueued access transformers
[21:32:51] [main/DEBUG] [FML/]: Enqueued coremod FMLCorePlugin
[21:32:51] [main/DEBUG] [FML/]: Instantiating coremod class FMLForgePlugin
[21:32:51] [main/DEBUG] [FML/]: Enqueued coremod FMLForgePlugin
[21:32:51] [main/DEBUG] [FML/]: All fundamental core mods are successfully located
[21:32:51] [main/DEBUG] [FML/]: Attempting to load commandline specified mods, relative to /Users/NamjoAhn/Documents/mine_1.10/crash_landing_v1/.
[21:32:51] [main/DEBUG] [FML/]: Discovering coremods
[21:32:51] [main/DEBUG] [FML/]: Examining for coremod candidacy 1.6.4-SortFix-1.0.jar
[21:32:51] [main/TRACE] [FML/]: Adding 1.6.4-SortFix-1.0.jar to the list of known coremods, it will not be examined again
[21:32:51] [main/DEBUG] [FML/]: Instantiating coremod class CorePlugin
[21:32:51] [main/INFO] [STDERR/]: [net.minecraftforge.fml.relauncher.FMLLaunchHandler:setupHome:106]: java.lang.NoClassDefFoundError: cpw/mods/fml/relauncher/IFMLLoadingPlugin
[21:32:51] [main/INFO] [STDERR/]: [net.minecraftforge.fml.relauncher.FMLLaunchHandler:setupHome:106]: 	at java.lang.ClassLoader.defineClass1(Native Method)
[21:32:51] [main/INFO] [STDERR/]: [net.minecraftforge.fml.relauncher.FMLLaunchHandler:setupHome:106]: 	at java.lang.ClassLoader.defineClass(ClassLoader.java:763)
[21:32:51] [main/INFO] [STDERR/]: [net.minecraftforge.fml.relauncher.FMLLaunchHandler:setupHome:106]: 	at java.security.SecureClassLoader.defineClass(SecureClassLoader.java:142)
[21:32:51] [main/INFO] [STDERR/]: [net.minecraftforge.fml.relauncher.FMLLaunchHandler:setupHome:106]: 	at java.net.URLClassLoader.defineClass(URLClassLoader.java:467)
[21:32:51] [main/INFO] [STDERR/]: [net.minecraftforge.fml.relauncher.FMLLaunchHandler:setupHome:106]: 	at java.net.URLClassLoader.access$100(URLClassLoader.java:73)
[21:32:51] [main/INFO] [STDERR/]: [net.minecraftforge.fml.relauncher.FMLLaunchHandler:setupHome:106]: 	at java.net.URLClassLoader$1.run(URLClassLoader.java:368)
[21:32:51] [main/INFO] [STDERR/]: [net.minecraftforge.fml.relauncher.FMLLaunchHandler:setupHome:106]: 	at java.net.URLClassLoader$1.run(URLClassLoader.java:362)
[21:32:51] [main/INFO] [STDERR/]: [net.minecraftforge.fml.relauncher.FMLLaunchHandler:setupHome:106]: 	at java.security.AccessController.doPrivileged(Native Method)
[21:32:51] [main/INFO] [STDERR/]: [net.minecraftforge.fml.relauncher.FMLLaunchHandler:setupHome:106]: 	at java.net.URLClassLoader.findClass(URLClassLoader.java:361)
[21:32:51] [main/INFO] [STDERR/]: [net.minecraftforge.fml.relauncher.FMLLaunchHandler:setupHome:106]: 	at net.minecraft.launchwrapper.LaunchClassLoader.findClass(LaunchClassLoader.java:117)
[21:32:51] [main/INFO] [STDERR/]: [net.minecraftforge.fml.relauncher.FMLLaunchHandler:setupHome:106]: 	at java.lang.ClassLoader.loadClass(ClassLoader.java:424)
[21:32:51] [main/INFO] [STDERR/]: [net.minecraftforge.fml.relauncher.FMLLaunchHandler:setupHome:106]: 	at java.lang.ClassLoader.loadClass(ClassLoader.java:357)
[21:32:51] [main/INFO] [STDERR/]: [net.minecraftforge.fml.relauncher.FMLLaunchHandler:setupHome:106]: 	at java.lang.Class.forName0(Native Method)
[21:32:51] [main/INFO] [STDERR/]: [net.minecraftforge.fml.relauncher.FMLLaunchHandler:setupHome:106]: 	at java.lang.Class.forName(Class.java:348)
[21:32:51] [main/INFO] [STDERR/]: [net.minecraftforge.fml.relauncher.FMLLaunchHandler:setupHome:106]: 	at net.minecraftforge.fml.relauncher.CoreModManager.loadCoreMod(CoreModManager.java:564)
[21:32:51] [main/INFO] [STDERR/]: [net.minecraftforge.fml.relauncher.FMLLaunchHandler:setupHome:106]: 	at net.minecraftforge.fml.relauncher.CoreModManager.discoverCoreMods(CoreModManager.java:425)
[21:32:51] [main/INFO] [STDERR/]: [net.minecraftforge.fml.relauncher.FMLLaunchHandler:setupHome:106]: 	at net.minecraftforge.fml.relauncher.CoreModManager.handleLaunch(CoreModManager.java:255)
[21:32:51] [main/INFO] [STDERR/]: [net.minecraftforge.fml.relauncher.FMLLaunchHandler:setupHome:106]: 	at net.minecraftforge.fml.relauncher.FMLLaunchHandler.setupHome(FMLLaunchHandler.java:102)
[21:32:51] [main/INFO] [STDERR/]: [net.minecraftforge.fml.relauncher.FMLLaunchHandler:setupHome:106]: 	at net.minecraftforge.fml.relauncher.FMLLaunchHandler.setupServer(FMLLaunchHandler.java:86)
[21:32:51] [main/INFO] [STDERR/]: [net.minecraftforge.fml.relauncher.FMLLaunchHandler:setupHome:106]: 	at net.minecraftforge.fml.relauncher.FMLLaunchHandler.configureForServerLaunch(FMLLaunchHandler.java:46)
[21:32:51] [main/INFO] [STDERR/]: [net.minecraftforge.fml.relauncher.FMLLaunchHandler:setupHome:106]: 	at net.minecraftforge.fml.common.launcher.FMLServerTweaker.injectIntoClassLoader(FMLServerTweaker.java:62)
[21:32:51] [main/INFO] [STDERR/]: [net.minecraftforge.fml.relauncher.FMLLaunchHandler:setupHome:106]: 	at net.minecraft.launchwrapper.Launch.launch(Launch.java:115)
[21:32:51] [main/INFO] [STDERR/]: [net.minecraftforge.fml.relauncher.FMLLaunchHandler:setupHome:106]: 	at net.minecraft.launchwrapper.Launch.main(Launch.java:28)
[21:32:51] [main/INFO] [STDERR/]: [net.minecraftforge.fml.relauncher.FMLLaunchHandler:setupHome:106]: 	at sun.reflect.NativeMethodAccessorImpl.invoke0(Native Method)
[21:32:51] [main/INFO] [STDERR/]: [net.minecraftforge.fml.relauncher.FMLLaunchHandler:setupHome:106]: 	at sun.reflect.NativeMethodAccessorImpl.invoke(NativeMethodAccessorImpl.java:62)
[21:32:51] [main/INFO] [STDERR/]: [net.minecraftforge.fml.relauncher.FMLLaunchHandler:setupHome:106]: 	at sun.reflect.DelegatingMethodAccessorImpl.invoke(DelegatingMethodAccessorImpl.java:43)
[21:32:51] [main/INFO] [STDERR/]: [net.minecraftforge.fml.relauncher.FMLLaunchHandler:setupHome:106]: 	at java.lang.reflect.Method.invoke(Method.java:498)
[21:32:51] [main/INFO] [STDERR/]: [net.minecraftforge.fml.relauncher.FMLLaunchHandler:setupHome:106]: 	at net.minecraftforge.fml.relauncher.ServerLaunchWrapper.run(ServerLaunchWrapper.java:62)
[21:32:51] [main/INFO] [STDERR/]: [net.minecraftforge.fml.relauncher.FMLLaunchHandler:setupHome:106]: 	at net.minecraftforge.fml.relauncher.ServerLaunchWrapper.main(ServerLaunchWrapper.java:31)
[21:32:51] [main/INFO] [STDERR/]: [java.lang.Throwable:printStackTrace:634]: Caused by: java.lang.ClassNotFoundException: cpw.mods.fml.relauncher.IFMLLoadingPlugin
[21:32:51] [main/INFO] [STDERR/]: [java.lang.Throwable:printStackTrace:634]: 	at net.minecraft.launchwrapper.LaunchClassLoader.findClass(LaunchClassLoader.java:191)
[21:32:51] [main/INFO] [STDERR/]: [java.lang.Throwable:printStackTrace:634]: 	at java.lang.ClassLoader.loadClass(ClassLoader.java:424)
[21:32:51] [main/INFO] [STDERR/]: [java.lang.Throwable:printStackTrace:634]: 	at java.lang.ClassLoader.loadClass(ClassLoader.java:357)
[21:32:51] [main/INFO] [STDERR/]: [java.lang.Throwable:printStackTrace:634]: 	... 29 more
[21:32:51] [main/INFO] [STDERR/]: [java.lang.Throwable:printStackTrace:643]: Caused by: java.lang.NullPointerException
[21:32:51] [main/INFO] [STDERR/]: [java.lang.Throwable:printStackTrace:643]: 	at net.minecraft.launchwrapper.LaunchClassLoader.findClass(LaunchClassLoader.java:182)
[21:32:51] [main/INFO] [STDERR/]: [java.lang.Throwable:printStackTrace:643]: 	... 31 more
[21:32:51] [main/ERROR] [FML/]: An error occurred trying to configure the minecraft home at /Users/NamjoAhn/Documents/mine_1.10/crash_landing_v1/. for Forge Mod Loader
java.lang.NoClassDefFoundError: cpw/mods/fml/relauncher/IFMLLoadingPlugin
	at java.lang.ClassLoader.defineClass1(Native Method) ~[?:1.8.0_102]
	at java.lang.ClassLoader.defineClass(ClassLoader.java:763) ~[?:1.8.0_102]
	at java.security.SecureClassLoader.defineClass(SecureClassLoader.java:142) ~[?:1.8.0_102]
	at java.net.URLClassLoader.defineClass(URLClassLoader.java:467) ~[?:1.8.0_102]
	at java.net.URLClassLoader.access$100(URLClassLoader.java:73) ~[?:1.8.0_102]
	at java.net.URLClassLoader$1.run(URLClassLoader.java:368) ~[?:1.8.0_102]
	at java.net.URLClassLoader$1.run(URLClassLoader.java:362) ~[?:1.8.0_102]
	at java.security.AccessController.doPrivileged(Native Method) ~[?:1.8.0_102]
	at java.net.URLClassLoader.findClass(URLClassLoader.java:361) ~[?:1.8.0_102]
	at net.minecraft.launchwrapper.LaunchClassLoader.findClass(LaunchClassLoader.java:117) ~[launchwrapper-1.12.jar:?]
	at java.lang.ClassLoader.loadClass(ClassLoader.java:424) ~[?:1.8.0_102]
	at java.lang.ClassLoader.loadClass(ClassLoader.java:357) ~[?:1.8.0_102]
	at java.lang.Class.forName0(Native Method) ~[?:1.8.0_102]
	at java.lang.Class.forName(Class.java:348) ~[?:1.8.0_102]
	at net.minecraftforge.fml.relauncher.CoreModManager.loadCoreMod(CoreModManager.java:564) ~[forge-1.11.2-13.20.0.2201-universal.jar:?]
	at net.minecraftforge.fml.relauncher.CoreModManager.discoverCoreMods(CoreModManager.java:425) ~[forge-1.11.2-13.20.0.2201-universal.jar:?]
	at net.minecraftforge.fml.relauncher.CoreModManager.handleLaunch(CoreModManager.java:255) ~[forge-1.11.2-13.20.0.2201-universal.jar:?]
	at net.minecraftforge.fml.relauncher.FMLLaunchHandler.setupHome(FMLLaunchHandler.java:102) [forge-1.11.2-13.20.0.2201-universal.jar:?]
	at net.minecraftforge.fml.relauncher.FMLLaunchHandler.setupServer(FMLLaunchHandler.java:86) [forge-1.11.2-13.20.0.2201-universal.jar:?]
	at net.minecraftforge.fml.relauncher.FMLLaunchHandler.configureForServerLaunch(FMLLaunchHandler.java:46) [forge-1.11.2-13.20.0.2201-universal.jar:?]
	at net.minecraftforge.fml.common.launcher.FMLServerTweaker.injectIntoClassLoader(FMLServerTweaker.java:62) [forge-1.11.2-13.20.0.2201-universal.jar:?]
	at net.minecraft.launchwrapper.Launch.launch(Launch.java:115) [launchwrapper-1.12.jar:?]
	at net.minecraft.launchwrapper.Launch.main(Launch.java:28) [launchwrapper-1.12.jar:?]
	at sun.reflect.NativeMethodAccessorImpl.invoke0(Native Method) ~[?:1.8.0_102]
	at sun.reflect.NativeMethodAccessorImpl.invoke(NativeMethodAccessorImpl.java:62) ~[?:1.8.0_102]
	at sun.reflect.DelegatingMethodAccessorImpl.invoke(DelegatingMethodAccessorImpl.java:43) ~[?:1.8.0_102]
	at java.lang.reflect.Method.invoke(Method.java:498) ~[?:1.8.0_102]
	at net.minecraftforge.fml.relauncher.ServerLaunchWrapper.run(ServerLaunchWrapper.java:62) [forge-1.11.2-13.20.0.2201-universal.jar:?]
	at net.minecraftforge.fml.relauncher.ServerLaunchWrapper.main(ServerLaunchWrapper.java:31) [forge-1.11.2-13.20.0.2201-universal.jar:?]
Caused by: java.lang.ClassNotFoundException: cpw.mods.fml.relauncher.IFMLLoadingPlugin
	at net.minecraft.launchwrapper.LaunchClassLoader.findClass(LaunchClassLoader.java:191) ~[launchwrapper-1.12.jar:?]
	at java.lang.ClassLoader.loadClass(ClassLoader.java:424) ~[?:1.8.0_102]
	at java.lang.ClassLoader.loadClass(ClassLoader.java:357) ~[?:1.8.0_102]
	... 29 more
Caused by: java.lang.NullPointerException
	at net.minecraft.launchwrapper.LaunchClassLoader.findClass(LaunchClassLoader.java:182) ~[launchwrapper-1.12.jar:?]
	at java.lang.ClassLoader.loadClass(ClassLoader.java:424) ~[?:1.8.0_102]
	at java.lang.ClassLoader.loadClass(ClassLoader.java:357) ~[?:1.8.0_102]
	... 29 more
[21:32:51] [main/INFO] [STDERR/]: [net.minecraftforge.fml.relauncher.ServerLaunchWrapper:main:31]: java.lang.reflect.InvocationTargetException
[21:32:51] [main/INFO] [STDERR/]: [net.minecraftforge.fml.relauncher.ServerLaunchWrapper:main:31]: 	at sun.reflect.NativeMethodAccessorImpl.invoke0(Native Method)
[21:32:51] [main/INFO] [STDERR/]: [net.minecraftforge.fml.relauncher.ServerLaunchWrapper:main:31]: 	at sun.reflect.NativeMethodAccessorImpl.invoke(NativeMethodAccessorImpl.java:62)
[21:32:51] [main/INFO] [STDERR/]: [net.minecraftforge.fml.relauncher.ServerLaunchWrapper:main:31]: 	at sun.reflect.DelegatingMethodAccessorImpl.invoke(DelegatingMethodAccessorImpl.java:43)
[21:32:51] [main/INFO] [STDERR/]: [net.minecraftforge.fml.relauncher.ServerLaunchWrapper:main:31]: 	at java.lang.reflect.Method.invoke(Method.java:498)
[21:32:51] [main/INFO] [STDERR/]: [net.minecraftforge.fml.relauncher.ServerLaunchWrapper:main:31]: 	at net.minecraftforge.fml.relauncher.ServerLaunchWrapper.run(ServerLaunchWrapper.java:62)
[21:32:51] [main/INFO] [STDERR/]: [net.minecraftforge.fml.relauncher.ServerLaunchWrapper:main:31]: 	at net.minecraftforge.fml.relauncher.ServerLaunchWrapper.main(ServerLaunchWrapper.java:31)
[21:32:51] [main/INFO] [STDERR/]: [net.minecraftforge.fml.relauncher.ServerLaunchWrapper:run:67]: Caused by: java.lang.NoClassDefFoundError: cpw/mods/fml/relauncher/IFMLLoadingPlugin
[21:32:51] [main/INFO] [STDERR/]: [net.minecraftforge.fml.relauncher.ServerLaunchWrapper:run:67]: 	at java.lang.ClassLoader.defineClass1(Native Method)
[21:32:51] [main/INFO] [STDERR/]: [net.minecraftforge.fml.relauncher.ServerLaunchWrapper:run:67]: 	at java.lang.ClassLoader.defineClass(ClassLoader.java:763)
[21:32:51] [main/INFO] [STDERR/]: [net.minecraftforge.fml.relauncher.ServerLaunchWrapper:run:67]: 	at java.security.SecureClassLoader.defineClass(SecureClassLoader.java:142)
[21:32:51] [main/INFO] [STDERR/]: [net.minecraftforge.fml.relauncher.ServerLaunchWrapper:run:67]: 	at java.net.URLClassLoader.defineClass(URLClassLoader.java:467)
[21:32:51] [main/INFO] [STDERR/]: [net.minecraftforge.fml.relauncher.ServerLaunchWrapper:run:67]: 	at java.net.URLClassLoader.access$100(URLClassLoader.java:73)
[21:32:51] [main/INFO] [STDERR/]: [net.minecraftforge.fml.relauncher.ServerLaunchWrapper:run:67]: 	at java.net.URLClassLoader$1.run(URLClassLoader.java:368)
[21:32:51] [main/INFO] [STDERR/]: [net.minecraftforge.fml.relauncher.ServerLaunchWrapper:run:67]: 	at java.net.URLClassLoader$1.run(URLClassLoader.java:362)
[21:32:51] [main/INFO] [STDERR/]: [net.minecraftforge.fml.relauncher.ServerLaunchWrapper:run:67]: 	at java.security.AccessController.doPrivileged(Native Method)
[21:32:51] [main/INFO] [STDERR/]: [net.minecraftforge.fml.relauncher.ServerLaunchWrapper:run:67]: 	at java.net.URLClassLoader.findClass(URLClassLoader.java:361)
[21:32:51] [main/INFO] [STDERR/]: [net.minecraftforge.fml.relauncher.ServerLaunchWrapper:run:67]: 	at net.minecraft.launchwrapper.LaunchClassLoader.findClass(LaunchClassLoader.java:117)
[21:32:51] [main/INFO] [STDERR/]: [net.minecraftforge.fml.relauncher.ServerLaunchWrapper:run:67]: 	at java.lang.ClassLoader.loadClass(ClassLoader.java:424)
[21:32:51] [main/INFO] [STDERR/]: [net.minecraftforge.fml.relauncher.ServerLaunchWrapper:run:67]: 	at java.lang.ClassLoader.loadClass(ClassLoader.java:357)
[21:32:51] [main/INFO] [STDERR/]: [net.minecraftforge.fml.relauncher.ServerLaunchWrapper:run:67]: 	at java.lang.Class.forName0(Native Method)
[21:32:51] [main/INFO] [STDERR/]: [net.minecraftforge.fml.relauncher.ServerLaunchWrapper:run:67]: 	at java.lang.Class.forName(Class.java:348)
[21:32:51] [main/INFO] [STDERR/]: [net.minecraftforge.fml.relauncher.ServerLaunchWrapper:run:67]: 	at net.minecraftforge.fml.relauncher.CoreModManager.loadCoreMod(CoreModManager.java:564)
[21:32:51] [main/INFO] [STDERR/]: [net.minecraftforge.fml.relauncher.ServerLaunchWrapper:run:67]: 	at net.minecraftforge.fml.relauncher.CoreModManager.discoverCoreMods(CoreModManager.java:425)
[21:32:51] [main/INFO] [STDERR/]: [net.minecraftforge.fml.relauncher.ServerLaunchWrapper:run:67]: 	at net.minecraftforge.fml.relauncher.CoreModManager.handleLaunch(CoreModManager.java:255)
[21:32:51] [main/INFO] [STDERR/]: [net.minecraftforge.fml.relauncher.ServerLaunchWrapper:run:67]: 	at net.minecraftforge.fml.relauncher.FMLLaunchHandler.setupHome(FMLLaunchHandler.java:102)
[21:32:51] [main/INFO] [STDERR/]: [net.minecraftforge.fml.relauncher.ServerLaunchWrapper:run:67]: 	at net.minecraftforge.fml.relauncher.FMLLaunchHandler.setupServer(FMLLaunchHandler.java:86)
[21:32:51] [main/INFO] [STDERR/]: [net.minecraftforge.fml.relauncher.ServerLaunchWrapper:run:67]: 	at net.minecraftforge.fml.relauncher.FMLLaunchHandler.configureForServerLaunch(FMLLaunchHandler.java:46)
[21:32:51] [main/INFO] [STDERR/]: [net.minecraftforge.fml.relauncher.ServerLaunchWrapper:run:67]: 	at net.minecraftforge.fml.common.launcher.FMLServerTweaker.injectIntoClassLoader(FMLServerTweaker.java:62)
[21:32:51] [main/INFO] [STDERR/]: [net.minecraftforge.fml.relauncher.ServerLaunchWrapper:run:67]: 	at net.minecraft.launchwrapper.Launch.launch(Launch.java:115)
[21:32:51] [main/INFO] [STDERR/]: [net.minecraftforge.fml.relauncher.ServerLaunchWrapper:run:67]: 	at net.minecraft.launchwrapper.Launch.main(Launch.java:28)
[21:32:51] [main/INFO] [STDERR/]: [net.minecraftforge.fml.relauncher.ServerLaunchWrapper:run:67]: 	... 6 more
[21:32:51] [main/INFO] [STDERR/]: [java.lang.Throwable:printStackTrace:643]: Caused by: java.lang.ClassNotFoundException: cpw.mods.fml.relauncher.IFMLLoadingPlugin
[21:32:51] [main/INFO] [STDERR/]: [java.lang.Throwable:printStackTrace:643]: 	at net.minecraft.launchwrapper.LaunchClassLoader.findClass(LaunchClassLoader.java:191)
[21:32:51] [main/INFO] [STDERR/]: [java.lang.Throwable:printStackTrace:643]: 	at java.lang.ClassLoader.loadClass(ClassLoader.java:424)
[21:32:51] [main/INFO] [STDERR/]: [java.lang.Throwable:printStackTrace:643]: 	at java.lang.ClassLoader.loadClass(ClassLoader.java:357)
[21:32:51] [main/INFO] [STDERR/]: [java.lang.Throwable:printStackTrace:643]: 	... 29 more
[21:32:51] [main/INFO] [STDERR/]: [java.lang.Throwable:printStackTrace:667]: Caused by: java.lang.NullPointerException
[21:32:51] [main/INFO] [STDERR/]: [java.lang.Throwable:printStackTrace:667]: 	at net.minecraft.launchwrapper.LaunchClassLoader.findClass(LaunchClassLoader.java:182)
[21:32:51] [main/INFO] [STDERR/]: [java.lang.Throwable:printStackTrace:667]: 	... 31 more
