[21:14:42] [Server thread/INFO]: Starting minecraft server version 1.11.2
[21:14:44] [Server thread/INFO]: Loading properties
[21:14:44] [Server thread/INFO]: Default game type: SURVIVAL
[21:14:44] [Server thread/INFO]: Generating keypair
[21:14:45] [Server thread/INFO]: Starting Minecraft server on *:25565
[21:14:45] [Server thread/INFO]: Using default channel type
[21:14:45] [Server thread/INFO]: Preparing level "world"
[21:14:46] [Server thread/INFO]: Preparing start region for level 0
[21:14:48] [Server thread/INFO]: Preparing spawn area: 0%
[21:14:49] [Server thread/INFO]: Preparing spawn area: 23%
[21:14:50] [Server thread/INFO]: Preparing spawn area: 60%
[21:14:51] [Server thread/INFO]: Done (5.445s)! For help, type "help" or "?"
[21:14:54] [Server thread/INFO]: Unknown command. Try /help for a list of commands
[21:14:55] [Server thread/INFO]: Stopping the server
[21:14:55] [Server thread/INFO]: Stopping server
[21:14:55] [Server thread/INFO]: Saving players
[21:14:55] [Server thread/INFO]: Saving worlds
[21:14:55] [Server thread/INFO]: Saving chunks for level 'world'/Overworld
[21:14:55] [Server thread/INFO]: Saving chunks for level 'world'/Nether
[21:14:55] [Server thread/INFO]: Saving chunks for level 'world'/The End
[21:14:56] [Server Shutdown Thread/INFO]: Stopping server
